<?xml version="1.0" encoding="UTF-8"?>
<testsuite xmlns:xsi="http://www.w3.org/2001/XMLSchema-instance" xsi:noNamespaceSchemaLocation="https://maven.apache.org/surefire/maven-surefire-plugin/xsd/surefire-test-report-3.0.xsd" version="3.0" name="runners.RunnerTest" time="708.514" tests="269" errors="0" skipped="34" failures="14">
  <properties>
[...]
</properties>
  <testcase name="Given I open Book Store" classname="Scenario: Add one book to the User`s Profile" time="0.003">
    <system-err><![CDATA[[main] INFO com.codeborne.selenide.impl.WebDriverThreadLocalContainer - No webdriver is bound to current thread: 1 - let's create a new webdriver
[main] INFO com.codeborne.selenide.impl.FileHelper - Creating folder: C:\Users\alexd\Projetos\BookStore_Cucumber\build\downloads\1702573718901_29552_1
[main] INFO com.codeborne.selenide.webdriver.SelenideNettyClientFactory - Changed readTimeout from PT3M to PT1M30S
[main] INFO com.codeborne.selenide.webdriver.SelenideNettyClientFactory - Changed readTimeout from PT3M to PT1M30S
Dec 14, 2023 6:08:47 PM org.openqa.selenium.devtools.CdpVersionFinder findNearestMatch
WARNING: Unable to find CDP implementation matching 120
Dec 14, 2023 6:08:47 PM org.openqa.selenium.chromium.ChromiumDriver lambda$new$5
WARNING: Unable to find version of CDP to use for 120.0.6099.71. You may need to include a dependency on a specific version of the CDP using something similar to `org.seleniumhq.selenium:selenium-devtools-v86:4.11.0` where the version ("v86") matches the version of the chromium-based browser you're using and the version number of the artifact is the same as Selenium's.
[main] INFO com.codeborne.selenide.webdriver.WebDriverFactory - BrowserName=chrome Version=120.0.6099.71 Platform=windows
[main] INFO com.codeborne.selenide.webdriver.WebDriverFactory - Selenide v. 6.17.0
[main] INFO com.codeborne.selenide.webdriver.WebDriverFactory - Selenium WebDriver v. 4.11.0 build revision: 040bc5406b
[main] INFO com.codeborne.selenide.drivercommands.CreateDriverCommand - Created webdriver in thread 1: ChromeDriver -> ChromeDriver: chrome on windows (a2b63a9d9726022c2518f0d181854ccc)
[main] INFO com.codeborne.selenide.drivercommands.DisposablesRegistry - Register WebDriverInstance[config=StaticConfig,webDriver=ChromeDriver: chrome on windows (a2b63a9d9726022c2518f0d181854ccc),proxy=null,downloadsFolder=C:\Users\alexd\Projetos\BookStore_Cucumber\build\downloads\1702573718901_29552_1] in 1 [size=1]
[main] INFO com.codeborne.selenide.drivercommands.DisposablesRegistry - Add shutdown hook in 1 [size=1]
]]></system-err>
  </testcase>
  <testcase name="Given I open Book Store" classname="Scenario: Add one book to the User`s Profile" time="0">
    <system-err><![CDATA[[main] INFO com.codeborne.selenide.impl.FileHelper - Deleted empty folder: C:\Users\alexd\Projetos\BookStore_Cucumber\build\downloads\1702573718901_29552_1
[main] INFO com.codeborne.selenide.drivercommands.CloseDriverCommand - Close webdriver: 1 -> ChromeDriver: chrome on windows (a2b63a9d9726022c2518f0d181854ccc)...
[AsyncHttpClient-1-4] WARN org.asynchttpclient.netty.handler.WebSocketHandler - onError
java.net.SocketException: Connection reset
	at java.base/sun.nio.ch.SocketChannelImpl.throwConnectionReset(SocketChannelImpl.java:401)
	at java.base/sun.nio.ch.SocketChannelImpl.read(SocketChannelImpl.java:434)
	at io.netty.buffer.PooledByteBuf.setBytes(PooledByteBuf.java:256)
	at io.netty.buffer.AbstractByteBuf.writeBytes(AbstractByteBuf.java:1132)
	at io.netty.channel.socket.nio.NioSocketChannel.doReadBytes(NioSocketChannel.java:357)
	at io.netty.channel.nio.AbstractNioByteChannel$NioByteUnsafe.read(AbstractNioByteChannel.java:151)
	at io.netty.channel.nio.NioEventLoop.processSelectedKey(NioEventLoop.java:788)
	at io.netty.channel.nio.NioEventLoop.processSelectedKeysOptimized(NioEventLoop.java:724)
	at io.netty.channel.nio.NioEventLoop.processSelectedKeys(NioEventLoop.java:650)
	at io.netty.channel.nio.NioEventLoop.run(NioEventLoop.java:562)
	at io.netty.util.concurrent.SingleThreadEventExecutor$4.run(SingleThreadEventExecutor.java:997)
	at io.netty.util.internal.ThreadExecutorMap$2.run(ThreadExecutorMap.java:74)
	at io.netty.util.concurrent.FastThreadLocalRunnable.run(FastThreadLocalRunnable.java:30)
	at java.base/java.lang.Thread.run(Thread.java:1589)
Dec 14, 2023 6:09:17 PM org.openqa.selenium.remote.http.WebSocket$Listener onError
WARNING: Connection reset
java.net.SocketException: Connection reset
	at java.base/sun.nio.ch.SocketChannelImpl.throwConnectionReset(SocketChannelImpl.java:401)
	at java.base/sun.nio.ch.SocketChannelImpl.read(SocketChannelImpl.java:434)
	at io.netty.buffer.PooledByteBuf.setBytes(PooledByteBuf.java:256)
	at io.netty.buffer.AbstractByteBuf.writeBytes(AbstractByteBuf.java:1132)
	at io.netty.channel.socket.nio.NioSocketChannel.doReadBytes(NioSocketChannel.java:357)
	at io.netty.channel.nio.AbstractNioByteChannel$NioByteUnsafe.read(AbstractNioByteChannel.java:151)
	at io.netty.channel.nio.NioEventLoop.processSelectedKey(NioEventLoop.java:788)
	at io.netty.channel.nio.NioEventLoop.processSelectedKeysOptimized(NioEventLoop.java:724)
	at io.netty.channel.nio.NioEventLoop.processSelectedKeys(NioEventLoop.java:650)
	at io.netty.channel.nio.NioEventLoop.run(NioEventLoop.java:562)
	at io.netty.util.concurrent.SingleThreadEventExecutor$4.run(SingleThreadEventExecutor.java:997)
	at io.netty.util.internal.ThreadExecutorMap$2.run(ThreadExecutorMap.java:74)
	at io.netty.util.concurrent.FastThreadLocalRunnable.run(FastThreadLocalRunnable.java:30)
	at java.base/java.lang.Thread.run(Thread.java:1589)

[main] INFO com.codeborne.selenide.drivercommands.CloseDriverCommand - Closed webdriver 1 in 777 ms
[main] INFO com.codeborne.selenide.drivercommands.DisposablesRegistry - Unregister WebDriverInstance[config=StaticConfig,webDriver=ChromeDriver: chrome on windows (null),proxy=null,downloadsFolder=C:\Users\alexd\Projetos\BookStore_Cucumber\build\downloads\1702573718901_29552_1] in 1 [size=0]
[main] INFO com.codeborne.selenide.impl.WebDriverThreadLocalContainer - No webdriver is bound to current thread: 1 - let's create a new webdriver
[main] INFO com.codeborne.selenide.impl.FileHelper - Creating folder: C:\Users\alexd\Projetos\BookStore_Cucumber\build\downloads\1702573758842_29552_1
[main] INFO com.codeborne.selenide.webdriver.SelenideNettyClientFactory - Changed readTimeout from PT3M to PT1M30S
[main] INFO com.codeborne.selenide.webdriver.SelenideNettyClientFactory - Changed readTimeout from PT3M to PT1M30S
Dec 14, 2023 6:09:22 PM org.openqa.selenium.devtools.CdpVersionFinder findNearestMatch
WARNING: Unable to find CDP implementation matching 120
Dec 14, 2023 6:09:22 PM org.openqa.selenium.chromium.ChromiumDriver lambda$new$5
WARNING: Unable to find version of CDP to use for 120.0.6099.71. You may need to include a dependency on a specific version of the CDP using something similar to `org.seleniumhq.selenium:selenium-devtools-v86:4.11.0` where the version ("v86") matches the version of the chromium-based browser you're using and the version number of the artifact is the same as Selenium's.
[main] INFO com.codeborne.selenide.webdriver.WebDriverFactory - BrowserName=chrome Version=120.0.6099.71 Platform=windows
[main] INFO com.codeborne.selenide.webdriver.WebDriverFactory - Selenide v. 6.17.0
[main] INFO com.codeborne.selenide.webdriver.WebDriverFactory - Selenium WebDriver v. 4.11.0 build revision: 040bc5406b
[main] INFO com.codeborne.selenide.drivercommands.CreateDriverCommand - Created webdriver in thread 1: ChromeDriver -> ChromeDriver: chrome on windows (1dc216d36bc604b8f21357ab6115da20)
[main] INFO com.codeborne.selenide.drivercommands.DisposablesRegistry - Register WebDriverInstance[config=StaticConfig,webDriver=ChromeDriver: chrome on windows (1dc216d36bc604b8f21357ab6115da20),proxy=null,downloadsFolder=C:\Users\alexd\Projetos\BookStore_Cucumber\build\downloads\1702573758842_29552_1] in 1 [size=1]
]]></system-err>
  </testcase>
  <testcase name="When I follow Login Link" classname="Scenario: Add one book to the User`s Profile" time="0"/>
  <testcase name="When I follow Login Link" classname="Scenario: Add one book to the User`s Profile" time="0"/>
  <testcase name="And I input &quot;Ronny&quot; to userName field" classname="Scenario: Add one book to the User`s Profile" time="0.001"/>
  <testcase name="And I input &quot;Ronny&quot; to userName field" classname="Scenario: Add one book to the User`s Profile" time="0"/>
  <testcase name="And I input &quot;123Ron321&amp;&quot; to password field" classname="Scenario: Add one book to the User`s Profile" time="0"/>
  <testcase name="And I input &quot;123Ron321&amp;&quot; to password field" classname="Scenario: Add one book to the User`s Profile" time="0"/>
  <testcase name="When I click the Login button" classname="Scenario: Add one book to the User`s Profile" time="0"/>
  <testcase name="When I click the Login button" classname="Scenario: Add one book to the User`s Profile" time="0"/>
  <testcase name="Then I am on the Profile page" classname="Scenario: Add one book to the User`s Profile" time="0"/>
  <testcase name="Then I am on the Profile page" classname="Scenario: Add one book to the User`s Profile" time="0"/>
  <testcase name="And I see the Profile Book Catalog empty" classname="Scenario: Add one book to the User`s Profile" time="0.007">
    <failure message="List size mismatch: expected: = 0, actual: 2, collection: [class =&apos;rt-tr-group&apos;].filter(not empty: attribute value=&quot;&quot; and exact text &quot;&quot;)&#10;Screenshot: file:/C:/Users/alexd/Projetos/BookStore_Cucumber/build/reports/tests/1702573756951.0.png&#10;Page source: file:/C:/Users/alexd/Projetos/BookStore_Cucumber/build/reports/tests/1702573756951.0.html&#10;Timeout: 4 s." type="List size mismatch"><![CDATA[List size mismatch: expected: = 0, actual: 2, collection: [class ='rt-tr-group'].filter(not empty: attribute value="" and exact text "")
Screenshot: file:/C:/Users/alexd/Projetos/BookStore_Cucumber/build/reports/tests/1702573756951.0.png
Page source: file:/C:/Users/alexd/Projetos/BookStore_Cucumber/build/reports/tests/1702573756951.0.html
Timeout: 4 s.
	at com.codeborne.selenide.collections.CollectionSizeCondition.fail(CollectionSizeCondition.java:40)
	at com.codeborne.selenide.collections.ListSize.fail(ListSize.java:6)
	at com.codeborne.selenide.ElementsCollection.waitUntil(ElementsCollection.java:200)
	at com.codeborne.selenide.ElementsCollection.should(ElementsCollection.java:145)
	at com.codeborne.selenide.ElementsCollection.shouldHave(ElementsCollection.java:119)
	at steps.ProfileSteps.iSeeTheProfileBookCatalogEmpty(ProfileSteps.java:19)
	at ✽.And I see the Profile Book Catalog empty(AddAndDeleteAllBooks.feature:11)
]]></failure>
  </testcase>
  <testcase name="And I see the Profile Book Catalog empty" classname="Scenario: Add one book to the User`s Profile" time="0.001">
    <failure message="List size mismatch: expected: = 0, actual: 2, collection: [class =&apos;rt-tr-group&apos;].filter(not empty: attribute value=&quot;&quot; and exact text &quot;&quot;)&#10;Screenshot: file:/C:/Users/alexd/Projetos/BookStore_Cucumber/build/reports/tests/1702573784832.1.png&#10;Page source: file:/C:/Users/alexd/Projetos/BookStore_Cucumber/build/reports/tests/1702573784832.1.html&#10;Timeout: 4 s." type="List size mismatch"><![CDATA[List size mismatch: expected: = 0, actual: 2, collection: [class ='rt-tr-group'].filter(not empty: attribute value="" and exact text "")
Screenshot: file:/C:/Users/alexd/Projetos/BookStore_Cucumber/build/reports/tests/1702573784832.1.png
Page source: file:/C:/Users/alexd/Projetos/BookStore_Cucumber/build/reports/tests/1702573784832.1.html
Timeout: 4 s.
	at com.codeborne.selenide.collections.CollectionSizeCondition.fail(CollectionSizeCondition.java:40)
	at com.codeborne.selenide.collections.ListSize.fail(ListSize.java:6)
	at com.codeborne.selenide.ElementsCollection.waitUntil(ElementsCollection.java:200)
	at com.codeborne.selenide.ElementsCollection.should(ElementsCollection.java:145)
	at com.codeborne.selenide.ElementsCollection.shouldHave(ElementsCollection.java:119)
	at steps.ProfileSteps.iSeeTheProfileBookCatalogEmpty(ProfileSteps.java:19)
	at ✽.And I see the Profile Book Catalog empty(AddAndDeleteOneBookTest.feature:11)
]]></failure>
  </testcase>
  <testcase name="" classname="Scenario: Add one book to the User`s Profile" time="0.008">
    <failure message="List size mismatch: expected: = 0, actual: 2, collection: [class =&apos;rt-tr-group&apos;].filter(not empty: attribute value=&quot;&quot; and exact text &quot;&quot;)&#10;Screenshot: file:/C:/Users/alexd/Projetos/BookStore_Cucumber/build/reports/tests/1702573756951.0.png&#10;Page source: file:/C:/Users/alexd/Projetos/BookStore_Cucumber/build/reports/tests/1702573756951.0.html&#10;Timeout: 4 s." type="List size mismatch"><![CDATA[List size mismatch: expected: = 0, actual: 2, collection: [class ='rt-tr-group'].filter(not empty: attribute value="" and exact text "")
Screenshot: file:/C:/Users/alexd/Projetos/BookStore_Cucumber/build/reports/tests/1702573756951.0.png
Page source: file:/C:/Users/alexd/Projetos/BookStore_Cucumber/build/reports/tests/1702573756951.0.html
Timeout: 4 s.
	at com.codeborne.selenide.collections.CollectionSizeCondition.fail(CollectionSizeCondition.java:40)
	at com.codeborne.selenide.collections.ListSize.fail(ListSize.java:6)
	at com.codeborne.selenide.ElementsCollection.waitUntil(ElementsCollection.java:200)
	at com.codeborne.selenide.ElementsCollection.should(ElementsCollection.java:145)
	at com.codeborne.selenide.ElementsCollection.shouldHave(ElementsCollection.java:119)
	at steps.ProfileSteps.iSeeTheProfileBookCatalogEmpty(ProfileSteps.java:19)
	at ✽.And I see the Profile Book Catalog empty(AddAndDeleteAllBooks.feature:11)
]]></failure>
  </testcase>
  <testcase name="" classname="Scenario: Add one book to the User`s Profile" time="0.003">
    <failure message="List size mismatch: expected: = 0, actual: 2, collection: [class =&apos;rt-tr-group&apos;].filter(not empty: attribute value=&quot;&quot; and exact text &quot;&quot;)&#10;Screenshot: file:/C:/Users/alexd/Projetos/BookStore_Cucumber/build/reports/tests/1702573784832.1.png&#10;Page source: file:/C:/Users/alexd/Projetos/BookStore_Cucumber/build/reports/tests/1702573784832.1.html&#10;Timeout: 4 s." type="List size mismatch"><![CDATA[List size mismatch: expected: = 0, actual: 2, collection: [class ='rt-tr-group'].filter(not empty: attribute value="" and exact text "")
Screenshot: file:/C:/Users/alexd/Projetos/BookStore_Cucumber/build/reports/tests/1702573784832.1.png
Page source: file:/C:/Users/alexd/Projetos/BookStore_Cucumber/build/reports/tests/1702573784832.1.html
Timeout: 4 s.
	at com.codeborne.selenide.collections.CollectionSizeCondition.fail(CollectionSizeCondition.java:40)
	at com.codeborne.selenide.collections.ListSize.fail(ListSize.java:6)
	at com.codeborne.selenide.ElementsCollection.waitUntil(ElementsCollection.java:200)
	at com.codeborne.selenide.ElementsCollection.should(ElementsCollection.java:145)
	at com.codeborne.selenide.ElementsCollection.shouldHave(ElementsCollection.java:119)
	at steps.ProfileSteps.iSeeTheProfileBookCatalogEmpty(ProfileSteps.java:19)
	at ✽.And I see the Profile Book Catalog empty(AddAndDeleteOneBookTest.feature:11)
]]></failure>
  </testcase>
  <testcase name="When I follow the Book Store Link" classname="Scenario: Add one book to the User`s Profile" time="0">
    <skipped/>
  </testcase>
  <testcase name="When I follow the Book Store Link" classname="Scenario: Add one book to the User`s Profile" time="0">
    <skipped/>
  </testcase>
  <testcase name="Then I am on the Book Store Page" classname="Scenario: Add one book to the User`s Profile" time="0">
    <skipped/>
  </testcase>
  <testcase name="Then I am on the Book Store Page" classname="Scenario: Add one book to the User`s Profile" time="0">
    <skipped/>
  </testcase>
  <testcase name="Then I am on the Book Store Page" classname="Scenario: Add one book to the User`s Profile" time="0">
    <skipped/>
  </testcase>
  <testcase name="When I click the &quot;Git Pocket Guide&quot; Title Link" classname="Scenario: Add one book to the User`s Profile" time="0">
    <skipped/>
  </testcase>
  <testcase name="Then I am on the Profile Book Detailed Information Page" classname="Scenario: Add one book to the User`s Profile" time="0">
    <skipped/>
  </testcase>
  <testcase name="Then I am on the Profile Book Detailed Information Page" classname="Scenario: Add one book to the User`s Profile" time="0">
    <skipped/>
  </testcase>
  <testcase name="Then I am on the Profile Book Detailed Information Page" classname="Scenario: Add one book to the User`s Profile" time="0">
    <skipped/>
  </testcase>
  <testcase name="And I see the detailed information about &quot;Git Pocket Guide&quot; book" classname="Scenario: Add one book to the User`s Profile" time="0">
    <skipped/>
  </testcase>
  <testcase name="When I click the Add To Your Collection button" classname="Scenario: Add one book to the User`s Profile" time="0">
    <skipped/>
  </testcase>
  <testcase name="When I click the Add To Your Collection button" classname="Scenario: Add one book to the User`s Profile" time="0">
    <skipped/>
  </testcase>
  <testcase name="When I click the Add To Your Collection button" classname="Scenario: Add one book to the User`s Profile" time="0">
    <skipped/>
  </testcase>
  <testcase name="And I confirm the alert message" classname="Scenario: Add one book to the User`s Profile" time="0">
    <skipped/>
  </testcase>
  <testcase name="And I confirm the alert message" classname="Scenario: Add one book to the User`s Profile" time="0">
    <skipped/>
  </testcase>
  <testcase name="And I confirm the alert message" classname="Scenario: Add one book to the User`s Profile" time="0">
    <skipped/>
  </testcase>
  <testcase name="And I click Back To Book Store button" classname="Scenario: Add one book to the User`s Profile" time="0">
    <skipped/>
  </testcase>
  <testcase name="When I click the &quot;Designing Evolvable Web APIs with ASP.NET&quot; Title Link" classname="Scenario: Add one book to the User`s Profile" time="0">
    <skipped/>
  </testcase>
  <testcase name="And I see the detailed information about &quot;Designing Evolvable Web APIs with ASP.NET&quot; book" classname="Scenario: Add one book to the User`s Profile" time="0">
    <skipped/>
  </testcase>
  <testcase name="And I follow the Profile link on the Sidebar" classname="Scenario: Add one book to the User`s Profile" time="0">
    <skipped/>
  </testcase>
  <testcase name="And I follow the Profile link on the Sidebar" classname="Scenario: Add one book to the User`s Profile" time="0">
    <skipped/>
  </testcase>
  <testcase name="Then I see the &quot;Git Pocket Guide&quot; book in User`s collection" classname="Scenario: Add one book to the User`s Profile" time="0">
    <skipped/>
  </testcase>
  <testcase name="And I see the &quot;Designing Evolvable Web APIs with ASP.NET&quot; book in User`s collection" classname="Scenario: Add one book to the User`s Profile" time="0">
    <skipped/>
  </testcase>
  <testcase name="And I see that there are only two books in User`s collection" classname="Scenario: Add one book to the User`s Profile" time="0">
    <skipped/>
  </testcase>
  <testcase name="When I click Delete All Books button" classname="Scenario: Add one book to the User`s Profile" time="0">
    <skipped/>
  </testcase>
  <testcase name="And I confirm the alert delete message" classname="Scenario: Add one book to the User`s Profile" time="0">
    <skipped/>
  </testcase>
  <testcase name="And I confirm the alert delete message" classname="Scenario: Add one book to the User`s Profile" time="0">
    <skipped/>
  </testcase>
  <testcase name="Then I see the Profile Book Catalog empty" classname="Scenario: Add one book to the User`s Profile" time="0">
    <skipped/>
  </testcase>
  <testcase name="Then I see the Profile Book Catalog empty" classname="Scenario: Add one book to the User`s Profile" time="0">
    <skipped/>
  </testcase>
  <testcase name="When I click the &quot;Learning JavaScript Design Patterns&quot; Title Link" classname="Scenario: Add one book to the User`s Profile" time="0">
    <skipped/>
  </testcase>
  <testcase name="And I see the detailed information about &quot;Learning JavaScript Design Patterns&quot; book" classname="Scenario: Add one book to the User`s Profile" time="0">
    <skipped/>
  </testcase>
  <testcase name="Then I see the &quot;Learning JavaScript Design Patterns&quot; book in User`s collection" classname="Scenario: Add one book to the User`s Profile" time="0">
    <skipped/>
  </testcase>
  <testcase name="And I see that the book is only one in User`s collection" classname="Scenario: Add one book to the User`s Profile" time="0">
    <skipped/>
  </testcase>
  <testcase name="When I click delete book icon" classname="Scenario: Add one book to the User`s Profile" time="0">
    <skipped/>
  </testcase>
  <testcase name="Given I open Book Store" classname="Scenario: Search book by title" time="0.001">
    <system-err><![CDATA[[main] INFO com.codeborne.selenide.impl.FileHelper - Deleted empty folder: C:\Users\alexd\Projetos\BookStore_Cucumber\build\downloads\1702573758842_29552_1
[main] INFO com.codeborne.selenide.drivercommands.CloseDriverCommand - Close webdriver: 1 -> ChromeDriver: chrome on windows (1dc216d36bc604b8f21357ab6115da20)...
[main] INFO com.codeborne.selenide.drivercommands.CloseDriverCommand - Closed webdriver 1 in 633 ms
[main] INFO com.codeborne.selenide.drivercommands.DisposablesRegistry - Unregister WebDriverInstance[config=StaticConfig,webDriver=ChromeDriver: chrome on windows (null),proxy=null,downloadsFolder=C:\Users\alexd\Projetos\BookStore_Cucumber\build\downloads\1702573758842_29552_1] in 1 [size=0]
[main] INFO com.codeborne.selenide.impl.WebDriverThreadLocalContainer - No webdriver is bound to current thread: 1 - let's create a new webdriver
[main] INFO com.codeborne.selenide.impl.FileHelper - Creating folder: C:\Users\alexd\Projetos\BookStore_Cucumber\build\downloads\1702573786221_29552_1
[main] INFO com.codeborne.selenide.webdriver.SelenideNettyClientFactory - Changed readTimeout from PT3M to PT1M30S
[main] INFO com.codeborne.selenide.webdriver.SelenideNettyClientFactory - Changed readTimeout from PT3M to PT1M30S
Dec 14, 2023 6:09:49 PM org.openqa.selenium.devtools.CdpVersionFinder findNearestMatch
WARNING: Unable to find CDP implementation matching 120
Dec 14, 2023 6:09:49 PM org.openqa.selenium.chromium.ChromiumDriver lambda$new$5
WARNING: Unable to find version of CDP to use for 120.0.6099.71. You may need to include a dependency on a specific version of the CDP using something similar to `org.seleniumhq.selenium:selenium-devtools-v86:4.11.0` where the version ("v86") matches the version of the chromium-based browser you're using and the version number of the artifact is the same as Selenium's.
[main] INFO com.codeborne.selenide.webdriver.WebDriverFactory - BrowserName=chrome Version=120.0.6099.71 Platform=windows
[main] INFO com.codeborne.selenide.webdriver.WebDriverFactory - Selenide v. 6.17.0
[main] INFO com.codeborne.selenide.webdriver.WebDriverFactory - Selenium WebDriver v. 4.11.0 build revision: 040bc5406b
[main] INFO com.codeborne.selenide.drivercommands.CreateDriverCommand - Created webdriver in thread 1: ChromeDriver -> ChromeDriver: chrome on windows (d5be3bdf60c158d6f6761e5fa49675bb)
[main] INFO com.codeborne.selenide.drivercommands.DisposablesRegistry - Register WebDriverInstance[config=StaticConfig,webDriver=ChromeDriver: chrome on windows (d5be3bdf60c158d6f6761e5fa49675bb),proxy=null,downloadsFolder=C:\Users\alexd\Projetos\BookStore_Cucumber\build\downloads\1702573786221_29552_1] in 1 [size=1]
]]></system-err>
  </testcase>
  <testcase name="Given I open Book Store" classname="Scenario: Search book by title" time="0">
    <system-err><![CDATA[[main] INFO com.codeborne.selenide.impl.WebDriverThreadLocalContainer - No webdriver is bound to current thread: 1 - let's create a new webdriver
[main] INFO com.codeborne.selenide.impl.FileHelper - Creating folder: C:\Users\alexd\Projetos\BookStore_Cucumber\build\downloads\1702574167311_29552_1
[main] INFO com.codeborne.selenide.webdriver.SelenideNettyClientFactory - Changed readTimeout from PT3M to PT1M30S
[main] INFO com.codeborne.selenide.webdriver.SelenideNettyClientFactory - Changed readTimeout from PT3M to PT1M30S
Dec 14, 2023 6:16:09 PM org.openqa.selenium.devtools.CdpVersionFinder findNearestMatch
WARNING: Unable to find CDP implementation matching 120
Dec 14, 2023 6:16:09 PM org.openqa.selenium.chromium.ChromiumDriver lambda$new$5
WARNING: Unable to find version of CDP to use for 120.0.6099.71. You may need to include a dependency on a specific version of the CDP using something similar to `org.seleniumhq.selenium:selenium-devtools-v86:4.11.0` where the version ("v86") matches the version of the chromium-based browser you're using and the version number of the artifact is the same as Selenium's.
[main] INFO com.codeborne.selenide.webdriver.WebDriverFactory - BrowserName=chrome Version=120.0.6099.71 Platform=windows
[main] INFO com.codeborne.selenide.webdriver.WebDriverFactory - Selenide v. 6.17.0
[main] INFO com.codeborne.selenide.webdriver.WebDriverFactory - Selenium WebDriver v. 4.11.0 build revision: 040bc5406b
[main] INFO com.codeborne.selenide.drivercommands.CreateDriverCommand - Created webdriver in thread 1: ChromeDriver -> ChromeDriver: chrome on windows (5b90979d6be18dd2ece80c36b0d89d6f)
[main] INFO com.codeborne.selenide.drivercommands.DisposablesRegistry - Register WebDriverInstance[config=StaticConfig,webDriver=ChromeDriver: chrome on windows (5b90979d6be18dd2ece80c36b0d89d6f),proxy=null,downloadsFolder=C:\Users\alexd\Projetos\BookStore_Cucumber\build\downloads\1702574167311_29552_1] in 1 [size=1]
]]></system-err>
  </testcase>
  <testcase name="When I input the title &quot;Speaking JavaScript&quot; in the search input field" classname="Scenario: Search book by title" time="0.001"/>
  <testcase name="Then I see the book &quot;Speaking JavaScript&quot; in Book Store Catalog" classname="Scenario: Search book by title" time="0"/>
  <testcase name="Then I see the book &quot;Speaking JavaScript&quot; in Book Store Catalog" classname="Scenario: Search book by title" time="0"/>
  <testcase name="And I see that the Book Store Catalog has only one book." classname="Scenario: Search book by title" time="0"/>
  <testcase name="And I see that the Book Store Catalog has only one book." classname="Scenario: Search book by title" time="0"/>
  <testcase name="" classname="Scenario: Search book by title" time="0.715">
    <system-err><![CDATA[[main] INFO com.codeborne.selenide.impl.FileHelper - Deleted empty folder: C:\Users\alexd\Projetos\BookStore_Cucumber\build\downloads\1702573786221_29552_1
[main] INFO com.codeborne.selenide.drivercommands.CloseDriverCommand - Close webdriver: 1 -> ChromeDriver: chrome on windows (d5be3bdf60c158d6f6761e5fa49675bb)...
[main] INFO com.codeborne.selenide.drivercommands.CloseDriverCommand - Closed webdriver 1 in 711 ms
[main] INFO com.codeborne.selenide.drivercommands.DisposablesRegistry - Unregister WebDriverInstance[config=StaticConfig,webDriver=ChromeDriver: chrome on windows (null),proxy=null,downloadsFolder=C:\Users\alexd\Projetos\BookStore_Cucumber\build\downloads\1702573786221_29552_1] in 1 [size=0]
]]></system-err>
  </testcase>
  <testcase name="" classname="Scenario: Search book by title" time="0.645">
    <system-err><![CDATA[[main] INFO com.codeborne.selenide.impl.FileHelper - Deleted empty folder: C:\Users\alexd\Projetos\BookStore_Cucumber\build\downloads\1702574167311_29552_1
[main] INFO com.codeborne.selenide.drivercommands.CloseDriverCommand - Close webdriver: 1 -> ChromeDriver: chrome on windows (5b90979d6be18dd2ece80c36b0d89d6f)...
[main] INFO com.codeborne.selenide.drivercommands.CloseDriverCommand - Closed webdriver 1 in 637 ms
[main] INFO com.codeborne.selenide.drivercommands.DisposablesRegistry - Unregister WebDriverInstance[config=StaticConfig,webDriver=ChromeDriver: chrome on windows (null),proxy=null,downloadsFolder=C:\Users\alexd\Projetos\BookStore_Cucumber\build\downloads\1702574167311_29552_1] in 1 [size=0]
]]></system-err>
  </testcase>
  <testcase name="When I follow Login Link" classname="Scenario: Search book by title" time="0"/>
  <testcase name="And I input &quot;Ronny&quot; to userName field" classname="Scenario: Search book by title" time="0"/>
  <testcase name="And I input &quot;123Ron321&amp;&quot; to password field" classname="Scenario: Search book by title" time="0"/>
  <testcase name="And I click the Login button" classname="Scenario: Search book by title" time="0"/>
  <testcase name="Then I am on the Profile page" classname="Scenario: Search book by title" time="0"/>
  <testcase name="When I follow the Book Store Link" classname="Scenario: Search book by title" time="0"/>
  <testcase name="And I input the title &quot;Speaking JavaScript&quot; in the search input field" classname="Scenario: Search book by title" time="0.001"/>
  <testcase name="Given I open Book Store" classname="Scenario: Search book by author" time="0">
    <system-err><![CDATA[[main] INFO com.codeborne.selenide.impl.WebDriverThreadLocalContainer - No webdriver is bound to current thread: 1 - let's create a new webdriver
[main] INFO com.codeborne.selenide.impl.FileHelper - Creating folder: C:\Users\alexd\Projetos\BookStore_Cucumber\build\downloads\1702573816392_29552_1
[main] INFO com.codeborne.selenide.webdriver.SelenideNettyClientFactory - Changed readTimeout from PT3M to PT1M30S
[main] INFO com.codeborne.selenide.webdriver.SelenideNettyClientFactory - Changed readTimeout from PT3M to PT1M30S
Dec 14, 2023 6:10:19 PM org.openqa.selenium.devtools.CdpVersionFinder findNearestMatch
WARNING: Unable to find CDP implementation matching 120
Dec 14, 2023 6:10:19 PM org.openqa.selenium.chromium.ChromiumDriver lambda$new$5
WARNING: Unable to find version of CDP to use for 120.0.6099.71. You may need to include a dependency on a specific version of the CDP using something similar to `org.seleniumhq.selenium:selenium-devtools-v86:4.11.0` where the version ("v86") matches the version of the chromium-based browser you're using and the version number of the artifact is the same as Selenium's.
[main] INFO com.codeborne.selenide.webdriver.WebDriverFactory - BrowserName=chrome Version=120.0.6099.71 Platform=windows
[main] INFO com.codeborne.selenide.webdriver.WebDriverFactory - Selenide v. 6.17.0
[main] INFO com.codeborne.selenide.webdriver.WebDriverFactory - Selenium WebDriver v. 4.11.0 build revision: 040bc5406b
[main] INFO com.codeborne.selenide.drivercommands.CreateDriverCommand - Created webdriver in thread 1: ChromeDriver -> ChromeDriver: chrome on windows (88e1926a8b4157fef924d76093af3975)
[main] INFO com.codeborne.selenide.drivercommands.DisposablesRegistry - Register WebDriverInstance[config=StaticConfig,webDriver=ChromeDriver: chrome on windows (88e1926a8b4157fef924d76093af3975),proxy=null,downloadsFolder=C:\Users\alexd\Projetos\BookStore_Cucumber\build\downloads\1702573816392_29552_1] in 1 [size=1]
]]></system-err>
  </testcase>
  <testcase name="Given I open Book Store" classname="Scenario: Search book by author" time="0">
    <system-err><![CDATA[[main] INFO com.codeborne.selenide.impl.WebDriverThreadLocalContainer - No webdriver is bound to current thread: 1 - let's create a new webdriver
[main] INFO com.codeborne.selenide.impl.FileHelper - Creating folder: C:\Users\alexd\Projetos\BookStore_Cucumber\build\downloads\1702574191927_29552_1
[main] INFO com.codeborne.selenide.webdriver.SelenideNettyClientFactory - Changed readTimeout from PT3M to PT1M30S
[main] INFO com.codeborne.selenide.webdriver.SelenideNettyClientFactory - Changed readTimeout from PT3M to PT1M30S
Dec 14, 2023 6:16:34 PM org.openqa.selenium.devtools.CdpVersionFinder findNearestMatch
WARNING: Unable to find CDP implementation matching 120
Dec 14, 2023 6:16:34 PM org.openqa.selenium.chromium.ChromiumDriver lambda$new$5
WARNING: Unable to find version of CDP to use for 120.0.6099.71. You may need to include a dependency on a specific version of the CDP using something similar to `org.seleniumhq.selenium:selenium-devtools-v86:4.11.0` where the version ("v86") matches the version of the chromium-based browser you're using and the version number of the artifact is the same as Selenium's.
[main] INFO com.codeborne.selenide.webdriver.WebDriverFactory - BrowserName=chrome Version=120.0.6099.71 Platform=windows
[main] INFO com.codeborne.selenide.webdriver.WebDriverFactory - Selenide v. 6.17.0
[main] INFO com.codeborne.selenide.webdriver.WebDriverFactory - Selenium WebDriver v. 4.11.0 build revision: 040bc5406b
[main] INFO com.codeborne.selenide.drivercommands.CreateDriverCommand - Created webdriver in thread 1: ChromeDriver -> ChromeDriver: chrome on windows (0c75abfdbfabf8592be8c4ebbef90f3c)
[main] INFO com.codeborne.selenide.drivercommands.DisposablesRegistry - Register WebDriverInstance[config=StaticConfig,webDriver=ChromeDriver: chrome on windows (0c75abfdbfabf8592be8c4ebbef90f3c),proxy=null,downloadsFolder=C:\Users\alexd\Projetos\BookStore_Cucumber\build\downloads\1702574191927_29552_1] in 1 [size=1]
]]></system-err>
  </testcase>
  <testcase name="When I input the author &quot;Kyle Simpson&quot; in the search input field" classname="Scenario: Search book by author" time="0"/>
  <testcase name="Then I see only the books by author &quot;Kyle Simpson&quot; in Book Store Catalog" classname="Scenario: Search book by author" time="0.001"/>
  <testcase name="Then I see only the books by author &quot;Kyle Simpson&quot; in Book Store Catalog" classname="Scenario: Search book by author" time="0"/>
  <testcase name="" classname="Scenario: Search book by author" time="0.639">
    <system-err><![CDATA[[main] INFO com.codeborne.selenide.impl.FileHelper - Deleted empty folder: C:\Users\alexd\Projetos\BookStore_Cucumber\build\downloads\1702573816392_29552_1
[main] INFO com.codeborne.selenide.drivercommands.CloseDriverCommand - Close webdriver: 1 -> ChromeDriver: chrome on windows (88e1926a8b4157fef924d76093af3975)...
[main] INFO com.codeborne.selenide.drivercommands.CloseDriverCommand - Closed webdriver 1 in 631 ms
[main] INFO com.codeborne.selenide.drivercommands.DisposablesRegistry - Unregister WebDriverInstance[config=StaticConfig,webDriver=ChromeDriver: chrome on windows (null),proxy=null,downloadsFolder=C:\Users\alexd\Projetos\BookStore_Cucumber\build\downloads\1702573816392_29552_1] in 1 [size=0]
]]></system-err>
  </testcase>
  <testcase name="" classname="Scenario: Search book by author" time="0.564">
    <system-err><![CDATA[[main] INFO com.codeborne.selenide.impl.FileHelper - Deleted empty folder: C:\Users\alexd\Projetos\BookStore_Cucumber\build\downloads\1702574191927_29552_1
[main] INFO com.codeborne.selenide.drivercommands.CloseDriverCommand - Close webdriver: 1 -> ChromeDriver: chrome on windows (0c75abfdbfabf8592be8c4ebbef90f3c)...
[main] INFO com.codeborne.selenide.drivercommands.CloseDriverCommand - Closed webdriver 1 in 560 ms
[main] INFO com.codeborne.selenide.drivercommands.DisposablesRegistry - Unregister WebDriverInstance[config=StaticConfig,webDriver=ChromeDriver: chrome on windows (null),proxy=null,downloadsFolder=C:\Users\alexd\Projetos\BookStore_Cucumber\build\downloads\1702574191927_29552_1] in 1 [size=0]
]]></system-err>
  </testcase>
  <testcase name="When I follow Login Link" classname="Scenario: Search book by author" time="0"/>
  <testcase name="And I input &quot;Ronny&quot; to userName field" classname="Scenario: Search book by author" time="0"/>
  <testcase name="And I input &quot;123Ron321&amp;&quot; to password field" classname="Scenario: Search book by author" time="0"/>
  <testcase name="And I click the Login button" classname="Scenario: Search book by author" time="0"/>
  <testcase name="Then I am on the Profile page" classname="Scenario: Search book by author" time="0"/>
  <testcase name="When I follow the Book Store Link" classname="Scenario: Search book by author" time="0"/>
  <testcase name="And I input the author &quot;Kyle Simpson&quot; in the search input field" classname="Scenario: Search book by author" time="0"/>
  <testcase name="Given I open Book Store" classname="Scenario: Search book by publisher" time="0">
    <system-err><![CDATA[[main] INFO com.codeborne.selenide.impl.WebDriverThreadLocalContainer - No webdriver is bound to current thread: 1 - let's create a new webdriver
[main] INFO com.codeborne.selenide.impl.FileHelper - Creating folder: C:\Users\alexd\Projetos\BookStore_Cucumber\build\downloads\1702573839187_29552_1
[main] INFO com.codeborne.selenide.webdriver.SelenideNettyClientFactory - Changed readTimeout from PT3M to PT1M30S
[main] INFO com.codeborne.selenide.webdriver.SelenideNettyClientFactory - Changed readTimeout from PT3M to PT1M30S
Dec 14, 2023 6:10:42 PM org.openqa.selenium.devtools.CdpVersionFinder findNearestMatch
WARNING: Unable to find CDP implementation matching 120
Dec 14, 2023 6:10:42 PM org.openqa.selenium.chromium.ChromiumDriver lambda$new$5
WARNING: Unable to find version of CDP to use for 120.0.6099.71. You may need to include a dependency on a specific version of the CDP using something similar to `org.seleniumhq.selenium:selenium-devtools-v86:4.11.0` where the version ("v86") matches the version of the chromium-based browser you're using and the version number of the artifact is the same as Selenium's.
[main] INFO com.codeborne.selenide.webdriver.WebDriverFactory - BrowserName=chrome Version=120.0.6099.71 Platform=windows
[main] INFO com.codeborne.selenide.webdriver.WebDriverFactory - Selenide v. 6.17.0
[main] INFO com.codeborne.selenide.webdriver.WebDriverFactory - Selenium WebDriver v. 4.11.0 build revision: 040bc5406b
[main] INFO com.codeborne.selenide.drivercommands.CreateDriverCommand - Created webdriver in thread 1: ChromeDriver -> ChromeDriver: chrome on windows (8a1debd03d312b2ba17e2609b59e26e4)
[main] INFO com.codeborne.selenide.drivercommands.DisposablesRegistry - Register WebDriverInstance[config=StaticConfig,webDriver=ChromeDriver: chrome on windows (8a1debd03d312b2ba17e2609b59e26e4),proxy=null,downloadsFolder=C:\Users\alexd\Projetos\BookStore_Cucumber\build\downloads\1702573839187_29552_1] in 1 [size=1]
]]></system-err>
  </testcase>
  <testcase name="Given I open Book Store" classname="Scenario: Search book by publisher" time="0">
    <system-err><![CDATA[[main] INFO com.codeborne.selenide.impl.WebDriverThreadLocalContainer - No webdriver is bound to current thread: 1 - let's create a new webdriver
[main] INFO com.codeborne.selenide.impl.FileHelper - Creating folder: C:\Users\alexd\Projetos\BookStore_Cucumber\build\downloads\1702574210137_29552_1
[main] INFO com.codeborne.selenide.webdriver.SelenideNettyClientFactory - Changed readTimeout from PT3M to PT1M30S
[main] INFO com.codeborne.selenide.webdriver.SelenideNettyClientFactory - Changed readTimeout from PT3M to PT1M30S
Dec 14, 2023 6:16:52 PM org.openqa.selenium.devtools.CdpVersionFinder findNearestMatch
WARNING: Unable to find CDP implementation matching 120
Dec 14, 2023 6:16:52 PM org.openqa.selenium.chromium.ChromiumDriver lambda$new$5
WARNING: Unable to find version of CDP to use for 120.0.6099.71. You may need to include a dependency on a specific version of the CDP using something similar to `org.seleniumhq.selenium:selenium-devtools-v86:4.11.0` where the version ("v86") matches the version of the chromium-based browser you're using and the version number of the artifact is the same as Selenium's.
[main] INFO com.codeborne.selenide.webdriver.WebDriverFactory - BrowserName=chrome Version=120.0.6099.71 Platform=windows
[main] INFO com.codeborne.selenide.webdriver.WebDriverFactory - Selenide v. 6.17.0
[main] INFO com.codeborne.selenide.webdriver.WebDriverFactory - Selenium WebDriver v. 4.11.0 build revision: 040bc5406b
[main] INFO com.codeborne.selenide.drivercommands.CreateDriverCommand - Created webdriver in thread 1: ChromeDriver -> ChromeDriver: chrome on windows (ebb42b01490fbc9c116df616d81891a8)
[main] INFO com.codeborne.selenide.drivercommands.DisposablesRegistry - Register WebDriverInstance[config=StaticConfig,webDriver=ChromeDriver: chrome on windows (ebb42b01490fbc9c116df616d81891a8),proxy=null,downloadsFolder=C:\Users\alexd\Projetos\BookStore_Cucumber\build\downloads\1702574210137_29552_1] in 1 [size=1]
]]></system-err>
  </testcase>
  <testcase name="When I input the publisher &quot;No Starch Press&quot; in the search input field" classname="Scenario: Search book by publisher" time="0.001"/>
  <testcase name="Then I see only the books by publisher &quot;No Starch Press&quot; in Book Store Catalog" classname="Scenario: Search book by publisher" time="0"/>
  <testcase name="Then I see only the books by publisher &quot;No Starch Press&quot; in Book Store Catalog" classname="Scenario: Search book by publisher" time="0"/>
  <testcase name="" classname="Scenario: Search book by publisher" time="0.658">
    <system-err><![CDATA[[main] INFO com.codeborne.selenide.impl.FileHelper - Deleted empty folder: C:\Users\alexd\Projetos\BookStore_Cucumber\build\downloads\1702573839187_29552_1
[main] INFO com.codeborne.selenide.drivercommands.CloseDriverCommand - Close webdriver: 1 -> ChromeDriver: chrome on windows (8a1debd03d312b2ba17e2609b59e26e4)...
[main] INFO com.codeborne.selenide.drivercommands.CloseDriverCommand - Closed webdriver 1 in 648 ms
[main] INFO com.codeborne.selenide.drivercommands.DisposablesRegistry - Unregister WebDriverInstance[config=StaticConfig,webDriver=ChromeDriver: chrome on windows (null),proxy=null,downloadsFolder=C:\Users\alexd\Projetos\BookStore_Cucumber\build\downloads\1702573839187_29552_1] in 1 [size=0]
]]></system-err>
  </testcase>
  <testcase name="" classname="Scenario: Search book by publisher" time="0.498">
    <system-err><![CDATA[[main] INFO com.codeborne.selenide.impl.FileHelper - Deleted empty folder: C:\Users\alexd\Projetos\BookStore_Cucumber\build\downloads\1702574210137_29552_1
[main] INFO com.codeborne.selenide.drivercommands.CloseDriverCommand - Close webdriver: 1 -> ChromeDriver: chrome on windows (ebb42b01490fbc9c116df616d81891a8)...
[main] INFO com.codeborne.selenide.drivercommands.CloseDriverCommand - Closed webdriver 1 in 492 ms
[main] INFO com.codeborne.selenide.drivercommands.DisposablesRegistry - Unregister WebDriverInstance[config=StaticConfig,webDriver=ChromeDriver: chrome on windows (null),proxy=null,downloadsFolder=C:\Users\alexd\Projetos\BookStore_Cucumber\build\downloads\1702574210137_29552_1] in 1 [size=0]
]]></system-err>
  </testcase>
  <testcase name="When I follow Login Link" classname="Scenario: Search book by publisher" time="0"/>
  <testcase name="And I input &quot;Ronny&quot; to userName field" classname="Scenario: Search book by publisher" time="0"/>
  <testcase name="And I input &quot;123Ron321&amp;&quot; to password field" classname="Scenario: Search book by publisher" time="0"/>
  <testcase name="And I click the Login button" classname="Scenario: Search book by publisher" time="0"/>
  <testcase name="Then I am on the Profile page" classname="Scenario: Search book by publisher" time="0"/>
  <testcase name="When I follow the Book Store Link" classname="Scenario: Search book by publisher" time="0"/>
  <testcase name="And I input the publisher &quot;No Starch Press&quot; in the search input field" classname="Scenario: Search book by publisher" time="0"/>
  <testcase name="Given I open Book Store" classname="Scenario: Sort books by title A_Z" time="0">
    <system-err><![CDATA[[main] INFO com.codeborne.selenide.impl.WebDriverThreadLocalContainer - No webdriver is bound to current thread: 1 - let's create a new webdriver
[main] INFO com.codeborne.selenide.impl.FileHelper - Creating folder: C:\Users\alexd\Projetos\BookStore_Cucumber\build\downloads\1702573863361_29552_1
[main] INFO com.codeborne.selenide.webdriver.SelenideNettyClientFactory - Changed readTimeout from PT3M to PT1M30S
[main] INFO com.codeborne.selenide.webdriver.SelenideNettyClientFactory - Changed readTimeout from PT3M to PT1M30S
Dec 14, 2023 6:11:06 PM org.openqa.selenium.devtools.CdpVersionFinder findNearestMatch
WARNING: Unable to find CDP implementation matching 120
Dec 14, 2023 6:11:06 PM org.openqa.selenium.chromium.ChromiumDriver lambda$new$5
WARNING: Unable to find version of CDP to use for 120.0.6099.71. You may need to include a dependency on a specific version of the CDP using something similar to `org.seleniumhq.selenium:selenium-devtools-v86:4.11.0` where the version ("v86") matches the version of the chromium-based browser you're using and the version number of the artifact is the same as Selenium's.
[main] INFO com.codeborne.selenide.webdriver.WebDriverFactory - BrowserName=chrome Version=120.0.6099.71 Platform=windows
[main] INFO com.codeborne.selenide.webdriver.WebDriverFactory - Selenide v. 6.17.0
[main] INFO com.codeborne.selenide.webdriver.WebDriverFactory - Selenium WebDriver v. 4.11.0 build revision: 040bc5406b
[main] INFO com.codeborne.selenide.drivercommands.CreateDriverCommand - Created webdriver in thread 1: ChromeDriver -> ChromeDriver: chrome on windows (17bec817b71f4be9246ca08485cb59a0)
[main] INFO com.codeborne.selenide.drivercommands.DisposablesRegistry - Register WebDriverInstance[config=StaticConfig,webDriver=ChromeDriver: chrome on windows (17bec817b71f4be9246ca08485cb59a0),proxy=null,downloadsFolder=C:\Users\alexd\Projetos\BookStore_Cucumber\build\downloads\1702573863361_29552_1] in 1 [size=1]
]]></system-err>
  </testcase>
  <testcase name="Given I open Book Store" classname="Scenario: Sort books by title A_Z" time="0">
    <system-err><![CDATA[[main] INFO com.codeborne.selenide.impl.FileHelper - Deleted empty folder: C:\Users\alexd\Projetos\BookStore_Cucumber\build\downloads\1702574231322_29552_1
[main] INFO com.codeborne.selenide.drivercommands.CloseDriverCommand - Close webdriver: 1 -> ChromeDriver: chrome on windows (162296046d448c2f01f37bec35dad7a1)...
[main] INFO com.codeborne.selenide.drivercommands.CloseDriverCommand - Closed webdriver 1 in 431 ms
[main] INFO com.codeborne.selenide.drivercommands.DisposablesRegistry - Unregister WebDriverInstance[config=StaticConfig,webDriver=ChromeDriver: chrome on windows (null),proxy=null,downloadsFolder=C:\Users\alexd\Projetos\BookStore_Cucumber\build\downloads\1702574231322_29552_1] in 1 [size=0]
[main] INFO com.codeborne.selenide.impl.WebDriverThreadLocalContainer - No webdriver is bound to current thread: 1 - let's create a new webdriver
[main] INFO com.codeborne.selenide.impl.FileHelper - Creating folder: C:\Users\alexd\Projetos\BookStore_Cucumber\build\downloads\1702574253059_29552_1
[main] INFO com.codeborne.selenide.webdriver.SelenideNettyClientFactory - Changed readTimeout from PT3M to PT1M30S
[main] INFO com.codeborne.selenide.webdriver.SelenideNettyClientFactory - Changed readTimeout from PT3M to PT1M30S
Dec 14, 2023 6:17:35 PM org.openqa.selenium.devtools.CdpVersionFinder findNearestMatch
WARNING: Unable to find CDP implementation matching 120
Dec 14, 2023 6:17:35 PM org.openqa.selenium.chromium.ChromiumDriver lambda$new$5
WARNING: Unable to find version of CDP to use for 120.0.6099.71. You may need to include a dependency on a specific version of the CDP using something similar to `org.seleniumhq.selenium:selenium-devtools-v86:4.11.0` where the version ("v86") matches the version of the chromium-based browser you're using and the version number of the artifact is the same as Selenium's.
[main] INFO com.codeborne.selenide.webdriver.WebDriverFactory - BrowserName=chrome Version=120.0.6099.71 Platform=windows
[main] INFO com.codeborne.selenide.webdriver.WebDriverFactory - Selenide v. 6.17.0
[main] INFO com.codeborne.selenide.webdriver.WebDriverFactory - Selenium WebDriver v. 4.11.0 build revision: 040bc5406b
[main] INFO com.codeborne.selenide.drivercommands.CreateDriverCommand - Created webdriver in thread 1: ChromeDriver -> ChromeDriver: chrome on windows (a5b5b0fdc853f1ad0d92dcecdcdb53d9)
[main] INFO com.codeborne.selenide.drivercommands.DisposablesRegistry - Register WebDriverInstance[config=StaticConfig,webDriver=ChromeDriver: chrome on windows (a5b5b0fdc853f1ad0d92dcecdcdb53d9),proxy=null,downloadsFolder=C:\Users\alexd\Projetos\BookStore_Cucumber\build\downloads\1702574253059_29552_1] in 1 [size=1]
]]></system-err>
  </testcase>
  <testcase name="When I click the Title Header" classname="Scenario: Sort books by title A_Z" time="0"/>
  <testcase name="When I click the Title Header" classname="Scenario: Sort books by title A_Z" time="0"/>
  <testcase name="Then I see the books sorted in A_Z order" classname="Scenario: Sort books by title A_Z" time="0">
    <failure message="expected:&lt;[Designing Evolvable Web APIs with ASP.NET, Eloquent JavaScript, Second Edition, Git Pocket Guide, Learning JavaScript Design Patterns, Programming JavaScript Applications, Speaking JavaScript, Understanding ECMAScript 6, You Don&apos;t Know JS]&gt; but was:&lt;[Git Pocket Guide, Learning JavaScript Design Patterns, Designing Evolvable Web APIs with ASP.NET, Speaking JavaScript, You Don&apos;t Know JS, Programming JavaScript Applications, Eloquent JavaScript, Second Edition, Understanding ECMAScript 6]&gt;" type="java.lang.AssertionError"><![CDATA[java.lang.AssertionError: expected:<[Designing Evolvable Web APIs with ASP.NET, Eloquent JavaScript, Second Edition, Git Pocket Guide, Learning JavaScript Design Patterns, Programming JavaScript Applications, Speaking JavaScript, Understanding ECMAScript 6, You Don't Know JS]> but was:<[Git Pocket Guide, Learning JavaScript Design Patterns, Designing Evolvable Web APIs with ASP.NET, Speaking JavaScript, You Don't Know JS, Programming JavaScript Applications, Eloquent JavaScript, Second Edition, Understanding ECMAScript 6]>
	at org.junit.Assert.fail(Assert.java:88)
	at org.junit.Assert.failNotEquals(Assert.java:834)
	at org.junit.Assert.assertEquals(Assert.java:118)
	at org.junit.Assert.assertEquals(Assert.java:144)
	at steps.BookStoreSteps.iSeeTheBooksSortedInA_ZOrder(BookStoreSteps.java:83)
	at ✽.Then I see the books sorted in A_Z order(BookStoreSortTest.feature:10)
]]></failure>
  </testcase>
  <testcase name="Then I see the books sorted in A_Z order" classname="Scenario: Sort books by title A_Z" time="0.001">
    <failure message="expected:&lt;[Designing Evolvable Web APIs with ASP.NET, Eloquent JavaScript, Second Edition, Git Pocket Guide, Learning JavaScript Design Patterns, Programming JavaScript Applications, Speaking JavaScript, Understanding ECMAScript 6, You Don&apos;t Know JS]&gt; but was:&lt;[Git Pocket Guide, Learning JavaScript Design Patterns, Designing Evolvable Web APIs with ASP.NET, Speaking JavaScript, You Don&apos;t Know JS, Programming JavaScript Applications, Eloquent JavaScript, Second Edition, Understanding ECMAScript 6]&gt;" type="java.lang.AssertionError"><![CDATA[java.lang.AssertionError: expected:<[Designing Evolvable Web APIs with ASP.NET, Eloquent JavaScript, Second Edition, Git Pocket Guide, Learning JavaScript Design Patterns, Programming JavaScript Applications, Speaking JavaScript, Understanding ECMAScript 6, You Don't Know JS]> but was:<[Git Pocket Guide, Learning JavaScript Design Patterns, Designing Evolvable Web APIs with ASP.NET, Speaking JavaScript, You Don't Know JS, Programming JavaScript Applications, Eloquent JavaScript, Second Edition, Understanding ECMAScript 6]>
	at org.junit.Assert.fail(Assert.java:88)
	at org.junit.Assert.failNotEquals(Assert.java:834)
	at org.junit.Assert.assertEquals(Assert.java:118)
	at org.junit.Assert.assertEquals(Assert.java:144)
	at steps.BookStoreSteps.iSeeTheBooksSortedInA_ZOrder(BookStoreSteps.java:83)
	at ✽.Then I see the books sorted in A_Z order(RegisteredUserSort.feature:16)
]]></failure>
  </testcase>
  <testcase name="" classname="Scenario: Sort books by title A_Z" time="0.002">
    <failure message="expected:&lt;[Designing Evolvable Web APIs with ASP.NET, Eloquent JavaScript, Second Edition, Git Pocket Guide, Learning JavaScript Design Patterns, Programming JavaScript Applications, Speaking JavaScript, Understanding ECMAScript 6, You Don&apos;t Know JS]&gt; but was:&lt;[Git Pocket Guide, Learning JavaScript Design Patterns, Designing Evolvable Web APIs with ASP.NET, Speaking JavaScript, You Don&apos;t Know JS, Programming JavaScript Applications, Eloquent JavaScript, Second Edition, Understanding ECMAScript 6]&gt;" type="java.lang.AssertionError"><![CDATA[java.lang.AssertionError: expected:<[Designing Evolvable Web APIs with ASP.NET, Eloquent JavaScript, Second Edition, Git Pocket Guide, Learning JavaScript Design Patterns, Programming JavaScript Applications, Speaking JavaScript, Understanding ECMAScript 6, You Don't Know JS]> but was:<[Git Pocket Guide, Learning JavaScript Design Patterns, Designing Evolvable Web APIs with ASP.NET, Speaking JavaScript, You Don't Know JS, Programming JavaScript Applications, Eloquent JavaScript, Second Edition, Understanding ECMAScript 6]>
	at org.junit.Assert.fail(Assert.java:88)
	at org.junit.Assert.failNotEquals(Assert.java:834)
	at org.junit.Assert.assertEquals(Assert.java:118)
	at org.junit.Assert.assertEquals(Assert.java:144)
	at steps.BookStoreSteps.iSeeTheBooksSortedInA_ZOrder(BookStoreSteps.java:83)
	at ✽.Then I see the books sorted in A_Z order(BookStoreSortTest.feature:10)
]]></failure>
  </testcase>
  <testcase name="" classname="Scenario: Sort books by title A_Z" time="0.002">
    <failure message="expected:&lt;[Designing Evolvable Web APIs with ASP.NET, Eloquent JavaScript, Second Edition, Git Pocket Guide, Learning JavaScript Design Patterns, Programming JavaScript Applications, Speaking JavaScript, Understanding ECMAScript 6, You Don&apos;t Know JS]&gt; but was:&lt;[Git Pocket Guide, Learning JavaScript Design Patterns, Designing Evolvable Web APIs with ASP.NET, Speaking JavaScript, You Don&apos;t Know JS, Programming JavaScript Applications, Eloquent JavaScript, Second Edition, Understanding ECMAScript 6]&gt;" type="java.lang.AssertionError"><![CDATA[java.lang.AssertionError: expected:<[Designing Evolvable Web APIs with ASP.NET, Eloquent JavaScript, Second Edition, Git Pocket Guide, Learning JavaScript Design Patterns, Programming JavaScript Applications, Speaking JavaScript, Understanding ECMAScript 6, You Don't Know JS]> but was:<[Git Pocket Guide, Learning JavaScript Design Patterns, Designing Evolvable Web APIs with ASP.NET, Speaking JavaScript, You Don't Know JS, Programming JavaScript Applications, Eloquent JavaScript, Second Edition, Understanding ECMAScript 6]>
	at org.junit.Assert.fail(Assert.java:88)
	at org.junit.Assert.failNotEquals(Assert.java:834)
	at org.junit.Assert.assertEquals(Assert.java:118)
	at org.junit.Assert.assertEquals(Assert.java:144)
	at steps.BookStoreSteps.iSeeTheBooksSortedInA_ZOrder(BookStoreSteps.java:83)
	at ✽.Then I see the books sorted in A_Z order(RegisteredUserSort.feature:16)
]]></failure>
  </testcase>
  <testcase name="When I follow Login Link" classname="Scenario: Sort books by title A_Z" time="0"/>
  <testcase name="And I input &quot;Ronny&quot; to userName field" classname="Scenario: Sort books by title A_Z" time="0"/>
  <testcase name="And I input &quot;123Ron321&amp;&quot; to password field" classname="Scenario: Sort books by title A_Z" time="0"/>
  <testcase name="And I click the Login button" classname="Scenario: Sort books by title A_Z" time="0"/>
  <testcase name="Then I am on the Profile page" classname="Scenario: Sort books by title A_Z" time="0"/>
  <testcase name="When I follow the Book Store Link" classname="Scenario: Sort books by title A_Z" time="0"/>
  <testcase name="Then I am on the Book Store Page" classname="Scenario: Sort books by title A_Z" time="0"/>
  <testcase name="Given I open Book Store" classname="Scenario: Sort books by title Z_A" time="0">
    <system-err><![CDATA[[main] INFO com.codeborne.selenide.impl.FileHelper - Deleted empty folder: C:\Users\alexd\Projetos\BookStore_Cucumber\build\downloads\1702573863361_29552_1
[main] INFO com.codeborne.selenide.drivercommands.CloseDriverCommand - Close webdriver: 1 -> ChromeDriver: chrome on windows (17bec817b71f4be9246ca08485cb59a0)...
[main] INFO com.codeborne.selenide.drivercommands.CloseDriverCommand - Closed webdriver 1 in 657 ms
[main] INFO com.codeborne.selenide.drivercommands.DisposablesRegistry - Unregister WebDriverInstance[config=StaticConfig,webDriver=ChromeDriver: chrome on windows (null),proxy=null,downloadsFolder=C:\Users\alexd\Projetos\BookStore_Cucumber\build\downloads\1702573863361_29552_1] in 1 [size=0]
[main] INFO com.codeborne.selenide.impl.WebDriverThreadLocalContainer - No webdriver is bound to current thread: 1 - let's create a new webdriver
[main] INFO com.codeborne.selenide.impl.FileHelper - Creating folder: C:\Users\alexd\Projetos\BookStore_Cucumber\build\downloads\1702573882658_29552_1
[main] INFO com.codeborne.selenide.webdriver.SelenideNettyClientFactory - Changed readTimeout from PT3M to PT1M30S
[main] INFO com.codeborne.selenide.webdriver.SelenideNettyClientFactory - Changed readTimeout from PT3M to PT1M30S
Dec 14, 2023 6:11:25 PM org.openqa.selenium.devtools.CdpVersionFinder findNearestMatch
WARNING: Unable to find CDP implementation matching 120
Dec 14, 2023 6:11:25 PM org.openqa.selenium.chromium.ChromiumDriver lambda$new$5
WARNING: Unable to find version of CDP to use for 120.0.6099.71. You may need to include a dependency on a specific version of the CDP using something similar to `org.seleniumhq.selenium:selenium-devtools-v86:4.11.0` where the version ("v86") matches the version of the chromium-based browser you're using and the version number of the artifact is the same as Selenium's.
[main] INFO com.codeborne.selenide.webdriver.WebDriverFactory - BrowserName=chrome Version=120.0.6099.71 Platform=windows
[main] INFO com.codeborne.selenide.webdriver.WebDriverFactory - Selenide v. 6.17.0
[main] INFO com.codeborne.selenide.webdriver.WebDriverFactory - Selenium WebDriver v. 4.11.0 build revision: 040bc5406b
[main] INFO com.codeborne.selenide.drivercommands.CreateDriverCommand - Created webdriver in thread 1: ChromeDriver -> ChromeDriver: chrome on windows (786f8ceb6552ae58db4501df8119bcb4)
[main] INFO com.codeborne.selenide.drivercommands.DisposablesRegistry - Register WebDriverInstance[config=StaticConfig,webDriver=ChromeDriver: chrome on windows (786f8ceb6552ae58db4501df8119bcb4),proxy=null,downloadsFolder=C:\Users\alexd\Projetos\BookStore_Cucumber\build\downloads\1702573882658_29552_1] in 1 [size=1]
]]></system-err>
  </testcase>
  <testcase name="Given I open Book Store" classname="Scenario: Sort books by title Z_A" time="0">
    <system-err><![CDATA[[main] INFO com.codeborne.selenide.impl.FileHelper - Deleted empty folder: C:\Users\alexd\Projetos\BookStore_Cucumber\build\downloads\1702574253059_29552_1
[main] INFO com.codeborne.selenide.drivercommands.CloseDriverCommand - Close webdriver: 1 -> ChromeDriver: chrome on windows (a5b5b0fdc853f1ad0d92dcecdcdb53d9)...
[main] INFO com.codeborne.selenide.drivercommands.CloseDriverCommand - Closed webdriver 1 in 551 ms
[main] INFO com.codeborne.selenide.drivercommands.DisposablesRegistry - Unregister WebDriverInstance[config=StaticConfig,webDriver=ChromeDriver: chrome on windows (null),proxy=null,downloadsFolder=C:\Users\alexd\Projetos\BookStore_Cucumber\build\downloads\1702574253059_29552_1] in 1 [size=0]
[main] INFO com.codeborne.selenide.impl.WebDriverThreadLocalContainer - No webdriver is bound to current thread: 1 - let's create a new webdriver
[main] INFO com.codeborne.selenide.impl.FileHelper - Creating folder: C:\Users\alexd\Projetos\BookStore_Cucumber\build\downloads\1702574276276_29552_1
[main] INFO com.codeborne.selenide.webdriver.SelenideNettyClientFactory - Changed readTimeout from PT3M to PT1M30S
[main] INFO com.codeborne.selenide.webdriver.SelenideNettyClientFactory - Changed readTimeout from PT3M to PT1M30S
Dec 14, 2023 6:17:58 PM org.openqa.selenium.devtools.CdpVersionFinder findNearestMatch
WARNING: Unable to find CDP implementation matching 120
Dec 14, 2023 6:17:58 PM org.openqa.selenium.chromium.ChromiumDriver lambda$new$5
WARNING: Unable to find version of CDP to use for 120.0.6099.71. You may need to include a dependency on a specific version of the CDP using something similar to `org.seleniumhq.selenium:selenium-devtools-v86:4.11.0` where the version ("v86") matches the version of the chromium-based browser you're using and the version number of the artifact is the same as Selenium's.
[main] INFO com.codeborne.selenide.webdriver.WebDriverFactory - BrowserName=chrome Version=120.0.6099.71 Platform=windows
[main] INFO com.codeborne.selenide.webdriver.WebDriverFactory - Selenide v. 6.17.0
[main] INFO com.codeborne.selenide.webdriver.WebDriverFactory - Selenium WebDriver v. 4.11.0 build revision: 040bc5406b
[main] INFO com.codeborne.selenide.drivercommands.CreateDriverCommand - Created webdriver in thread 1: ChromeDriver -> ChromeDriver: chrome on windows (976599204acbb99144744ca87ffea2e2)
[main] INFO com.codeborne.selenide.drivercommands.DisposablesRegistry - Register WebDriverInstance[config=StaticConfig,webDriver=ChromeDriver: chrome on windows (976599204acbb99144744ca87ffea2e2),proxy=null,downloadsFolder=C:\Users\alexd\Projetos\BookStore_Cucumber\build\downloads\1702574276276_29552_1] in 1 [size=1]
]]></system-err>
  </testcase>
  <testcase name="When I double click the Title Header" classname="Scenario: Sort books by title Z_A" time="0"/>
  <testcase name="When I double click the Title Header" classname="Scenario: Sort books by title Z_A" time="0"/>
  <testcase name="Then I see the books sorted in Z_A order" classname="Scenario: Sort books by title Z_A" time="0.003">
    <failure message="expected:&lt;[You Don&apos;t Know JS, Understanding ECMAScript 6, Speaking JavaScript, Programming JavaScript Applications, Learning JavaScript Design Patterns, Git Pocket Guide, Eloquent JavaScript, Second Edition, Designing Evolvable Web APIs with ASP.NET]&gt; but was:&lt;[Understanding ECMAScript 6, Eloquent JavaScript, Second Edition, Programming JavaScript Applications, You Don&apos;t Know JS, Speaking JavaScript, Designing Evolvable Web APIs with ASP.NET, Learning JavaScript Design Patterns, Git Pocket Guide]&gt;" type="java.lang.AssertionError"><![CDATA[java.lang.AssertionError: expected:<[You Don't Know JS, Understanding ECMAScript 6, Speaking JavaScript, Programming JavaScript Applications, Learning JavaScript Design Patterns, Git Pocket Guide, Eloquent JavaScript, Second Edition, Designing Evolvable Web APIs with ASP.NET]> but was:<[Understanding ECMAScript 6, Eloquent JavaScript, Second Edition, Programming JavaScript Applications, You Don't Know JS, Speaking JavaScript, Designing Evolvable Web APIs with ASP.NET, Learning JavaScript Design Patterns, Git Pocket Guide]>
	at org.junit.Assert.fail(Assert.java:88)
	at org.junit.Assert.failNotEquals(Assert.java:834)
	at org.junit.Assert.assertEquals(Assert.java:118)
	at org.junit.Assert.assertEquals(Assert.java:144)
	at steps.BookStoreSteps.iSeeTheBooksSortedInZ_AOrder(BookStoreSteps.java:96)
	at ✽.Then I see the books sorted in Z_A order(BookStoreSortTest.feature:15)
]]></failure>
  </testcase>
  <testcase name="Then I see the books sorted in Z_A order" classname="Scenario: Sort books by title Z_A" time="0.001">
    <failure message="expected:&lt;[You Don&apos;t Know JS, Understanding ECMAScript 6, Speaking JavaScript, Programming JavaScript Applications, Learning JavaScript Design Patterns, Git Pocket Guide, Eloquent JavaScript, Second Edition, Designing Evolvable Web APIs with ASP.NET]&gt; but was:&lt;[Understanding ECMAScript 6, Eloquent JavaScript, Second Edition, Programming JavaScript Applications, You Don&apos;t Know JS, Speaking JavaScript, Designing Evolvable Web APIs with ASP.NET, Learning JavaScript Design Patterns, Git Pocket Guide]&gt;" type="java.lang.AssertionError"><![CDATA[java.lang.AssertionError: expected:<[You Don't Know JS, Understanding ECMAScript 6, Speaking JavaScript, Programming JavaScript Applications, Learning JavaScript Design Patterns, Git Pocket Guide, Eloquent JavaScript, Second Edition, Designing Evolvable Web APIs with ASP.NET]> but was:<[Understanding ECMAScript 6, Eloquent JavaScript, Second Edition, Programming JavaScript Applications, You Don't Know JS, Speaking JavaScript, Designing Evolvable Web APIs with ASP.NET, Learning JavaScript Design Patterns, Git Pocket Guide]>
	at org.junit.Assert.fail(Assert.java:88)
	at org.junit.Assert.failNotEquals(Assert.java:834)
	at org.junit.Assert.assertEquals(Assert.java:118)
	at org.junit.Assert.assertEquals(Assert.java:144)
	at steps.BookStoreSteps.iSeeTheBooksSortedInZ_AOrder(BookStoreSteps.java:96)
	at ✽.Then I see the books sorted in Z_A order(RegisteredUserSort.feature:23)
]]></failure>
  </testcase>
  <testcase name="" classname="Scenario: Sort books by title Z_A" time="0.006">
    <failure message="expected:&lt;[You Don&apos;t Know JS, Understanding ECMAScript 6, Speaking JavaScript, Programming JavaScript Applications, Learning JavaScript Design Patterns, Git Pocket Guide, Eloquent JavaScript, Second Edition, Designing Evolvable Web APIs with ASP.NET]&gt; but was:&lt;[Understanding ECMAScript 6, Eloquent JavaScript, Second Edition, Programming JavaScript Applications, You Don&apos;t Know JS, Speaking JavaScript, Designing Evolvable Web APIs with ASP.NET, Learning JavaScript Design Patterns, Git Pocket Guide]&gt;" type="java.lang.AssertionError"><![CDATA[java.lang.AssertionError: expected:<[You Don't Know JS, Understanding ECMAScript 6, Speaking JavaScript, Programming JavaScript Applications, Learning JavaScript Design Patterns, Git Pocket Guide, Eloquent JavaScript, Second Edition, Designing Evolvable Web APIs with ASP.NET]> but was:<[Understanding ECMAScript 6, Eloquent JavaScript, Second Edition, Programming JavaScript Applications, You Don't Know JS, Speaking JavaScript, Designing Evolvable Web APIs with ASP.NET, Learning JavaScript Design Patterns, Git Pocket Guide]>
	at org.junit.Assert.fail(Assert.java:88)
	at org.junit.Assert.failNotEquals(Assert.java:834)
	at org.junit.Assert.assertEquals(Assert.java:118)
	at org.junit.Assert.assertEquals(Assert.java:144)
	at steps.BookStoreSteps.iSeeTheBooksSortedInZ_AOrder(BookStoreSteps.java:96)
	at ✽.Then I see the books sorted in Z_A order(BookStoreSortTest.feature:15)
]]></failure>
  </testcase>
  <testcase name="" classname="Scenario: Sort books by title Z_A" time="0.001">
    <failure message="expected:&lt;[You Don&apos;t Know JS, Understanding ECMAScript 6, Speaking JavaScript, Programming JavaScript Applications, Learning JavaScript Design Patterns, Git Pocket Guide, Eloquent JavaScript, Second Edition, Designing Evolvable Web APIs with ASP.NET]&gt; but was:&lt;[Understanding ECMAScript 6, Eloquent JavaScript, Second Edition, Programming JavaScript Applications, You Don&apos;t Know JS, Speaking JavaScript, Designing Evolvable Web APIs with ASP.NET, Learning JavaScript Design Patterns, Git Pocket Guide]&gt;" type="java.lang.AssertionError"><![CDATA[java.lang.AssertionError: expected:<[You Don't Know JS, Understanding ECMAScript 6, Speaking JavaScript, Programming JavaScript Applications, Learning JavaScript Design Patterns, Git Pocket Guide, Eloquent JavaScript, Second Edition, Designing Evolvable Web APIs with ASP.NET]> but was:<[Understanding ECMAScript 6, Eloquent JavaScript, Second Edition, Programming JavaScript Applications, You Don't Know JS, Speaking JavaScript, Designing Evolvable Web APIs with ASP.NET, Learning JavaScript Design Patterns, Git Pocket Guide]>
	at org.junit.Assert.fail(Assert.java:88)
	at org.junit.Assert.failNotEquals(Assert.java:834)
	at org.junit.Assert.assertEquals(Assert.java:118)
	at org.junit.Assert.assertEquals(Assert.java:144)
	at steps.BookStoreSteps.iSeeTheBooksSortedInZ_AOrder(BookStoreSteps.java:96)
	at ✽.Then I see the books sorted in Z_A order(RegisteredUserSort.feature:23)
]]></failure>
  </testcase>
  <testcase name="When I follow Login Link" classname="Scenario: Sort books by title Z_A" time="0"/>
  <testcase name="And I input &quot;Ronny&quot; to userName field" classname="Scenario: Sort books by title Z_A" time="0"/>
  <testcase name="And I input &quot;123Ron321&amp;&quot; to password field" classname="Scenario: Sort books by title Z_A" time="0"/>
  <testcase name="And I click the Login button" classname="Scenario: Sort books by title Z_A" time="0"/>
  <testcase name="Then I am on the Profile page" classname="Scenario: Sort books by title Z_A" time="0"/>
  <testcase name="When I follow the Book Store Link" classname="Scenario: Sort books by title Z_A" time="0"/>
  <testcase name="Then I am on the Book Store Page" classname="Scenario: Sort books by title Z_A" time="0"/>
  <testcase name="Given I open Book Store" classname="Scenario: Sort books by author A_Z" time="0">
    <system-err><![CDATA[[main] INFO com.codeborne.selenide.impl.FileHelper - Deleted empty folder: C:\Users\alexd\Projetos\BookStore_Cucumber\build\downloads\1702573882658_29552_1
[main] INFO com.codeborne.selenide.drivercommands.CloseDriverCommand - Close webdriver: 1 -> ChromeDriver: chrome on windows (786f8ceb6552ae58db4501df8119bcb4)...
[main] INFO com.codeborne.selenide.drivercommands.CloseDriverCommand - Closed webdriver 1 in 781 ms
[main] INFO com.codeborne.selenide.drivercommands.DisposablesRegistry - Unregister WebDriverInstance[config=StaticConfig,webDriver=ChromeDriver: chrome on windows (null),proxy=null,downloadsFolder=C:\Users\alexd\Projetos\BookStore_Cucumber\build\downloads\1702573882658_29552_1] in 1 [size=0]
[main] INFO com.codeborne.selenide.impl.WebDriverThreadLocalContainer - No webdriver is bound to current thread: 1 - let's create a new webdriver
[main] INFO com.codeborne.selenide.impl.FileHelper - Creating folder: C:\Users\alexd\Projetos\BookStore_Cucumber\build\downloads\1702573903020_29552_1
[main] INFO com.codeborne.selenide.webdriver.SelenideNettyClientFactory - Changed readTimeout from PT3M to PT1M30S
[main] INFO com.codeborne.selenide.webdriver.SelenideNettyClientFactory - Changed readTimeout from PT3M to PT1M30S
Dec 14, 2023 6:11:46 PM org.openqa.selenium.devtools.CdpVersionFinder findNearestMatch
WARNING: Unable to find CDP implementation matching 120
Dec 14, 2023 6:11:46 PM org.openqa.selenium.chromium.ChromiumDriver lambda$new$5
WARNING: Unable to find version of CDP to use for 120.0.6099.71. You may need to include a dependency on a specific version of the CDP using something similar to `org.seleniumhq.selenium:selenium-devtools-v86:4.11.0` where the version ("v86") matches the version of the chromium-based browser you're using and the version number of the artifact is the same as Selenium's.
[main] INFO com.codeborne.selenide.webdriver.WebDriverFactory - BrowserName=chrome Version=120.0.6099.71 Platform=windows
[main] INFO com.codeborne.selenide.webdriver.WebDriverFactory - Selenide v. 6.17.0
[main] INFO com.codeborne.selenide.webdriver.WebDriverFactory - Selenium WebDriver v. 4.11.0 build revision: 040bc5406b
[main] INFO com.codeborne.selenide.drivercommands.CreateDriverCommand - Created webdriver in thread 1: ChromeDriver -> ChromeDriver: chrome on windows (f623df0b89ffdb0b75d9a91f16e976fe)
[main] INFO com.codeborne.selenide.drivercommands.DisposablesRegistry - Register WebDriverInstance[config=StaticConfig,webDriver=ChromeDriver: chrome on windows (f623df0b89ffdb0b75d9a91f16e976fe),proxy=null,downloadsFolder=C:\Users\alexd\Projetos\BookStore_Cucumber\build\downloads\1702573903020_29552_1] in 1 [size=1]
]]></system-err>
  </testcase>
  <testcase name="Given I open Book Store" classname="Scenario: Sort books by author A_Z" time="0.001">
    <system-err><![CDATA[[main] INFO com.codeborne.selenide.impl.FileHelper - Deleted empty folder: C:\Users\alexd\Projetos\BookStore_Cucumber\build\downloads\1702574276276_29552_1
[main] INFO com.codeborne.selenide.drivercommands.CloseDriverCommand - Close webdriver: 1 -> ChromeDriver: chrome on windows (976599204acbb99144744ca87ffea2e2)...
[main] INFO com.codeborne.selenide.drivercommands.CloseDriverCommand - Closed webdriver 1 in 552 ms
[main] INFO com.codeborne.selenide.drivercommands.DisposablesRegistry - Unregister WebDriverInstance[config=StaticConfig,webDriver=ChromeDriver: chrome on windows (null),proxy=null,downloadsFolder=C:\Users\alexd\Projetos\BookStore_Cucumber\build\downloads\1702574276276_29552_1] in 1 [size=0]
[main] INFO com.codeborne.selenide.impl.WebDriverThreadLocalContainer - No webdriver is bound to current thread: 1 - let's create a new webdriver
[main] INFO com.codeborne.selenide.impl.FileHelper - Creating folder: C:\Users\alexd\Projetos\BookStore_Cucumber\build\downloads\1702574299198_29552_1
[main] INFO com.codeborne.selenide.webdriver.SelenideNettyClientFactory - Changed readTimeout from PT3M to PT1M30S
[main] INFO com.codeborne.selenide.webdriver.SelenideNettyClientFactory - Changed readTimeout from PT3M to PT1M30S
Dec 14, 2023 6:18:21 PM org.openqa.selenium.devtools.CdpVersionFinder findNearestMatch
WARNING: Unable to find CDP implementation matching 120
Dec 14, 2023 6:18:21 PM org.openqa.selenium.chromium.ChromiumDriver lambda$new$5
WARNING: Unable to find version of CDP to use for 120.0.6099.71. You may need to include a dependency on a specific version of the CDP using something similar to `org.seleniumhq.selenium:selenium-devtools-v86:4.11.0` where the version ("v86") matches the version of the chromium-based browser you're using and the version number of the artifact is the same as Selenium's.
[main] INFO com.codeborne.selenide.webdriver.WebDriverFactory - BrowserName=chrome Version=120.0.6099.71 Platform=windows
[main] INFO com.codeborne.selenide.webdriver.WebDriverFactory - Selenide v. 6.17.0
[main] INFO com.codeborne.selenide.webdriver.WebDriverFactory - Selenium WebDriver v. 4.11.0 build revision: 040bc5406b
[main] INFO com.codeborne.selenide.drivercommands.CreateDriverCommand - Created webdriver in thread 1: ChromeDriver -> ChromeDriver: chrome on windows (46b0d5aaea8eb1011d8a0e3bc5576959)
[main] INFO com.codeborne.selenide.drivercommands.DisposablesRegistry - Register WebDriverInstance[config=StaticConfig,webDriver=ChromeDriver: chrome on windows (46b0d5aaea8eb1011d8a0e3bc5576959),proxy=null,downloadsFolder=C:\Users\alexd\Projetos\BookStore_Cucumber\build\downloads\1702574299198_29552_1] in 1 [size=1]
]]></system-err>
  </testcase>
  <testcase name="When I click the Author Header" classname="Scenario: Sort books by author A_Z" time="0"/>
  <testcase name="When I click the Author Header" classname="Scenario: Sort books by author A_Z" time="0"/>
  <testcase name="Then I see the books sorted by author in A_Z order" classname="Scenario: Sort books by author A_Z" time="0"/>
  <testcase name="Then I see the books sorted by author in A_Z order" classname="Scenario: Sort books by author A_Z" time="0"/>
  <testcase name="" classname="Scenario: Sort books by author A_Z" time="0.623">
    <system-err><![CDATA[[main] INFO com.codeborne.selenide.impl.FileHelper - Deleted empty folder: C:\Users\alexd\Projetos\BookStore_Cucumber\build\downloads\1702573903020_29552_1
[main] INFO com.codeborne.selenide.drivercommands.CloseDriverCommand - Close webdriver: 1 -> ChromeDriver: chrome on windows (f623df0b89ffdb0b75d9a91f16e976fe)...
[main] INFO com.codeborne.selenide.drivercommands.CloseDriverCommand - Closed webdriver 1 in 619 ms
[main] INFO com.codeborne.selenide.drivercommands.DisposablesRegistry - Unregister WebDriverInstance[config=StaticConfig,webDriver=ChromeDriver: chrome on windows (null),proxy=null,downloadsFolder=C:\Users\alexd\Projetos\BookStore_Cucumber\build\downloads\1702573903020_29552_1] in 1 [size=0]
]]></system-err>
  </testcase>
  <testcase name="" classname="Scenario: Sort books by author A_Z" time="0.558">
    <system-err><![CDATA[[main] INFO com.codeborne.selenide.impl.FileHelper - Deleted empty folder: C:\Users\alexd\Projetos\BookStore_Cucumber\build\downloads\1702574299198_29552_1
[main] INFO com.codeborne.selenide.drivercommands.CloseDriverCommand - Close webdriver: 1 -> ChromeDriver: chrome on windows (46b0d5aaea8eb1011d8a0e3bc5576959)...
[main] INFO com.codeborne.selenide.drivercommands.CloseDriverCommand - Closed webdriver 1 in 554 ms
[main] INFO com.codeborne.selenide.drivercommands.DisposablesRegistry - Unregister WebDriverInstance[config=StaticConfig,webDriver=ChromeDriver: chrome on windows (null),proxy=null,downloadsFolder=C:\Users\alexd\Projetos\BookStore_Cucumber\build\downloads\1702574299198_29552_1] in 1 [size=0]
]]></system-err>
  </testcase>
  <testcase name="When I follow Login Link" classname="Scenario: Sort books by author A_Z" time="0"/>
  <testcase name="And I input &quot;Ronny&quot; to userName field" classname="Scenario: Sort books by author A_Z" time="0"/>
  <testcase name="And I input &quot;123Ron321&amp;&quot; to password field" classname="Scenario: Sort books by author A_Z" time="0"/>
  <testcase name="And I click the Login button" classname="Scenario: Sort books by author A_Z" time="0"/>
  <testcase name="Then I am on the Profile page" classname="Scenario: Sort books by author A_Z" time="0"/>
  <testcase name="When I follow the Book Store Link" classname="Scenario: Sort books by author A_Z" time="0"/>
  <testcase name="Then I am on the Book Store Page" classname="Scenario: Sort books by author A_Z" time="0"/>
  <testcase name="Given I open Book Store" classname="Scenario: Sort books by author Z_A" time="0.001">
    <system-err><![CDATA[[main] INFO com.codeborne.selenide.impl.WebDriverThreadLocalContainer - No webdriver is bound to current thread: 1 - let's create a new webdriver
[main] INFO com.codeborne.selenide.impl.FileHelper - Creating folder: C:\Users\alexd\Projetos\BookStore_Cucumber\build\downloads\1702573922957_29552_1
[main] INFO com.codeborne.selenide.webdriver.SelenideNettyClientFactory - Changed readTimeout from PT3M to PT1M30S
[main] INFO com.codeborne.selenide.webdriver.SelenideNettyClientFactory - Changed readTimeout from PT3M to PT1M30S
Dec 14, 2023 6:12:06 PM org.openqa.selenium.devtools.CdpVersionFinder findNearestMatch
WARNING: Unable to find CDP implementation matching 120
Dec 14, 2023 6:12:06 PM org.openqa.selenium.chromium.ChromiumDriver lambda$new$5
WARNING: Unable to find version of CDP to use for 120.0.6099.71. You may need to include a dependency on a specific version of the CDP using something similar to `org.seleniumhq.selenium:selenium-devtools-v86:4.11.0` where the version ("v86") matches the version of the chromium-based browser you're using and the version number of the artifact is the same as Selenium's.
[main] INFO com.codeborne.selenide.webdriver.WebDriverFactory - BrowserName=chrome Version=120.0.6099.71 Platform=windows
[main] INFO com.codeborne.selenide.webdriver.WebDriverFactory - Selenide v. 6.17.0
[main] INFO com.codeborne.selenide.webdriver.WebDriverFactory - Selenium WebDriver v. 4.11.0 build revision: 040bc5406b
[main] INFO com.codeborne.selenide.drivercommands.CreateDriverCommand - Created webdriver in thread 1: ChromeDriver -> ChromeDriver: chrome on windows (7ec30d881dc2733584933f018681b4cf)
[main] INFO com.codeborne.selenide.drivercommands.DisposablesRegistry - Register WebDriverInstance[config=StaticConfig,webDriver=ChromeDriver: chrome on windows (7ec30d881dc2733584933f018681b4cf),proxy=null,downloadsFolder=C:\Users\alexd\Projetos\BookStore_Cucumber\build\downloads\1702573922957_29552_1] in 1 [size=1]
]]></system-err>
  </testcase>
  <testcase name="Given I open Book Store" classname="Scenario: Sort books by author Z_A" time="0">
    <system-err><![CDATA[[main] INFO com.codeborne.selenide.impl.WebDriverThreadLocalContainer - No webdriver is bound to current thread: 1 - let's create a new webdriver
[...]
	at com.codeborne.selenide.impl.WebElementSource.createElementNotFoundError(WebElementSource.java:91)
	at com.codeborne.selenide.impl.ElementFinder.createElementNotFoundError(ElementFinder.java:142)
	at com.codeborne.selenide.impl.ExceptionWrapper.wrap(ExceptionWrapper.java:32)
	at com.codeborne.selenide.impl.SelenideElementProxy.dispatchAndRetry(SelenideElementProxy.java:154)
	at com.codeborne.selenide.impl.SelenideElementProxy.invoke(SelenideElementProxy.java:84)
	at jdk.proxy2/jdk.proxy2.$Proxy22.scrollIntoView(Unknown Source)
	at steps.DetailedInformation.iAmOnTheBookPage(DetailedInformation.java:39)
	at ✽.Then I am on the "Learning JavaScript Design Patterns" book page(RegisteredUserReadBook.feature:13)
Caused by: org.openqa.selenium.NoSuchElementException: no such element: Unable to locate element: {"method":"xpath","selector":"//*[text()='Learning JavaScript Design Patterns']"}
  (Session info: chrome=120.0.6099.71)
For documentation on this error, please visit: https://www.selenium.dev/documentation/webdriver/troubleshooting/errors#no-such-element-exception
Build info: version: '4.11.0', revision: '040bc5406b'
System info: os.name: 'Windows 11', os.arch: 'amd64', os.version: '10.0', java.version: '19.0.2'
Driver info: org.openqa.selenium.chrome.ChromeDriver
Command: [162296046d448c2f01f37bec35dad7a1, findElement {using=xpath, value=//*[text()='Learning JavaScript Design Patterns']}]
Capabilities {acceptInsecureCerts: true, browserName: chrome, browserVersion: 120.0.6099.71, chrome: {chromedriverVersion: 120.0.6099.71 (9729082fe617..., userDataDir: C:\Users\alexd\AppData\Loca...}, fedcm:accounts: true, goog:chromeOptions: {debuggerAddress: localhost:64168}, networkConnectionEnabled: false, pageLoadStrategy: normal, platformName: windows, proxy: Proxy(), se:cdp: ws://localhost:64168/devtoo..., se:cdpVersion: 120.0.6099.71, setWindowRect: true, strictFileInteractability: false, timeouts: {implicit: 0, pageLoad: 300000, script: 30000}, unhandledPromptBehavior: accept, webauthn:extension:credBlob: true, webauthn:extension:largeBlob: true, webauthn:extension:minPinLength: true, webauthn:extension:prf: true, webauthn:virtualAuthenticators: true}
Session ID: 162296046d448c2f01f37bec35dad7a1
	at java.base/jdk.internal.reflect.DirectConstructorHandleAccessor.newInstance(DirectConstructorHandleAccessor.java:67)
	at java.base/java.lang.reflect.Constructor.newInstanceWithCaller(Constructor.java:500)
	at java.base/java.lang.reflect.Constructor.newInstance(Constructor.java:484)
	at org.openqa.selenium.remote.codec.w3c.W3CHttpResponseCodec.createException(W3CHttpResponseCodec.java:200)
	at org.openqa.selenium.remote.codec.w3c.W3CHttpResponseCodec.decode(W3CHttpResponseCodec.java:133)
	at org.openqa.selenium.remote.codec.w3c.W3CHttpResponseCodec.decode(W3CHttpResponseCodec.java:52)
	at org.openqa.selenium.remote.HttpCommandExecutor.execute(HttpCommandExecutor.java:191)
	at org.openqa.selenium.remote.service.DriverCommandExecutor.invokeExecute(DriverCommandExecutor.java:196)
	at org.openqa.selenium.remote.service.DriverCommandExecutor.execute(DriverCommandExecutor.java:171)
	at org.openqa.selenium.remote.RemoteWebDriver.execute(RemoteWebDriver.java:518)
	at org.openqa.selenium.remote.ElementLocation$ElementFinder$2.findElement(ElementLocation.java:165)
	at org.openqa.selenium.remote.ElementLocation.findElement(ElementLocation.java:59)
	at org.openqa.selenium.remote.RemoteWebDriver.findElement(RemoteWebDriver.java:355)
	at org.openqa.selenium.remote.RemoteWebDriver.findElement(RemoteWebDriver.java:349)
	at com.codeborne.selenide.impl.WebElementSelector.findElement(WebElementSelector.java:70)
	at com.codeborne.selenide.impl.WebElementSelector.findElement(WebElementSelector.java:44)
	at com.codeborne.selenide.impl.WebElementSelector.findElement(WebElementSelector.java:33)
	at com.codeborne.selenide.impl.ElementFinder.getWebElement(ElementFinder.java:122)
	at com.codeborne.selenide.commands.ScrollIntoView.execute(ScrollIntoView.java:20)
	at com.codeborne.selenide.commands.ScrollIntoView.execute(ScrollIntoView.java:14)
	at com.codeborne.selenide.commands.Commands.execute(Commands.java:163)
	at com.codeborne.selenide.impl.SelenideElementProxy.dispatchAndRetry(SelenideElementProxy.java:132)
	at com.codeborne.selenide.impl.SelenideElementProxy.invoke(SelenideElementProxy.java:84)
	at jdk.proxy2/jdk.proxy2.$Proxy22.scrollIntoView(Unknown Source)
	at steps.DetailedInformation.iAmOnTheBookPage(DetailedInformation.java:39)
	at java.base/jdk.internal.reflect.DirectMethodHandleAccessor.invoke(DirectMethodHandleAccessor.java:104)
	at java.base/java.lang.reflect.Method.invoke(Method.java:578)
	at cucumber.runtime.Utils$1.call(Utils.java:40)
	at cucumber.runtime.Timeout.timeout(Timeout.java:16)
	at cucumber.runtime.Utils.invoke(Utils.java:34)
	at cucumber.runtime.java.JavaStepDefinition.execute(JavaStepDefinition.java:38)
	at cucumber.runtime.StepDefinitionMatch.runStep(StepDefinitionMatch.java:37)
	at cucumber.runtime.Runtime.runStep(Runtime.java:300)
	at cucumber.runtime.model.StepContainer.runStep(StepContainer.java:44)
	at cucumber.runtime.model.StepContainer.runSteps(StepContainer.java:39)
	at cucumber.runtime.model.CucumberScenario.run(CucumberScenario.java:44)
	at cucumber.runtime.junit.ExecutionUnitRunner.run(ExecutionUnitRunner.java:102)
	at cucumber.runtime.junit.FeatureRunner.runChild(FeatureRunner.java:63)
	at cucumber.runtime.junit.FeatureRunner.runChild(FeatureRunner.java:18)
	at org.junit.runners.ParentRunner$3.run(ParentRunner.java:290)
	at org.junit.runners.ParentRunner$1.schedule(ParentRunner.java:71)
	at org.junit.runners.ParentRunner.runChildren(ParentRunner.java:288)
	at org.junit.runners.ParentRunner.access$000(ParentRunner.java:58)
	at org.junit.runners.ParentRunner$2.evaluate(ParentRunner.java:268)
	at org.junit.runners.ParentRunner.run(ParentRunner.java:363)
	at cucumber.runtime.junit.FeatureRunner.run(FeatureRunner.java:70)
	at cucumber.api.junit.Cucumber.runChild(Cucumber.java:95)
	at cucumber.api.junit.Cucumber.runChild(Cucumber.java:38)
	at org.junit.runners.ParentRunner$3.run(ParentRunner.java:290)
	at org.junit.runners.ParentRunner$1.schedule(ParentRunner.java:71)
	at org.junit.runners.ParentRunner.runChildren(ParentRunner.java:288)
	at org.junit.runners.ParentRunner.access$000(ParentRunner.java:58)
	at org.junit.runners.ParentRunner$2.evaluate(ParentRunner.java:268)
	at org.junit.runners.ParentRunner.run(ParentRunner.java:363)
	at cucumber.api.junit.Cucumber.run(Cucumber.java:100)
	at org.apache.maven.surefire.junit4.JUnit4Provider.execute(JUnit4Provider.java:377)
	at org.apache.maven.surefire.junit4.JUnit4Provider.executeWithRerun(JUnit4Provider.java:284)
	at org.apache.maven.surefire.junit4.JUnit4Provider.executeTestSet(JUnit4Provider.java:248)
	at org.apache.maven.surefire.junit4.JUnit4Provider.invoke(JUnit4Provider.java:167)
	at org.apache.maven.surefire.booter.ForkedBooter.runSuitesInProcess(ForkedBooter.java:456)
	at org.apache.maven.surefire.booter.ForkedBooter.execute(ForkedBooter.java:169)
	at org.apache.maven.surefire.booter.ForkedBooter.run(ForkedBooter.java:595)
	at org.apache.maven.surefire.booter.ForkedBooter.main(ForkedBooter.java:581)
]]></failure>
  </testcase>
  <testcase name="" classname="Scenario: Open book website link" time="0.012">
    <failure message="Element not found {By.xpath: //*[text()=&apos;Learning JavaScript Design Patterns&apos;]}&#10;Expected: exist&#10;Screenshot: file:/C:/Users/alexd/Projetos/BookStore_Cucumber/build/reports/tests/1702574251626.2.png&#10;Page source: file:/C:/Users/alexd/Projetos/BookStore_Cucumber/build/reports/tests/1702574251626.2.html&#10;Timeout: 4 s.&#10;Caused by: NoSuchElementException: no such element: Unable to locate element: {&quot;method&quot;:&quot;xpath&quot;,&quot;selector&quot;:&quot;//*[text()=&apos;Learning JavaScript Design Patterns&apos;]&quot;}" type="Element not found {By.xpath"><![CDATA[Element not found {By.xpath: //*[text()='Learning JavaScript Design Patterns']}
Expected: exist
Screenshot: file:/C:/Users/alexd/Projetos/BookStore_Cucumber/build/reports/tests/1702574251626.2.png
Page source: file:/C:/Users/alexd/Projetos/BookStore_Cucumber/build/reports/tests/1702574251626.2.html
Timeout: 4 s.
Caused by: NoSuchElementException: no such element: Unable to locate element: {"method":"xpath","selector":"//*[text()='Learning JavaScript Design Patterns']"}
	at com.codeborne.selenide.impl.WebElementSource.createElementNotFoundError(WebElementSource.java:91)
	at com.codeborne.selenide.impl.ElementFinder.createElementNotFoundError(ElementFinder.java:142)
	at com.codeborne.selenide.impl.ExceptionWrapper.wrap(ExceptionWrapper.java:32)
	at com.codeborne.selenide.impl.SelenideElementProxy.dispatchAndRetry(SelenideElementProxy.java:154)
	at com.codeborne.selenide.impl.SelenideElementProxy.invoke(SelenideElementProxy.java:84)
	at jdk.proxy2/jdk.proxy2.$Proxy22.scrollIntoView(Unknown Source)
	at steps.DetailedInformation.iAmOnTheBookPage(DetailedInformation.java:39)
	at ✽.Then I am on the "Learning JavaScript Design Patterns" book page(RegisteredUserReadBook.feature:13)
Caused by: org.openqa.selenium.NoSuchElementException: no such element: Unable to locate element: {"method":"xpath","selector":"//*[text()='Learning JavaScript Design Patterns']"}
  (Session info: chrome=120.0.6099.71)
For documentation on this error, please visit: https://www.selenium.dev/documentation/webdriver/troubleshooting/errors#no-such-element-exception
Build info: version: '4.11.0', revision: '040bc5406b'
System info: os.name: 'Windows 11', os.arch: 'amd64', os.version: '10.0', java.version: '19.0.2'
Driver info: org.openqa.selenium.chrome.ChromeDriver
Command: [162296046d448c2f01f37bec35dad7a1, findElement {using=xpath, value=//*[text()='Learning JavaScript Design Patterns']}]
Capabilities {acceptInsecureCerts: true, browserName: chrome, browserVersion: 120.0.6099.71, chrome: {chromedriverVersion: 120.0.6099.71 (9729082fe617..., userDataDir: C:\Users\alexd\AppData\Loca...}, fedcm:accounts: true, goog:chromeOptions: {debuggerAddress: localhost:64168}, networkConnectionEnabled: false, pageLoadStrategy: normal, platformName: windows, proxy: Proxy(), se:cdp: ws://localhost:64168/devtoo..., se:cdpVersion: 120.0.6099.71, setWindowRect: true, strictFileInteractability: false, timeouts: {implicit: 0, pageLoad: 300000, script: 30000}, unhandledPromptBehavior: accept, webauthn:extension:credBlob: true, webauthn:extension:largeBlob: true, webauthn:extension:minPinLength: true, webauthn:extension:prf: true, webauthn:virtualAuthenticators: true}
Session ID: 162296046d448c2f01f37bec35dad7a1
	at java.base/jdk.internal.reflect.DirectConstructorHandleAccessor.newInstance(DirectConstructorHandleAccessor.java:67)
	at java.base/java.lang.reflect.Constructor.newInstanceWithCaller(Constructor.java:500)
	at java.base/java.lang.reflect.Constructor.newInstance(Constructor.java:484)
	at org.openqa.selenium.remote.codec.w3c.W3CHttpResponseCodec.createException(W3CHttpResponseCodec.java:200)
	at org.openqa.selenium.remote.codec.w3c.W3CHttpResponseCodec.decode(W3CHttpResponseCodec.java:133)
	at org.openqa.selenium.remote.codec.w3c.W3CHttpResponseCodec.decode(W3CHttpResponseCodec.java:52)
	at org.openqa.selenium.remote.HttpCommandExecutor.execute(HttpCommandExecutor.java:191)
	at org.openqa.selenium.remote.service.DriverCommandExecutor.invokeExecute(DriverCommandExecutor.java:196)
	at org.openqa.selenium.remote.service.DriverCommandExecutor.execute(DriverCommandExecutor.java:171)
	at org.openqa.selenium.remote.RemoteWebDriver.execute(RemoteWebDriver.java:518)
	at org.openqa.selenium.remote.ElementLocation$ElementFinder$2.findElement(ElementLocation.java:165)
	at org.openqa.selenium.remote.ElementLocation.findElement(ElementLocation.java:59)
	at org.openqa.selenium.remote.RemoteWebDriver.findElement(RemoteWebDriver.java:355)
	at org.openqa.selenium.remote.RemoteWebDriver.findElement(RemoteWebDriver.java:349)
	at com.codeborne.selenide.impl.WebElementSelector.findElement(WebElementSelector.java:70)
	at com.codeborne.selenide.impl.WebElementSelector.findElement(WebElementSelector.java:44)
	at com.codeborne.selenide.impl.WebElementSelector.findElement(WebElementSelector.java:33)
	at com.codeborne.selenide.impl.ElementFinder.getWebElement(ElementFinder.java:122)
	at com.codeborne.selenide.commands.ScrollIntoView.execute(ScrollIntoView.java:20)
	at com.codeborne.selenide.commands.ScrollIntoView.execute(ScrollIntoView.java:14)
	at com.codeborne.selenide.commands.Commands.execute(Commands.java:163)
	at com.codeborne.selenide.impl.SelenideElementProxy.dispatchAndRetry(SelenideElementProxy.java:132)
	at com.codeborne.selenide.impl.SelenideElementProxy.invoke(SelenideElementProxy.java:84)
	at jdk.proxy2/jdk.proxy2.$Proxy22.scrollIntoView(Unknown Source)
	at steps.DetailedInformation.iAmOnTheBookPage(DetailedInformation.java:39)
	at java.base/jdk.internal.reflect.DirectMethodHandleAccessor.invoke(DirectMethodHandleAccessor.java:104)
	at java.base/java.lang.reflect.Method.invoke(Method.java:578)
	at cucumber.runtime.Utils$1.call(Utils.java:40)
	at cucumber.runtime.Timeout.timeout(Timeout.java:16)
	at cucumber.runtime.Utils.invoke(Utils.java:34)
	at cucumber.runtime.java.JavaStepDefinition.execute(JavaStepDefinition.java:38)
	at cucumber.runtime.StepDefinitionMatch.runStep(StepDefinitionMatch.java:37)
	at cucumber.runtime.Runtime.runStep(Runtime.java:300)
	at cucumber.runtime.model.StepContainer.runStep(StepContainer.java:44)
	at cucumber.runtime.model.StepContainer.runSteps(StepContainer.java:39)
	at cucumber.runtime.model.CucumberScenario.run(CucumberScenario.java:44)
	at cucumber.runtime.junit.ExecutionUnitRunner.run(ExecutionUnitRunner.java:102)
	at cucumber.runtime.junit.FeatureRunner.runChild(FeatureRunner.java:63)
	at cucumber.runtime.junit.FeatureRunner.runChild(FeatureRunner.java:18)
	at org.junit.runners.ParentRunner$3.run(ParentRunner.java:290)
	at org.junit.runners.ParentRunner$1.schedule(ParentRunner.java:71)
	at org.junit.runners.ParentRunner.runChildren(ParentRunner.java:288)
	at org.junit.runners.ParentRunner.access$000(ParentRunner.java:58)
	at org.junit.runners.ParentRunner$2.evaluate(ParentRunner.java:268)
	at org.junit.runners.ParentRunner.run(ParentRunner.java:363)
	at cucumber.runtime.junit.FeatureRunner.run(FeatureRunner.java:70)
	at cucumber.api.junit.Cucumber.runChild(Cucumber.java:95)
	at cucumber.api.junit.Cucumber.runChild(Cucumber.java:38)
	at org.junit.runners.ParentRunner$3.run(ParentRunner.java:290)
	at org.junit.runners.ParentRunner$1.schedule(ParentRunner.java:71)
	at org.junit.runners.ParentRunner.runChildren(ParentRunner.java:288)
	at org.junit.runners.ParentRunner.access$000(ParentRunner.java:58)
	at org.junit.runners.ParentRunner$2.evaluate(ParentRunner.java:268)
	at org.junit.runners.ParentRunner.run(ParentRunner.java:363)
	at cucumber.api.junit.Cucumber.run(Cucumber.java:100)
	at org.apache.maven.surefire.junit4.JUnit4Provider.execute(JUnit4Provider.java:377)
	at org.apache.maven.surefire.junit4.JUnit4Provider.executeWithRerun(JUnit4Provider.java:284)
	at org.apache.maven.surefire.junit4.JUnit4Provider.executeTestSet(JUnit4Provider.java:248)
	at org.apache.maven.surefire.junit4.JUnit4Provider.invoke(JUnit4Provider.java:167)
	at org.apache.maven.surefire.booter.ForkedBooter.runSuitesInProcess(ForkedBooter.java:456)
	at org.apache.maven.surefire.booter.ForkedBooter.execute(ForkedBooter.java:169)
	at org.apache.maven.surefire.booter.ForkedBooter.run(ForkedBooter.java:595)
	at org.apache.maven.surefire.booter.ForkedBooter.main(ForkedBooter.java:581)
]]></failure>
  </testcase>
  <testcase name="Given I open Book Store" classname="Scenario: Register user without ReCaptcha" time="0.003">
    <system-err><![CDATA[[main] INFO com.codeborne.selenide.impl.WebDriverThreadLocalContainer - No webdriver is bound to current thread: 1 - let's create a new webdriver
[main] INFO com.codeborne.selenide.impl.FileHelper - Creating folder: C:\Users\alexd\Projetos\BookStore_Cucumber\build\downloads\1702574402387_29552_1
[main] INFO com.codeborne.selenide.webdriver.SelenideNettyClientFactory - Changed readTimeout from PT3M to PT1M30S
[main] INFO com.codeborne.selenide.webdriver.SelenideNettyClientFactory - Changed readTimeout from PT3M to PT1M30S
Dec 14, 2023 6:20:04 PM org.openqa.selenium.devtools.CdpVersionFinder findNearestMatch
WARNING: Unable to find CDP implementation matching 120
Dec 14, 2023 6:20:04 PM org.openqa.selenium.chromium.ChromiumDriver lambda$new$5
WARNING: Unable to find version of CDP to use for 120.0.6099.71. You may need to include a dependency on a specific version of the CDP using something similar to `org.seleniumhq.selenium:selenium-devtools-v86:4.11.0` where the version ("v86") matches the version of the chromium-based browser you're using and the version number of the artifact is the same as Selenium's.
[main] INFO com.codeborne.selenide.webdriver.WebDriverFactory - BrowserName=chrome Version=120.0.6099.71 Platform=windows
[main] INFO com.codeborne.selenide.webdriver.WebDriverFactory - Selenide v. 6.17.0
[main] INFO com.codeborne.selenide.webdriver.WebDriverFactory - Selenium WebDriver v. 4.11.0 build revision: 040bc5406b
[main] INFO com.codeborne.selenide.drivercommands.CreateDriverCommand - Created webdriver in thread 1: ChromeDriver -> ChromeDriver: chrome on windows (5987836b42eab14eee42eba7c56c7723)
[main] INFO com.codeborne.selenide.drivercommands.DisposablesRegistry - Register WebDriverInstance[config=StaticConfig,webDriver=ChromeDriver: chrome on windows (5987836b42eab14eee42eba7c56c7723),proxy=null,downloadsFolder=C:\Users\alexd\Projetos\BookStore_Cucumber\build\downloads\1702574402387_29552_1] in 1 [size=1]
]]></system-err>
  </testcase>
  <testcase name="When I click the Login button on the Book Store page" classname="Scenario: Register user without ReCaptcha" time="0"/>
  <testcase name="Then I am on the Login page" classname="Scenario: Register user without ReCaptcha" time="0"/>
  <testcase name="When I click New User button" classname="Scenario: Register user without ReCaptcha" time="0"/>
  <testcase name="Then I am on the Registration page" classname="Scenario: Register user without ReCaptcha" time="0"/>
  <testcase name="When I enter the &quot;Neil&quot; in the FirstName input field" classname="Scenario: Register user without ReCaptcha" time="0"/>
  <testcase name="And I enter &quot;Armstrong&quot; in the LastName input field" classname="Scenario: Register user without ReCaptcha" time="0"/>
  <testcase name="And I enter &quot;Neil&quot; in the UserName input field" classname="Scenario: Register user without ReCaptcha" time="0"/>
  <testcase name="And I enter &quot;123Neil321&amp;&quot; password in the Password input field" classname="Scenario: Register user without ReCaptcha" time="0"/>
  <testcase name="And I click the Register button" classname="Scenario: Register user without ReCaptcha" time="0"/>
  <testcase name="Then I see on the Login page &quot;Please verify reCaptcha to register!&quot; message" classname="Scenario: Register user without ReCaptcha" time="0"/>
  <testcase name="" classname="Scenario: Register user without ReCaptcha" time="0.626">
    <system-err><![CDATA[[main] INFO com.codeborne.selenide.impl.FileHelper - Deleted empty folder: C:\Users\alexd\Projetos\BookStore_Cucumber\build\downloads\1702574402387_29552_1
[main] INFO com.codeborne.selenide.drivercommands.CloseDriverCommand - Close webdriver: 1 -> ChromeDriver: chrome on windows (5987836b42eab14eee42eba7c56c7723)...
[main] INFO com.codeborne.selenide.drivercommands.CloseDriverCommand - Closed webdriver 1 in 621 ms
[main] INFO com.codeborne.selenide.drivercommands.DisposablesRegistry - Unregister WebDriverInstance[config=StaticConfig,webDriver=ChromeDriver: chrome on windows (null),proxy=null,downloadsFolder=C:\Users\alexd\Projetos\BookStore_Cucumber\build\downloads\1702574402387_29552_1] in 1 [size=0]
]]></system-err>
  </testcase>
</testsuite>