<?xml version="1.0" encoding="UTF-8"?>
<testsuite xmlns:xsi="http://www.w3.org/2001/XMLSchema-instance" xsi:noNamespaceSchemaLocation="https://maven.apache.org/surefire/maven-surefire-plugin/xsd/surefire-test-report-3.0.xsd" version="3.0" name="runners.RunnerTest" time="508.353" tests="243" errors="0" skipped="25" failures="12">
  <properties>
[...]
</properties>
  <testcase name="Given I open Book Store" classname="Scenario: Add one book to the User`s Profile" time="0.008">
    <system-err><![CDATA[[main] INFO com.codeborne.selenide.impl.WebDriverThreadLocalContainer - No webdriver is bound to current thread: 1 - let's create a new webdriver
[main] INFO com.codeborne.selenide.impl.FileHelper - Creating folder: C:\Users\alexd\Projetos\BookStore_Cucumber\build\downloads\1702286168122_20012_1
[main] INFO com.codeborne.selenide.webdriver.SelenideNettyClientFactory - Changed readTimeout from PT3M to PT1M30S
[main] INFO com.codeborne.selenide.webdriver.SelenideNettyClientFactory - Changed readTimeout from PT3M to PT1M30S
Dec 11, 2023 10:16:16 AM org.openqa.selenium.devtools.CdpVersionFinder findNearestMatch
WARNING: Unable to find an exact match for CDP version 119, so returning the closest version found: 115
[main] INFO com.codeborne.selenide.webdriver.WebDriverFactory - BrowserName=chrome Version=119.0.6045.200 Platform=windows
[main] INFO com.codeborne.selenide.webdriver.WebDriverFactory - Selenide v. 6.17.0
[main] INFO com.codeborne.selenide.webdriver.WebDriverFactory - Selenium WebDriver v. 4.11.0 build revision: 040bc5406b
[main] INFO com.codeborne.selenide.drivercommands.CreateDriverCommand - Created webdriver in thread 1: ChromeDriver -> ChromeDriver: chrome on windows (0842b7a2215393f02ac6365a2fecf371)
[main] INFO com.codeborne.selenide.drivercommands.DisposablesRegistry - Register WebDriverInstance[config=StaticConfig,webDriver=ChromeDriver: chrome on windows (0842b7a2215393f02ac6365a2fecf371),proxy=null,downloadsFolder=C:\Users\alexd\Projetos\BookStore_Cucumber\build\downloads\1702286168122_20012_1] in 1 [size=1]
[main] INFO com.codeborne.selenide.drivercommands.DisposablesRegistry - Add shutdown hook in 1 [size=1]
]]></system-err>
  </testcase>
  <testcase name="When I follow Login Link" classname="Scenario: Add one book to the User`s Profile" time="0"/>
  <testcase name="And I input &quot;Ronny&quot; to userName field" classname="Scenario: Add one book to the User`s Profile" time="0.001"/>
  <testcase name="And I input &quot;123Ron321&amp;&quot; to password field" classname="Scenario: Add one book to the User`s Profile" time="0"/>
  <testcase name="When I click the Login button" classname="Scenario: Add one book to the User`s Profile" time="0"/>
  <testcase name="Then I am on the Profile page" classname="Scenario: Add one book to the User`s Profile" time="0"/>
  <testcase name="And I see the Profile Book Catalog empty" classname="Scenario: Add one book to the User`s Profile" time="0.02">
    <failure message="List size mismatch: expected: = 0, actual: 1, collection: [class =&apos;rt-tr-group&apos;].filter(not empty: attribute value=&quot;&quot; and exact text &quot;&quot;)&#10;Screenshot: file:/C:/Users/alexd/Projetos/BookStore_Cucumber/build/reports/tests/1702286201966.0.png&#10;Page source: file:/C:/Users/alexd/Projetos/BookStore_Cucumber/build/reports/tests/1702286201966.0.html&#10;Timeout: 4 s." type="List size mismatch"><![CDATA[List size mismatch: expected: = 0, actual: 1, collection: [class ='rt-tr-group'].filter(not empty: attribute value="" and exact text "")
Screenshot: file:/C:/Users/alexd/Projetos/BookStore_Cucumber/build/reports/tests/1702286201966.0.png
Page source: file:/C:/Users/alexd/Projetos/BookStore_Cucumber/build/reports/tests/1702286201966.0.html
Timeout: 4 s.
	at com.codeborne.selenide.collections.CollectionSizeCondition.fail(CollectionSizeCondition.java:40)
	at com.codeborne.selenide.collections.ListSize.fail(ListSize.java:6)
	at com.codeborne.selenide.ElementsCollection.waitUntil(ElementsCollection.java:200)
	at com.codeborne.selenide.ElementsCollection.should(ElementsCollection.java:145)
	at com.codeborne.selenide.ElementsCollection.shouldHave(ElementsCollection.java:119)
	at steps.ProfileSteps.iSeeTheProfileBookCatalogEmpty(ProfileSteps.java:16)
	at ✽.And I see the Profile Book Catalog empty(AddAndDeleteAllBooks.feature:11)
]]></failure>
  </testcase>
  <testcase name="" classname="Scenario: Add one book to the User`s Profile" time="0.02">
    <failure message="List size mismatch: expected: = 0, actual: 1, collection: [class =&apos;rt-tr-group&apos;].filter(not empty: attribute value=&quot;&quot; and exact text &quot;&quot;)&#10;Screenshot: file:/C:/Users/alexd/Projetos/BookStore_Cucumber/build/reports/tests/1702286201966.0.png&#10;Page source: file:/C:/Users/alexd/Projetos/BookStore_Cucumber/build/reports/tests/1702286201966.0.html&#10;Timeout: 4 s." type="List size mismatch"><![CDATA[List size mismatch: expected: = 0, actual: 1, collection: [class ='rt-tr-group'].filter(not empty: attribute value="" and exact text "")
Screenshot: file:/C:/Users/alexd/Projetos/BookStore_Cucumber/build/reports/tests/1702286201966.0.png
Page source: file:/C:/Users/alexd/Projetos/BookStore_Cucumber/build/reports/tests/1702286201966.0.html
Timeout: 4 s.
	at com.codeborne.selenide.collections.CollectionSizeCondition.fail(CollectionSizeCondition.java:40)
	at com.codeborne.selenide.collections.ListSize.fail(ListSize.java:6)
	at com.codeborne.selenide.ElementsCollection.waitUntil(ElementsCollection.java:200)
	at com.codeborne.selenide.ElementsCollection.should(ElementsCollection.java:145)
	at com.codeborne.selenide.ElementsCollection.shouldHave(ElementsCollection.java:119)
	at steps.ProfileSteps.iSeeTheProfileBookCatalogEmpty(ProfileSteps.java:16)
	at ✽.And I see the Profile Book Catalog empty(AddAndDeleteAllBooks.feature:11)
]]></failure>
  </testcase>
  <testcase name="When I follow the Book Store Link" classname="Scenario: Add one book to the User`s Profile" time="0">
    <skipped/>
  </testcase>
  <testcase name="Then I am on the Book Store Page" classname="Scenario: Add one book to the User`s Profile" time="0">
    <skipped/>
  </testcase>
  <testcase name="Then I am on the Book Store Page" classname="Scenario: Add one book to the User`s Profile" time="0">
    <skipped/>
  </testcase>
  <testcase name="When I click the &quot;Git Pocket Guide&quot; Title Link" classname="Scenario: Add one book to the User`s Profile" time="0">
    <skipped/>
  </testcase>
  <testcase name="Then I am on the Profile Book Detailed Information Page" classname="Scenario: Add one book to the User`s Profile" time="0">
    <skipped/>
  </testcase>
  <testcase name="Then I am on the Profile Book Detailed Information Page" classname="Scenario: Add one book to the User`s Profile" time="0">
    <skipped/>
  </testcase>
  <testcase name="And I see the detailed information about &quot;Git Pocket Guide&quot; book" classname="Scenario: Add one book to the User`s Profile" time="0">
    <skipped/>
  </testcase>
  <testcase name="When I click the Add To Your Collection button" classname="Scenario: Add one book to the User`s Profile" time="0">
    <skipped/>
  </testcase>
  <testcase name="When I click the Add To Your Collection button" classname="Scenario: Add one book to the User`s Profile" time="0">
    <skipped/>
  </testcase>
  <testcase name="And I confirm the alert message" classname="Scenario: Add one book to the User`s Profile" time="0">
    <skipped/>
  </testcase>
  <testcase name="And I confirm the alert message" classname="Scenario: Add one book to the User`s Profile" time="0">
    <skipped/>
  </testcase>
  <testcase name="And I click Back To Book Store button" classname="Scenario: Add one book to the User`s Profile" time="0">
    <skipped/>
  </testcase>
  <testcase name="When I click the &quot;Designing Evolvable Web APIs with ASP.NET&quot; Title Link" classname="Scenario: Add one book to the User`s Profile" time="0">
    <skipped/>
  </testcase>
  <testcase name="And I see the detailed information about &quot;Designing Evolvable Web APIs with ASP.NET&quot; book" classname="Scenario: Add one book to the User`s Profile" time="0">
    <skipped/>
  </testcase>
  <testcase name="And I follow the Profile link on the Sidebar" classname="Scenario: Add one book to the User`s Profile" time="0">
    <skipped/>
  </testcase>
  <testcase name="Then I see the &quot;Git Pocket Guide&quot; book in User`s collection" classname="Scenario: Add one book to the User`s Profile" time="0">
    <skipped/>
  </testcase>
  <testcase name="And I see the &quot;Designing Evolvable Web APIs with ASP.NET&quot; book in User`s collection" classname="Scenario: Add one book to the User`s Profile" time="0">
    <skipped/>
  </testcase>
  <testcase name="And I see that there are only two books in User`s collection" classname="Scenario: Add one book to the User`s Profile" time="0">
    <skipped/>
  </testcase>
  <testcase name="When I click Delete All Books button" classname="Scenario: Add one book to the User`s Profile" time="0">
    <skipped/>
  </testcase>
  <testcase name="And I confirm the alert delete message" classname="Scenario: Add one book to the User`s Profile" time="0">
    <skipped/>
  </testcase>
  <testcase name="Then I see the Profile Book Catalog empty" classname="Scenario: Add one book to the User`s Profile" time="0">
    <skipped/>
  </testcase>
  <testcase name="Given I open Book Store" classname="Scenario: Search book by title" time="0.001">
    <system-err><![CDATA[[main] INFO com.codeborne.selenide.impl.FileHelper - Deleted empty folder: C:\Users\alexd\Projetos\BookStore_Cucumber\build\downloads\1702286168122_20012_1
[main] INFO com.codeborne.selenide.drivercommands.CloseDriverCommand - Close webdriver: 1 -> ChromeDriver: chrome on windows (0842b7a2215393f02ac6365a2fecf371)...
[AsyncHttpClient-1-4] WARN org.asynchttpclient.netty.handler.WebSocketHandler - onError
java.net.SocketException: Connection reset
	at java.base/sun.nio.ch.SocketChannelImpl.throwConnectionReset(SocketChannelImpl.java:401)
	at java.base/sun.nio.ch.SocketChannelImpl.read(SocketChannelImpl.java:434)
	at io.netty.buffer.PooledByteBuf.setBytes(PooledByteBuf.java:256)
	at io.netty.buffer.AbstractByteBuf.writeBytes(AbstractByteBuf.java:1132)
	at io.netty.channel.socket.nio.NioSocketChannel.doReadBytes(NioSocketChannel.java:357)
	at io.netty.channel.nio.AbstractNioByteChannel$NioByteUnsafe.read(AbstractNioByteChannel.java:151)
	at io.netty.channel.nio.NioEventLoop.processSelectedKey(NioEventLoop.java:788)
	at io.netty.channel.nio.NioEventLoop.processSelectedKeysOptimized(NioEventLoop.java:724)
	at io.netty.channel.nio.NioEventLoop.processSelectedKeys(NioEventLoop.java:650)
	at io.netty.channel.nio.NioEventLoop.run(NioEventLoop.java:562)
	at io.netty.util.concurrent.SingleThreadEventExecutor$4.run(SingleThreadEventExecutor.java:997)
	at io.netty.util.internal.ThreadExecutorMap$2.run(ThreadExecutorMap.java:74)
	at io.netty.util.concurrent.FastThreadLocalRunnable.run(FastThreadLocalRunnable.java:30)
	at java.base/java.lang.Thread.run(Thread.java:1589)
Dec 11, 2023 10:16:43 AM org.openqa.selenium.remote.http.WebSocket$Listener onError
WARNING: Connection reset
java.net.SocketException: Connection reset
	at java.base/sun.nio.ch.SocketChannelImpl.throwConnectionReset(SocketChannelImpl.java:401)
	at java.base/sun.nio.ch.SocketChannelImpl.read(SocketChannelImpl.java:434)
	at io.netty.buffer.PooledByteBuf.setBytes(PooledByteBuf.java:256)
	at io.netty.buffer.AbstractByteBuf.writeBytes(AbstractByteBuf.java:1132)
	at io.netty.channel.socket.nio.NioSocketChannel.doReadBytes(NioSocketChannel.java:357)
	at io.netty.channel.nio.AbstractNioByteChannel$NioByteUnsafe.read(AbstractNioByteChannel.java:151)
	at io.netty.channel.nio.NioEventLoop.processSelectedKey(NioEventLoop.java:788)
	at io.netty.channel.nio.NioEventLoop.processSelectedKeysOptimized(NioEventLoop.java:724)
	at io.netty.channel.nio.NioEventLoop.processSelectedKeys(NioEventLoop.java:650)
	at io.netty.channel.nio.NioEventLoop.run(NioEventLoop.java:562)
	at io.netty.util.concurrent.SingleThreadEventExecutor$4.run(SingleThreadEventExecutor.java:997)
	at io.netty.util.internal.ThreadExecutorMap$2.run(ThreadExecutorMap.java:74)
	at io.netty.util.concurrent.FastThreadLocalRunnable.run(FastThreadLocalRunnable.java:30)
	at java.base/java.lang.Thread.run(Thread.java:1589)

[main] INFO com.codeborne.selenide.drivercommands.CloseDriverCommand - Closed webdriver 1 in 845 ms
[main] INFO com.codeborne.selenide.drivercommands.DisposablesRegistry - Unregister WebDriverInstance[config=StaticConfig,webDriver=ChromeDriver: chrome on windows (null),proxy=null,downloadsFolder=C:\Users\alexd\Projetos\BookStore_Cucumber\build\downloads\1702286168122_20012_1] in 1 [size=0]
[main] INFO com.codeborne.selenide.impl.WebDriverThreadLocalContainer - No webdriver is bound to current thread: 1 - let's create a new webdriver
[main] INFO com.codeborne.selenide.impl.FileHelper - Creating folder: C:\Users\alexd\Projetos\BookStore_Cucumber\build\downloads\1702286204601_20012_1
[main] INFO com.codeborne.selenide.webdriver.SelenideNettyClientFactory - Changed readTimeout from PT3M to PT1M30S
[main] INFO com.codeborne.selenide.webdriver.SelenideNettyClientFactory - Changed readTimeout from PT3M to PT1M30S
Dec 11, 2023 10:16:47 AM org.openqa.selenium.devtools.CdpVersionFinder findNearestMatch
WARNING: Unable to find an exact match for CDP version 119, so returning the closest version found: 115
[main] INFO com.codeborne.selenide.webdriver.WebDriverFactory - BrowserName=chrome Version=119.0.6045.200 Platform=windows
[main] INFO com.codeborne.selenide.webdriver.WebDriverFactory - Selenide v. 6.17.0
[main] INFO com.codeborne.selenide.webdriver.WebDriverFactory - Selenium WebDriver v. 4.11.0 build revision: 040bc5406b
[main] INFO com.codeborne.selenide.drivercommands.CreateDriverCommand - Created webdriver in thread 1: ChromeDriver -> ChromeDriver: chrome on windows (410fb5ef3287bfce729aa3145521ae5b)
[main] INFO com.codeborne.selenide.drivercommands.DisposablesRegistry - Register WebDriverInstance[config=StaticConfig,webDriver=ChromeDriver: chrome on windows (410fb5ef3287bfce729aa3145521ae5b),proxy=null,downloadsFolder=C:\Users\alexd\Projetos\BookStore_Cucumber\build\downloads\1702286204601_20012_1] in 1 [size=1]
]]></system-err>
  </testcase>
  <testcase name="Given I open Book Store" classname="Scenario: Search book by title" time="0">
    <system-err><![CDATA[[main] INFO com.codeborne.selenide.impl.FileHelper - Deleted empty folder: C:\Users\alexd\Projetos\BookStore_Cucumber\build\downloads\1702286467265_20012_1
[main] INFO com.codeborne.selenide.drivercommands.CloseDriverCommand - Close webdriver: 1 -> ChromeDriver: chrome on windows (d7678b774afec6dcfe184e73c24e7883)...
[main] INFO com.codeborne.selenide.drivercommands.CloseDriverCommand - Closed webdriver 1 in 934 ms
[main] INFO com.codeborne.selenide.drivercommands.DisposablesRegistry - Unregister WebDriverInstance[config=StaticConfig,webDriver=ChromeDriver: chrome on windows (null),proxy=null,downloadsFolder=C:\Users\alexd\Projetos\BookStore_Cucumber\build\downloads\1702286467265_20012_1] in 1 [size=0]
[main] INFO com.codeborne.selenide.impl.WebDriverThreadLocalContainer - No webdriver is bound to current thread: 1 - let's create a new webdriver
[main] INFO com.codeborne.selenide.impl.FileHelper - Creating folder: C:\Users\alexd\Projetos\BookStore_Cucumber\build\downloads\1702286489407_20012_1
[main] INFO com.codeborne.selenide.webdriver.SelenideNettyClientFactory - Changed readTimeout from PT3M to PT1M30S
[main] INFO com.codeborne.selenide.webdriver.SelenideNettyClientFactory - Changed readTimeout from PT3M to PT1M30S
Dec 11, 2023 10:21:32 AM org.openqa.selenium.devtools.CdpVersionFinder findNearestMatch
WARNING: Unable to find an exact match for CDP version 119, so returning the closest version found: 115
[main] INFO com.codeborne.selenide.webdriver.WebDriverFactory - BrowserName=chrome Version=119.0.6045.200 Platform=windows
[main] INFO com.codeborne.selenide.webdriver.WebDriverFactory - Selenide v. 6.17.0
[main] INFO com.codeborne.selenide.webdriver.WebDriverFactory - Selenium WebDriver v. 4.11.0 build revision: 040bc5406b
[main] INFO com.codeborne.selenide.drivercommands.CreateDriverCommand - Created webdriver in thread 1: ChromeDriver -> ChromeDriver: chrome on windows (1500183908feb89f1a4b202380b4fb22)
[main] INFO com.codeborne.selenide.drivercommands.DisposablesRegistry - Register WebDriverInstance[config=StaticConfig,webDriver=ChromeDriver: chrome on windows (1500183908feb89f1a4b202380b4fb22),proxy=null,downloadsFolder=C:\Users\alexd\Projetos\BookStore_Cucumber\build\downloads\1702286489407_20012_1] in 1 [size=1]
]]></system-err>
  </testcase>
  <testcase name="When I input the title &quot;Speaking JavaScript&quot; in the search input field" classname="Scenario: Search book by title" time="0"/>
  <testcase name="Then I see the book &quot;Speaking JavaScript&quot; in Book Store Catalog" classname="Scenario: Search book by title" time="0"/>
  <testcase name="Then I see the book &quot;Speaking JavaScript&quot; in Book Store Catalog" classname="Scenario: Search book by title" time="0"/>
  <testcase name="And I see that the Book Store Catalog has only one book." classname="Scenario: Search book by title" time="0"/>
  <testcase name="And I see that the Book Store Catalog has only one book." classname="Scenario: Search book by title" time="0"/>
  <testcase name="" classname="Scenario: Search book by title" time="0.61">
    <system-err><![CDATA[[main] INFO com.codeborne.selenide.impl.FileHelper - Deleted empty folder: C:\Users\alexd\Projetos\BookStore_Cucumber\build\downloads\1702286204601_20012_1
[main] INFO com.codeborne.selenide.drivercommands.CloseDriverCommand - Close webdriver: 1 -> ChromeDriver: chrome on windows (410fb5ef3287bfce729aa3145521ae5b)...
[main] INFO com.codeborne.selenide.drivercommands.CloseDriverCommand - Closed webdriver 1 in 590 ms
[main] INFO com.codeborne.selenide.drivercommands.DisposablesRegistry - Unregister WebDriverInstance[config=StaticConfig,webDriver=ChromeDriver: chrome on windows (null),proxy=null,downloadsFolder=C:\Users\alexd\Projetos\BookStore_Cucumber\build\downloads\1702286204601_20012_1] in 1 [size=0]
]]></system-err>
  </testcase>
  <testcase name="" classname="Scenario: Search book by title" time="0.563">
    <system-err><![CDATA[[main] INFO com.codeborne.selenide.impl.FileHelper - Deleted empty folder: C:\Users\alexd\Projetos\BookStore_Cucumber\build\downloads\1702286489407_20012_1
[main] INFO com.codeborne.selenide.drivercommands.CloseDriverCommand - Close webdriver: 1 -> ChromeDriver: chrome on windows (1500183908feb89f1a4b202380b4fb22)...
[main] INFO com.codeborne.selenide.drivercommands.CloseDriverCommand - Closed webdriver 1 in 536 ms
[main] INFO com.codeborne.selenide.drivercommands.DisposablesRegistry - Unregister WebDriverInstance[config=StaticConfig,webDriver=ChromeDriver: chrome on windows (null),proxy=null,downloadsFolder=C:\Users\alexd\Projetos\BookStore_Cucumber\build\downloads\1702286489407_20012_1] in 1 [size=0]
]]></system-err>
  </testcase>
  <testcase name="When I follow Login Link" classname="Scenario: Search book by title" time="0"/>
  <testcase name="And I input &quot;Ronny&quot; to userName field" classname="Scenario: Search book by title" time="0.001"/>
  <testcase name="And I input &quot;123Ron321&amp;&quot; to password field" classname="Scenario: Search book by title" time="0"/>
  <testcase name="And I click the Login button" classname="Scenario: Search book by title" time="0"/>
  <testcase name="Then I am on the Profile page" classname="Scenario: Search book by title" time="0.001"/>
  <testcase name="When I follow the Book Store Link" classname="Scenario: Search book by title" time="0"/>
  <testcase name="And I input the title &quot;Speaking JavaScript&quot; in the search input field" classname="Scenario: Search book by title" time="0"/>
  <testcase name="Given I open Book Store" classname="Scenario: Search book by author" time="0">
    <system-err><![CDATA[[main] INFO com.codeborne.selenide.impl.WebDriverThreadLocalContainer - No webdriver is bound to current thread: 1 - let's create a new webdriver
[main] INFO com.codeborne.selenide.impl.FileHelper - Creating folder: C:\Users\alexd\Projetos\BookStore_Cucumber\build\downloads\1702286217733_20012_1
[main] INFO com.codeborne.selenide.webdriver.SelenideNettyClientFactory - Changed readTimeout from PT3M to PT1M30S
[main] INFO com.codeborne.selenide.webdriver.SelenideNettyClientFactory - Changed readTimeout from PT3M to PT1M30S
Dec 11, 2023 10:17:01 AM org.openqa.selenium.devtools.CdpVersionFinder findNearestMatch
WARNING: Unable to find an exact match for CDP version 119, so returning the closest version found: 115
[main] INFO com.codeborne.selenide.webdriver.WebDriverFactory - BrowserName=chrome Version=119.0.6045.200 Platform=windows
[main] INFO com.codeborne.selenide.webdriver.WebDriverFactory - Selenide v. 6.17.0
[main] INFO com.codeborne.selenide.webdriver.WebDriverFactory - Selenium WebDriver v. 4.11.0 build revision: 040bc5406b
[main] INFO com.codeborne.selenide.drivercommands.CreateDriverCommand - Created webdriver in thread 1: ChromeDriver -> ChromeDriver: chrome on windows (6c6017c752b2be3e7f4f7bd75fa5c10d)
[main] INFO com.codeborne.selenide.drivercommands.DisposablesRegistry - Register WebDriverInstance[config=StaticConfig,webDriver=ChromeDriver: chrome on windows (6c6017c752b2be3e7f4f7bd75fa5c10d),proxy=null,downloadsFolder=C:\Users\alexd\Projetos\BookStore_Cucumber\build\downloads\1702286217733_20012_1] in 1 [size=1]
]]></system-err>
  </testcase>
  <testcase name="Given I open Book Store" classname="Scenario: Search book by author" time="0">
    <system-err><![CDATA[[main] INFO com.codeborne.selenide.impl.WebDriverThreadLocalContainer - No webdriver is bound to current thread: 1 - let's create a new webdriver
[main] INFO com.codeborne.selenide.impl.FileHelper - Creating folder: C:\Users\alexd\Projetos\BookStore_Cucumber\build\downloads\1702286506561_20012_1
[main] INFO com.codeborne.selenide.webdriver.SelenideNettyClientFactory - Changed readTimeout from PT3M to PT1M30S
[main] INFO com.codeborne.selenide.webdriver.SelenideNettyClientFactory - Changed readTimeout from PT3M to PT1M30S
Dec 11, 2023 10:21:49 AM org.openqa.selenium.devtools.CdpVersionFinder findNearestMatch
WARNING: Unable to find an exact match for CDP version 119, so returning the closest version found: 115
[main] INFO com.codeborne.selenide.webdriver.WebDriverFactory - BrowserName=chrome Version=119.0.6045.200 Platform=windows
[main] INFO com.codeborne.selenide.webdriver.WebDriverFactory - Selenide v. 6.17.0
[main] INFO com.codeborne.selenide.webdriver.WebDriverFactory - Selenium WebDriver v. 4.11.0 build revision: 040bc5406b
[main] INFO com.codeborne.selenide.drivercommands.CreateDriverCommand - Created webdriver in thread 1: ChromeDriver -> ChromeDriver: chrome on windows (baf70da7eee90452a1f81838475882ae)
[main] INFO com.codeborne.selenide.drivercommands.DisposablesRegistry - Register WebDriverInstance[config=StaticConfig,webDriver=ChromeDriver: chrome on windows (baf70da7eee90452a1f81838475882ae),proxy=null,downloadsFolder=C:\Users\alexd\Projetos\BookStore_Cucumber\build\downloads\1702286506561_20012_1] in 1 [size=1]
]]></system-err>
  </testcase>
  <testcase name="When I input the author &quot;Kyle Simpson&quot; in the search input field" classname="Scenario: Search book by author" time="0.001"/>
  <testcase name="Then I see only the books by author &quot;Kyle Simpson&quot; in Book Store Catalog" classname="Scenario: Search book by author" time="0"/>
  <testcase name="Then I see only the books by author &quot;Kyle Simpson&quot; in Book Store Catalog" classname="Scenario: Search book by author" time="0"/>
  <testcase name="" classname="Scenario: Search book by author" time="0.786">
    <system-err><![CDATA[[main] INFO com.codeborne.selenide.impl.FileHelper - Deleted empty folder: C:\Users\alexd\Projetos\BookStore_Cucumber\build\downloads\1702286217733_20012_1
[main] INFO com.codeborne.selenide.drivercommands.CloseDriverCommand - Close webdriver: 1 -> ChromeDriver: chrome on windows (6c6017c752b2be3e7f4f7bd75fa5c10d)...
[main] INFO com.codeborne.selenide.drivercommands.CloseDriverCommand - Closed webdriver 1 in 777 ms
[main] INFO com.codeborne.selenide.drivercommands.DisposablesRegistry - Unregister WebDriverInstance[config=StaticConfig,webDriver=ChromeDriver: chrome on windows (null),proxy=null,downloadsFolder=C:\Users\alexd\Projetos\BookStore_Cucumber\build\downloads\1702286217733_20012_1] in 1 [size=0]
]]></system-err>
  </testcase>
  <testcase name="" classname="Scenario: Search book by author" time="0.763">
    <system-err><![CDATA[[main] INFO com.codeborne.selenide.impl.FileHelper - Deleted empty folder: C:\Users\alexd\Projetos\BookStore_Cucumber\build\downloads\1702286506561_20012_1
[main] INFO com.codeborne.selenide.drivercommands.CloseDriverCommand - Close webdriver: 1 -> ChromeDriver: chrome on windows (baf70da7eee90452a1f81838475882ae)...
[main] INFO com.codeborne.selenide.drivercommands.CloseDriverCommand - Closed webdriver 1 in 744 ms
[main] INFO com.codeborne.selenide.drivercommands.DisposablesRegistry - Unregister WebDriverInstance[config=StaticConfig,webDriver=ChromeDriver: chrome on windows (null),proxy=null,downloadsFolder=C:\Users\alexd\Projetos\BookStore_Cucumber\build\downloads\1702286506561_20012_1] in 1 [size=0]
]]></system-err>
  </testcase>
  <testcase name="When I follow Login Link" classname="Scenario: Search book by author" time="0"/>
  <testcase name="And I input &quot;Ronny&quot; to userName field" classname="Scenario: Search book by author" time="0"/>
  <testcase name="And I input &quot;123Ron321&amp;&quot; to password field" classname="Scenario: Search book by author" time="0"/>
  <testcase name="And I click the Login button" classname="Scenario: Search book by author" time="0"/>
  <testcase name="Then I am on the Profile page" classname="Scenario: Search book by author" time="0"/>
  <testcase name="When I follow the Book Store Link" classname="Scenario: Search book by author" time="0"/>
  <testcase name="And I input the author &quot;Kyle Simpson&quot; in the search input field" classname="Scenario: Search book by author" time="0"/>
  <testcase name="Given I open Book Store" classname="Scenario: Search book by publisher" time="0">
    <system-err><![CDATA[[main] INFO com.codeborne.selenide.impl.WebDriverThreadLocalContainer - No webdriver is bound to current thread: 1 - let's create a new webdriver
[main] INFO com.codeborne.selenide.impl.FileHelper - Creating folder: C:\Users\alexd\Projetos\BookStore_Cucumber\build\downloads\1702286235008_20012_1
[main] INFO com.codeborne.selenide.webdriver.SelenideNettyClientFactory - Changed readTimeout from PT3M to PT1M30S
[main] INFO com.codeborne.selenide.webdriver.SelenideNettyClientFactory - Changed readTimeout from PT3M to PT1M30S
Dec 11, 2023 10:17:18 AM org.openqa.selenium.devtools.CdpVersionFinder findNearestMatch
WARNING: Unable to find an exact match for CDP version 119, so returning the closest version found: 115
[main] INFO com.codeborne.selenide.webdriver.WebDriverFactory - BrowserName=chrome Version=119.0.6045.200 Platform=windows
[main] INFO com.codeborne.selenide.webdriver.WebDriverFactory - Selenide v. 6.17.0
[main] INFO com.codeborne.selenide.webdriver.WebDriverFactory - Selenium WebDriver v. 4.11.0 build revision: 040bc5406b
[main] INFO com.codeborne.selenide.drivercommands.CreateDriverCommand - Created webdriver in thread 1: ChromeDriver -> ChromeDriver: chrome on windows (f9b6008c307b3de9dd884042c6876493)
[main] INFO com.codeborne.selenide.drivercommands.DisposablesRegistry - Register WebDriverInstance[config=StaticConfig,webDriver=ChromeDriver: chrome on windows (f9b6008c307b3de9dd884042c6876493),proxy=null,downloadsFolder=C:\Users\alexd\Projetos\BookStore_Cucumber\build\downloads\1702286235008_20012_1] in 1 [size=1]
]]></system-err>
  </testcase>
  <testcase name="Given I open Book Store" classname="Scenario: Search book by publisher" time="0">
    <system-err><![CDATA[[main] INFO com.codeborne.selenide.impl.WebDriverThreadLocalContainer - No webdriver is bound to current thread: 1 - let's create a new webdriver
[main] INFO com.codeborne.selenide.impl.FileHelper - Creating folder: C:\Users\alexd\Projetos\BookStore_Cucumber\build\downloads\1702286524733_20012_1
[main] INFO com.codeborne.selenide.webdriver.SelenideNettyClientFactory - Changed readTimeout from PT3M to PT1M30S
[main] INFO com.codeborne.selenide.webdriver.SelenideNettyClientFactory - Changed readTimeout from PT3M to PT1M30S
Dec 11, 2023 10:22:08 AM org.openqa.selenium.devtools.CdpVersionFinder findNearestMatch
WARNING: Unable to find an exact match for CDP version 119, so returning the closest version found: 115
[main] INFO com.codeborne.selenide.webdriver.WebDriverFactory - BrowserName=chrome Version=119.0.6045.200 Platform=windows
[main] INFO com.codeborne.selenide.webdriver.WebDriverFactory - Selenide v. 6.17.0
[main] INFO com.codeborne.selenide.webdriver.WebDriverFactory - Selenium WebDriver v. 4.11.0 build revision: 040bc5406b
[main] INFO com.codeborne.selenide.drivercommands.CreateDriverCommand - Created webdriver in thread 1: ChromeDriver -> ChromeDriver: chrome on windows (71470a4c6a839fb12fb902b70f99ca95)
[main] INFO com.codeborne.selenide.drivercommands.DisposablesRegistry - Register WebDriverInstance[config=StaticConfig,webDriver=ChromeDriver: chrome on windows (71470a4c6a839fb12fb902b70f99ca95),proxy=null,downloadsFolder=C:\Users\alexd\Projetos\BookStore_Cucumber\build\downloads\1702286524733_20012_1] in 1 [size=1]
]]></system-err>
  </testcase>
  <testcase name="When I input the publisher &quot;No Starch Press&quot; in the search input field" classname="Scenario: Search book by publisher" time="0"/>
  <testcase name="Then I see only the books by publisher &quot;No Starch Press&quot; in Book Store Catalog" classname="Scenario: Search book by publisher" time="0"/>
  <testcase name="Then I see only the books by publisher &quot;No Starch Press&quot; in Book Store Catalog" classname="Scenario: Search book by publisher" time="0"/>
  <testcase name="" classname="Scenario: Search book by publisher" time="0.749">
    <system-err><![CDATA[[main] INFO com.codeborne.selenide.impl.FileHelper - Deleted empty folder: C:\Users\alexd\Projetos\BookStore_Cucumber\build\downloads\1702286235008_20012_1
[main] INFO com.codeborne.selenide.drivercommands.CloseDriverCommand - Close webdriver: 1 -> ChromeDriver: chrome on windows (f9b6008c307b3de9dd884042c6876493)...
[main] INFO com.codeborne.selenide.drivercommands.CloseDriverCommand - Closed webdriver 1 in 725 ms
[main] INFO com.codeborne.selenide.drivercommands.DisposablesRegistry - Unregister WebDriverInstance[config=StaticConfig,webDriver=ChromeDriver: chrome on windows (null),proxy=null,downloadsFolder=C:\Users\alexd\Projetos\BookStore_Cucumber\build\downloads\1702286235008_20012_1] in 1 [size=0]
]]></system-err>
  </testcase>
  <testcase name="" classname="Scenario: Search book by publisher" time="0.527">
    <system-err><![CDATA[[main] INFO com.codeborne.selenide.impl.FileHelper - Deleted empty folder: C:\Users\alexd\Projetos\BookStore_Cucumber\build\downloads\1702286524733_20012_1
[main] INFO com.codeborne.selenide.drivercommands.CloseDriverCommand - Close webdriver: 1 -> ChromeDriver: chrome on windows (71470a4c6a839fb12fb902b70f99ca95)...
[main] INFO com.codeborne.selenide.drivercommands.CloseDriverCommand - Closed webdriver 1 in 522 ms
[main] INFO com.codeborne.selenide.drivercommands.DisposablesRegistry - Unregister WebDriverInstance[config=StaticConfig,webDriver=ChromeDriver: chrome on windows (null),proxy=null,downloadsFolder=C:\Users\alexd\Projetos\BookStore_Cucumber\build\downloads\1702286524733_20012_1] in 1 [size=0]
]]></system-err>
  </testcase>
  <testcase name="When I follow Login Link" classname="Scenario: Search book by publisher" time="0"/>
  <testcase name="And I input &quot;Ronny&quot; to userName field" classname="Scenario: Search book by publisher" time="0"/>
  <testcase name="And I input &quot;123Ron321&amp;&quot; to password field" classname="Scenario: Search book by publisher" time="0"/>
  <testcase name="And I click the Login button" classname="Scenario: Search book by publisher" time="0.001"/>
  <testcase name="Then I am on the Profile page" classname="Scenario: Search book by publisher" time="0.001"/>
  <testcase name="When I follow the Book Store Link" classname="Scenario: Search book by publisher" time="0"/>
  <testcase name="And I input the publisher &quot;No Starch Press&quot; in the search input field" classname="Scenario: Search book by publisher" time="0"/>
  <testcase name="Given I open Book Store" classname="Scenario: Sort books by title" time="0">
    <system-err><![CDATA[[main] INFO com.codeborne.selenide.impl.WebDriverThreadLocalContainer - No webdriver is bound to current thread: 1 - let's create a new webdriver
[main] INFO com.codeborne.selenide.impl.FileHelper - Creating folder: C:\Users\alexd\Projetos\BookStore_Cucumber\build\downloads\1702286252464_20012_1
[main] INFO com.codeborne.selenide.webdriver.SelenideNettyClientFactory - Changed readTimeout from PT3M to PT1M30S
[main] INFO com.codeborne.selenide.webdriver.SelenideNettyClientFactory - Changed readTimeout from PT3M to PT1M30S
Dec 11, 2023 10:17:36 AM org.openqa.selenium.devtools.CdpVersionFinder findNearestMatch
WARNING: Unable to find an exact match for CDP version 119, so returning the closest version found: 115
[main] INFO com.codeborne.selenide.webdriver.WebDriverFactory - BrowserName=chrome Version=119.0.6045.200 Platform=windows
[main] INFO com.codeborne.selenide.webdriver.WebDriverFactory - Selenide v. 6.17.0
[main] INFO com.codeborne.selenide.webdriver.WebDriverFactory - Selenium WebDriver v. 4.11.0 build revision: 040bc5406b
[main] INFO com.codeborne.selenide.drivercommands.CreateDriverCommand - Created webdriver in thread 1: ChromeDriver -> ChromeDriver: chrome on windows (4f9df8048d910a3a4596ecd8a4db378d)
[main] INFO com.codeborne.selenide.drivercommands.DisposablesRegistry - Register WebDriverInstance[config=StaticConfig,webDriver=ChromeDriver: chrome on windows (4f9df8048d910a3a4596ecd8a4db378d),proxy=null,downloadsFolder=C:\Users\alexd\Projetos\BookStore_Cucumber\build\downloads\1702286252464_20012_1] in 1 [size=1]
]]></system-err>
  </testcase>
  <testcase name="Given I open Book Store" classname="Scenario: Sort books by title" time="0">
    <system-err><![CDATA[[main] INFO com.codeborne.selenide.impl.FileHelper - Deleted empty folder: C:\Users\alexd\Projetos\BookStore_Cucumber\build\downloads\1702286252464_20012_1
[main] INFO com.codeborne.selenide.drivercommands.CloseDriverCommand - Close webdriver: 1 -> ChromeDriver: chrome on windows (4f9df8048d910a3a4596ecd8a4db378d)...
[main] INFO com.codeborne.selenide.drivercommands.CloseDriverCommand - Closed webdriver 1 in 776 ms
[main] INFO com.codeborne.selenide.drivercommands.DisposablesRegistry - Unregister WebDriverInstance[config=StaticConfig,webDriver=ChromeDriver: chrome on windows (null),proxy=null,downloadsFolder=C:\Users\alexd\Projetos\BookStore_Cucumber\build\downloads\1702286252464_20012_1] in 1 [size=0]
[main] INFO com.codeborne.selenide.impl.WebDriverThreadLocalContainer - No webdriver is bound to current thread: 1 - let's create a new webdriver
[main] INFO com.codeborne.selenide.impl.FileHelper - Creating folder: C:\Users\alexd\Projetos\BookStore_Cucumber\build\downloads\1702286270059_20012_1
[main] INFO com.codeborne.selenide.webdriver.SelenideNettyClientFactory - Changed readTimeout from PT3M to PT1M30S
[main] INFO com.codeborne.selenide.webdriver.SelenideNettyClientFactory - Changed readTimeout from PT3M to PT1M30S
Dec 11, 2023 10:17:53 AM org.openqa.selenium.devtools.CdpVersionFinder findNearestMatch
WARNING: Unable to find an exact match for CDP version 119, so returning the closest version found: 115
[main] INFO com.codeborne.selenide.webdriver.WebDriverFactory - BrowserName=chrome Version=119.0.6045.200 Platform=windows
[main] INFO com.codeborne.selenide.webdriver.WebDriverFactory - Selenide v. 6.17.0
[main] INFO com.codeborne.selenide.webdriver.WebDriverFactory - Selenium WebDriver v. 4.11.0 build revision: 040bc5406b
[main] INFO com.codeborne.selenide.drivercommands.CreateDriverCommand - Created webdriver in thread 1: ChromeDriver -> ChromeDriver: chrome on windows (a3b62a0595058afad349fb1af4167202)
[main] INFO com.codeborne.selenide.drivercommands.DisposablesRegistry - Register WebDriverInstance[config=StaticConfig,webDriver=ChromeDriver: chrome on windows (a3b62a0595058afad349fb1af4167202),proxy=null,downloadsFolder=C:\Users\alexd\Projetos\BookStore_Cucumber\build\downloads\1702286270059_20012_1] in 1 [size=1]
]]></system-err>
  </testcase>
  <testcase name="Given I open Book Store" classname="Scenario: Sort books by title" time="0">
    <system-err><![CDATA[[main] INFO com.codeborne.selenide.impl.FileHelper - Deleted empty folder: C:\Users\alexd\Projetos\BookStore_Cucumber\build\downloads\1702286270059_20012_1
[main] INFO com.codeborne.selenide.drivercommands.CloseDriverCommand - Close webdriver: 1 -> ChromeDriver: chrome on windows (a3b62a0595058afad349fb1af4167202)...
[main] INFO com.codeborne.selenide.drivercommands.CloseDriverCommand - Closed webdriver 1 in 615 ms
[main] INFO com.codeborne.selenide.drivercommands.DisposablesRegistry - Unregister WebDriverInstance[config=StaticConfig,webDriver=ChromeDriver: chrome on windows (null),proxy=null,downloadsFolder=C:\Users\alexd\Projetos\BookStore_Cucumber\build\downloads\1702286270059_20012_1] in 1 [size=0]
[main] INFO com.codeborne.selenide.impl.WebDriverThreadLocalContainer - No webdriver is bound to current thread: 1 - let's create a new webdriver
[main] INFO com.codeborne.selenide.impl.FileHelper - Creating folder: C:\Users\alexd\Projetos\BookStore_Cucumber\build\downloads\1702286285637_20012_1
[main] INFO com.codeborne.selenide.webdriver.SelenideNettyClientFactory - Changed readTimeout from PT3M to PT1M30S
[main] INFO com.codeborne.selenide.webdriver.SelenideNettyClientFactory - Changed readTimeout from PT3M to PT1M30S
Dec 11, 2023 10:18:08 AM org.openqa.selenium.devtools.CdpVersionFinder findNearestMatch
WARNING: Unable to find an exact match for CDP version 119, so returning the closest version found: 115
[main] INFO com.codeborne.selenide.webdriver.WebDriverFactory - BrowserName=chrome Version=119.0.6045.200 Platform=windows
[main] INFO com.codeborne.selenide.webdriver.WebDriverFactory - Selenide v. 6.17.0
[main] INFO com.codeborne.selenide.webdriver.WebDriverFactory - Selenium WebDriver v. 4.11.0 build revision: 040bc5406b
[main] INFO com.codeborne.selenide.drivercommands.CreateDriverCommand - Created webdriver in thread 1: ChromeDriver -> ChromeDriver: chrome on windows (aa1d7fbe784ae8459f280d7f3d74f918)
[main] INFO com.codeborne.selenide.drivercommands.DisposablesRegistry - Register WebDriverInstance[config=StaticConfig,webDriver=ChromeDriver: chrome on windows (aa1d7fbe784ae8459f280d7f3d74f918),proxy=null,downloadsFolder=C:\Users\alexd\Projetos\BookStore_Cucumber\build\downloads\1702286285637_20012_1] in 1 [size=1]
]]></system-err>
  </testcase>
  <testcase name="Given I open Book Store" classname="Scenario: Sort books by title" time="0">
    <system-err><![CDATA[[main] INFO com.codeborne.selenide.impl.WebDriverThreadLocalContainer - No webdriver is bound to current thread: 1 - let's create a new webdriver
[main] INFO com.codeborne.selenide.impl.FileHelper - Creating folder: C:\Users\alexd\Projetos\BookStore_Cucumber\build\downloads\1702286299608_20012_1
[main] INFO com.codeborne.selenide.webdriver.SelenideNettyClientFactory - Changed readTimeout from PT3M to PT1M30S
[main] INFO com.codeborne.selenide.webdriver.SelenideNettyClientFactory - Changed readTimeout from PT3M to PT1M30S
Dec 11, 2023 10:18:22 AM org.openqa.selenium.devtools.CdpVersionFinder findNearestMatch
WARNING: Unable to find an exact match for CDP version 119, so returning the closest version found: 115
[main] INFO com.codeborne.selenide.webdriver.WebDriverFactory - BrowserName=chrome Version=119.0.6045.200 Platform=windows
[main] INFO com.codeborne.selenide.webdriver.WebDriverFactory - Selenide v. 6.17.0
[main] INFO com.codeborne.selenide.webdriver.WebDriverFactory - Selenium WebDriver v. 4.11.0 build revision: 040bc5406b
[main] INFO com.codeborne.selenide.drivercommands.CreateDriverCommand - Created webdriver in thread 1: ChromeDriver -> ChromeDriver: chrome on windows (32b6d005a324d0af36e5a412545081dc)
[main] INFO com.codeborne.selenide.drivercommands.DisposablesRegistry - Register WebDriverInstance[config=StaticConfig,webDriver=ChromeDriver: chrome on windows (32b6d005a324d0af36e5a412545081dc),proxy=null,downloadsFolder=C:\Users\alexd\Projetos\BookStore_Cucumber\build\downloads\1702286299608_20012_1] in 1 [size=1]
]]></system-err>
  </testcase>
  <testcase name="Given I open Book Store" classname="Scenario: Sort books by title" time="0">
    <system-err><![CDATA[[main] INFO com.codeborne.selenide.impl.WebDriverThreadLocalContainer - No webdriver is bound to current thread: 1 - let's create a new webdriver
[main] INFO com.codeborne.selenide.impl.FileHelper - Creating folder: C:\Users\alexd\Projetos\BookStore_Cucumber\build\downloads\1702286314296_20012_1
[main] INFO com.codeborne.selenide.webdriver.SelenideNettyClientFactory - Changed readTimeout from PT3M to PT1M30S
[main] INFO com.codeborne.selenide.webdriver.SelenideNettyClientFactory - Changed readTimeout from PT3M to PT1M30S
Dec 11, 2023 10:18:37 AM org.openqa.selenium.devtools.CdpVersionFinder findNearestMatch
WARNING: Unable to find an exact match for CDP version 119, so returning the closest version found: 115
[main] INFO com.codeborne.selenide.webdriver.WebDriverFactory - BrowserName=chrome Version=119.0.6045.200 Platform=windows
[main] INFO com.codeborne.selenide.webdriver.WebDriverFactory - Selenide v. 6.17.0
[main] INFO com.codeborne.selenide.webdriver.WebDriverFactory - Selenium WebDriver v. 4.11.0 build revision: 040bc5406b
[main] INFO com.codeborne.selenide.drivercommands.CreateDriverCommand - Created webdriver in thread 1: ChromeDriver -> ChromeDriver: chrome on windows (699f712b6f9aec53b28b436eba0be1c2)
[main] INFO com.codeborne.selenide.drivercommands.DisposablesRegistry - Register WebDriverInstance[config=StaticConfig,webDriver=ChromeDriver: chrome on windows (699f712b6f9aec53b28b436eba0be1c2),proxy=null,downloadsFolder=C:\Users\alexd\Projetos\BookStore_Cucumber\build\downloads\1702286314296_20012_1] in 1 [size=1]
]]></system-err>
  </testcase>
  <testcase name="Given I open Book Store" classname="Scenario: Sort books by title" time="0.001">
    <system-err><![CDATA[[main] INFO com.codeborne.selenide.impl.WebDriverThreadLocalContainer - No webdriver is bound to current thread: 1 - let's create a new webdriver
[main] INFO com.codeborne.selenide.impl.FileHelper - Creating folder: C:\Users\alexd\Projetos\BookStore_Cucumber\build\downloads\1702286332275_20012_1
[main] INFO com.codeborne.selenide.webdriver.SelenideNettyClientFactory - Changed readTimeout from PT3M to PT1M30S
[main] INFO com.codeborne.selenide.webdriver.SelenideNettyClientFactory - Changed readTimeout from PT3M to PT1M30S
Dec 11, 2023 10:18:55 AM org.openqa.selenium.devtools.CdpVersionFinder findNearestMatch
WARNING: Unable to find an exact match for CDP version 119, so returning the closest version found: 115
[main] INFO com.codeborne.selenide.webdriver.WebDriverFactory - BrowserName=chrome Version=119.0.6045.200 Platform=windows
[main] INFO com.codeborne.selenide.webdriver.WebDriverFactory - Selenide v. 6.17.0
[main] INFO com.codeborne.selenide.webdriver.WebDriverFactory - Selenium WebDriver v. 4.11.0 build revision: 040bc5406b
[main] INFO com.codeborne.selenide.drivercommands.CreateDriverCommand - Created webdriver in thread 1: ChromeDriver -> ChromeDriver: chrome on windows (3877cf4f5bf1ce3a2acbb5361cbf74a7)
[main] INFO com.codeborne.selenide.drivercommands.DisposablesRegistry - Register WebDriverInstance[config=StaticConfig,webDriver=ChromeDriver: chrome on windows (3877cf4f5bf1ce3a2acbb5361cbf74a7),proxy=null,downloadsFolder=C:\Users\alexd\Projetos\BookStore_Cucumber\build\downloads\1702286332275_20012_1] in 1 [size=1]
]]></system-err>
  </testcase>
  <testcase name="Given I open Book Store" classname="Scenario: Sort books by title" time="0">
    <system-err><![CDATA[[main] INFO com.codeborne.selenide.impl.WebDriverThreadLocalContainer - No webdriver is bound to current thread: 1 - let's create a new webdriver
[main] INFO com.codeborne.selenide.impl.FileHelper - Creating folder: C:\Users\alexd\Projetos\BookStore_Cucumber\build\downloads\1702286542135_20012_1
[main] INFO com.codeborne.selenide.webdriver.SelenideNettyClientFactory - Changed readTimeout from PT3M to PT1M30S
[main] INFO com.codeborne.selenide.webdriver.SelenideNettyClientFactory - Changed readTimeout from PT3M to PT1M30S
Dec 11, 2023 10:22:25 AM org.openqa.selenium.devtools.CdpVersionFinder findNearestMatch
WARNING: Unable to find an exact match for CDP version 119, so returning the closest version found: 115
[main] INFO com.codeborne.selenide.webdriver.WebDriverFactory - BrowserName=chrome Version=119.0.6045.200 Platform=windows
[main] INFO com.codeborne.selenide.webdriver.WebDriverFactory - Selenide v. 6.17.0
[main] INFO com.codeborne.selenide.webdriver.WebDriverFactory - Selenium WebDriver v. 4.11.0 build revision: 040bc5406b
[main] INFO com.codeborne.selenide.drivercommands.CreateDriverCommand - Created webdriver in thread 1: ChromeDriver -> ChromeDriver: chrome on windows (2d26212303075621fb18c4e217ede0e2)
[main] INFO com.codeborne.selenide.drivercommands.DisposablesRegistry - Register WebDriverInstance[config=StaticConfig,webDriver=ChromeDriver: chrome on windows (2d26212303075621fb18c4e217ede0e2),proxy=null,downloadsFolder=C:\Users\alexd\Projetos\BookStore_Cucumber\build\downloads\1702286542135_20012_1] in 1 [size=1]
]]></system-err>
  </testcase>
  <testcase name="Given I open Book Store" classname="Scenario: Sort books by title" time="0">
    <system-err><![CDATA[[main] INFO com.codeborne.selenide.impl.FileHelper - Deleted empty folder: C:\Users\alexd\Projetos\BookStore_Cucumber\build\downloads\1702286542135_20012_1
[main] INFO com.codeborne.selenide.drivercommands.CloseDriverCommand - Close webdriver: 1 -> ChromeDriver: chrome on windows (2d26212303075621fb18c4e217ede0e2)...
[main] INFO com.codeborne.selenide.drivercommands.CloseDriverCommand - Closed webdriver 1 in 729 ms
[main] INFO com.codeborne.selenide.drivercommands.DisposablesRegistry - Unregister WebDriverInstance[config=StaticConfig,webDriver=ChromeDriver: chrome on windows (null),proxy=null,downloadsFolder=C:\Users\alexd\Projetos\BookStore_Cucumber\build\downloads\1702286542135_20012_1] in 1 [size=0]
[main] INFO com.codeborne.selenide.impl.WebDriverThreadLocalContainer - No webdriver is bound to current thread: 1 - let's create a new webdriver
[main] INFO com.codeborne.selenide.impl.FileHelper - Creating folder: C:\Users\alexd\Projetos\BookStore_Cucumber\build\downloads\1702286559614_20012_1
[main] INFO com.codeborne.selenide.webdriver.SelenideNettyClientFactory - Changed readTimeout from PT3M to PT1M30S
[main] INFO com.codeborne.selenide.webdriver.SelenideNettyClientFactory - Changed readTimeout from PT3M to PT1M30S
Dec 11, 2023 10:22:43 AM org.openqa.selenium.devtools.CdpVersionFinder findNearestMatch
WARNING: Unable to find an exact match for CDP version 119, so returning the closest version found: 115
[main] INFO com.codeborne.selenide.webdriver.WebDriverFactory - BrowserName=chrome Version=119.0.6045.200 Platform=windows
[main] INFO com.codeborne.selenide.webdriver.WebDriverFactory - Selenide v. 6.17.0
[main] INFO com.codeborne.selenide.webdriver.WebDriverFactory - Selenium WebDriver v. 4.11.0 build revision: 040bc5406b
[main] INFO com.codeborne.selenide.drivercommands.CreateDriverCommand - Created webdriver in thread 1: ChromeDriver -> ChromeDriver: chrome on windows (a55dd8d0aa7c9ce1be790b0f3843f5ee)
[main] INFO com.codeborne.selenide.drivercommands.DisposablesRegistry - Register WebDriverInstance[config=StaticConfig,webDriver=ChromeDriver: chrome on windows (a55dd8d0aa7c9ce1be790b0f3843f5ee),proxy=null,downloadsFolder=C:\Users\alexd\Projetos\BookStore_Cucumber\build\downloads\1702286559614_20012_1] in 1 [size=1]
]]></system-err>
  </testcase>
  <testcase name="Given I open Book Store" classname="Scenario: Sort books by title" time="0">
    <system-err><![CDATA[[main] INFO com.codeborne.selenide.impl.FileHelper - Deleted empty folder: C:\Users\alexd\Projetos\BookStore_Cucumber\build\downloads\1702286559614_20012_1
[main] INFO com.codeborne.selenide.drivercommands.CloseDriverCommand - Close webdriver: 1 -> ChromeDriver: chrome on windows (a55dd8d0aa7c9ce1be790b0f3843f5ee)...
[main] INFO com.codeborne.selenide.drivercommands.CloseDriverCommand - Closed webdriver 1 in 743 ms
[main] INFO com.codeborne.selenide.drivercommands.DisposablesRegistry - Unregister WebDriverInstance[config=StaticConfig,webDriver=ChromeDriver: chrome on windows (null),proxy=null,downloadsFolder=C:\Users\alexd\Projetos\BookStore_Cucumber\build\downloads\1702286559614_20012_1] in 1 [size=0]
[main] INFO com.codeborne.selenide.impl.WebDriverThreadLocalContainer - No webdriver is bound to current thread: 1 - let's create a new webdriver
[main] INFO com.codeborne.selenide.impl.FileHelper - Creating folder: C:\Users\alexd\Projetos\BookStore_Cucumber\build\downloads\1702286580296_20012_1
[main] INFO com.codeborne.selenide.webdriver.SelenideNettyClientFactory - Changed readTimeout from PT3M to PT1M30S
[main] INFO com.codeborne.selenide.webdriver.SelenideNettyClientFactory - Changed readTimeout from PT3M to PT1M30S
Dec 11, 2023 10:23:03 AM org.openqa.selenium.devtools.CdpVersionFinder findNearestMatch
WARNING: Unable to find an exact match for CDP version 119, so returning the closest version found: 115
[main] INFO com.codeborne.selenide.webdriver.WebDriverFactory - BrowserName=chrome Version=119.0.6045.200 Platform=windows
[main] INFO com.codeborne.selenide.webdriver.WebDriverFactory - Selenide v. 6.17.0
[main] INFO com.codeborne.selenide.webdriver.WebDriverFactory - Selenium WebDriver v. 4.11.0 build revision: 040bc5406b
[main] INFO com.codeborne.selenide.drivercommands.CreateDriverCommand - Created webdriver in thread 1: ChromeDriver -> ChromeDriver: chrome on windows (373bf836a86338fae78504742c817fc5)
[main] INFO com.codeborne.selenide.drivercommands.DisposablesRegistry - Register WebDriverInstance[config=StaticConfig,webDriver=ChromeDriver: chrome on windows (373bf836a86338fae78504742c817fc5),proxy=null,downloadsFolder=C:\Users\alexd\Projetos\BookStore_Cucumber\build\downloads\1702286580296_20012_1] in 1 [size=1]
]]></system-err>
  </testcase>
  <testcase name="Given I open Book Store" classname="Scenario: Sort books by title" time="0">
    <system-err><![CDATA[[main] INFO com.codeborne.selenide.impl.WebDriverThreadLocalContainer - No webdriver is bound to current thread: 1 - let's create a new webdriver
[main] INFO com.codeborne.selenide.impl.FileHelper - Creating folder: C:\Users\alexd\Projetos\BookStore_Cucumber\build\downloads\1702286597427_20012_1
[main] INFO com.codeborne.selenide.webdriver.SelenideNettyClientFactory - Changed readTimeout from PT3M to PT1M30S
[main] INFO com.codeborne.selenide.webdriver.SelenideNettyClientFactory - Changed readTimeout from PT3M to PT1M30S
Dec 11, 2023 10:23:20 AM org.openqa.selenium.devtools.CdpVersionFinder findNearestMatch
WARNING: Unable to find an exact match for CDP version 119, so returning the closest version found: 115
[main] INFO com.codeborne.selenide.webdriver.WebDriverFactory - BrowserName=chrome Version=119.0.6045.200 Platform=windows
[main] INFO com.codeborne.selenide.webdriver.WebDriverFactory - Selenide v. 6.17.0
[main] INFO com.codeborne.selenide.webdriver.WebDriverFactory - Selenium WebDriver v. 4.11.0 build revision: 040bc5406b
[main] INFO com.codeborne.selenide.drivercommands.CreateDriverCommand - Created webdriver in thread 1: ChromeDriver -> ChromeDriver: chrome on windows (b27eac200b5b80f9dd7fc6b746178bb0)
[main] INFO com.codeborne.selenide.drivercommands.DisposablesRegistry - Register WebDriverInstance[config=StaticConfig,webDriver=ChromeDriver: chrome on windows (b27eac200b5b80f9dd7fc6b746178bb0),proxy=null,downloadsFolder=C:\Users\alexd\Projetos\BookStore_Cucumber\build\downloads\1702286597427_20012_1] in 1 [size=1]
]]></system-err>
  </testcase>
  <testcase name="Given I open Book Store" classname="Scenario: Sort books by title" time="0">
    <system-err><![CDATA[[main] INFO com.codeborne.selenide.impl.WebDriverThreadLocalContainer - No webdriver is bound to current thread: 1 - let's create a new webdriver
[main] INFO com.codeborne.selenide.impl.FileHelper - Creating folder: C:\Users\alexd\Projetos\BookStore_Cucumber\build\downloads\1702286617727_20012_1
[main] INFO com.codeborne.selenide.webdriver.SelenideNettyClientFactory - Changed readTimeout from PT3M to PT1M30S
[main] INFO com.codeborne.selenide.webdriver.SelenideNettyClientFactory - Changed readTimeout from PT3M to PT1M30S
Dec 11, 2023 10:23:40 AM org.openqa.selenium.devtools.CdpVersionFinder findNearestMatch
WARNING: Unable to find an exact match for CDP version 119, so returning the closest version found: 115
[main] INFO com.codeborne.selenide.webdriver.WebDriverFactory - BrowserName=chrome Version=119.0.6045.200 Platform=windows
[main] INFO com.codeborne.selenide.webdriver.WebDriverFactory - Selenide v. 6.17.0
[main] INFO com.codeborne.selenide.webdriver.WebDriverFactory - Selenium WebDriver v. 4.11.0 build revision: 040bc5406b
[main] INFO com.codeborne.selenide.drivercommands.CreateDriverCommand - Created webdriver in thread 1: ChromeDriver -> ChromeDriver: chrome on windows (143d6a08f39a8e577436b94d8d536fcf)
[main] INFO com.codeborne.selenide.drivercommands.DisposablesRegistry - Register WebDriverInstance[config=StaticConfig,webDriver=ChromeDriver: chrome on windows (143d6a08f39a8e577436b94d8d536fcf),proxy=null,downloadsFolder=C:\Users\alexd\Projetos\BookStore_Cucumber\build\downloads\1702286617727_20012_1] in 1 [size=1]
]]></system-err>
  </testcase>
  <testcase name="Given I open Book Store" classname="Scenario: Sort books by title" time="0">
    <system-err><![CDATA[[main] INFO com.codeborne.selenide.impl.WebDriverThreadLocalContainer - No webdriver is bound to current thread: 1 - let's create a new webdriver
[main] INFO com.codeborne.selenide.impl.FileHelper - Creating folder: C:\Users\alexd\Projetos\BookStore_Cucumber\build\downloads\1702286635901_20012_1
[main] INFO com.codeborne.selenide.webdriver.SelenideNettyClientFactory - Changed readTimeout from PT3M to PT1M30S
[main] INFO com.codeborne.selenide.webdriver.SelenideNettyClientFactory - Changed readTimeout from PT3M to PT1M30S
Dec 11, 2023 10:23:59 AM org.openqa.selenium.devtools.CdpVersionFinder findNearestMatch
WARNING: Unable to find an exact match for CDP version 119, so returning the closest version found: 115
[main] INFO com.codeborne.selenide.webdriver.WebDriverFactory - BrowserName=chrome Version=119.0.6045.200 Platform=windows
[main] INFO com.codeborne.selenide.webdriver.WebDriverFactory - Selenide v. 6.17.0
[main] INFO com.codeborne.selenide.webdriver.WebDriverFactory - Selenium WebDriver v. 4.11.0 build revision: 040bc5406b
[main] INFO com.codeborne.selenide.drivercommands.CreateDriverCommand - Created webdriver in thread 1: ChromeDriver -> ChromeDriver: chrome on windows (24d390abefa7347d839bde2677eeeaec)
[main] INFO com.codeborne.selenide.drivercommands.DisposablesRegistry - Register WebDriverInstance[config=StaticConfig,webDriver=ChromeDriver: chrome on windows (24d390abefa7347d839bde2677eeeaec),proxy=null,downloadsFolder=C:\Users\alexd\Projetos\BookStore_Cucumber\build\downloads\1702286635901_20012_1] in 1 [size=1]
]]></system-err>
  </testcase>
  <testcase name="When I click the Title Header" classname="Scenario: Sort books by title" time="0"/>
  <testcase name="When I click the Title Header" classname="Scenario: Sort books by title" time="0"/>
  <testcase name="Then I see the books sorted in A_Z order" classname="Scenario: Sort books by title" time="0.001">
    <failure message="expected:&lt;[Designing Evolvable Web APIs with ASP.NET, Eloquent JavaScript, Second Edition, Git Pocket Guide, Learning JavaScript Design Patterns, Programming JavaScript Applications, Speaking JavaScript, Understanding ECMAScript 6, You Don&apos;t Know JS]&gt; but was:&lt;[Git Pocket Guide, Learning JavaScript Design Patterns, Designing Evolvable Web APIs with ASP.NET, Speaking JavaScript, You Don&apos;t Know JS, Programming JavaScript Applications, Eloquent JavaScript, Second Edition, Understanding ECMAScript 6]&gt;" type="java.lang.AssertionError"><![CDATA[java.lang.AssertionError: expected:<[Designing Evolvable Web APIs with ASP.NET, Eloquent JavaScript, Second Edition, Git Pocket Guide, Learning JavaScript Design Patterns, Programming JavaScript Applications, Speaking JavaScript, Understanding ECMAScript 6, You Don't Know JS]> but was:<[Git Pocket Guide, Learning JavaScript Design Patterns, Designing Evolvable Web APIs with ASP.NET, Speaking JavaScript, You Don't Know JS, Programming JavaScript Applications, Eloquent JavaScript, Second Edition, Understanding ECMAScript 6]>
	at org.junit.Assert.fail(Assert.java:88)
	at org.junit.Assert.failNotEquals(Assert.java:834)
	at org.junit.Assert.assertEquals(Assert.java:118)
	at org.junit.Assert.assertEquals(Assert.java:144)
	at steps.BookStoreSteps.iSeeTheBooksSortedInA_ZOrder(BookStoreSteps.java:87)
	at ✽.Then I see the books sorted in A_Z order(BookStoreSortTest.feature:10)
]]></failure>
  </testcase>
  <testcase name="Then I see the books sorted in A_Z order" classname="Scenario: Sort books by title" time="0.003">
    <failure message="expected:&lt;[Designing Evolvable Web APIs with ASP.NET, Eloquent JavaScript, Second Edition, Git Pocket Guide, Learning JavaScript Design Patterns, Programming JavaScript Applications, Speaking JavaScript, Understanding ECMAScript 6, You Don&apos;t Know JS]&gt; but was:&lt;[Git Pocket Guide, Learning JavaScript Design Patterns, Designing Evolvable Web APIs with ASP.NET, Speaking JavaScript, You Don&apos;t Know JS, Programming JavaScript Applications, Eloquent JavaScript, Second Edition, Understanding ECMAScript 6]&gt;" type="java.lang.AssertionError"><![CDATA[java.lang.AssertionError: expected:<[Designing Evolvable Web APIs with ASP.NET, Eloquent JavaScript, Second Edition, Git Pocket Guide, Learning JavaScript Design Patterns, Programming JavaScript Applications, Speaking JavaScript, Understanding ECMAScript 6, You Don't Know JS]> but was:<[Git Pocket Guide, Learning JavaScript Design Patterns, Designing Evolvable Web APIs with ASP.NET, Speaking JavaScript, You Don't Know JS, Programming JavaScript Applications, Eloquent JavaScript, Second Edition, Understanding ECMAScript 6]>
	at org.junit.Assert.fail(Assert.java:88)
	at org.junit.Assert.failNotEquals(Assert.java:834)
	at org.junit.Assert.assertEquals(Assert.java:118)
	at org.junit.Assert.assertEquals(Assert.java:144)
	at steps.BookStoreSteps.iSeeTheBooksSortedInA_ZOrder(BookStoreSteps.java:87)
	at ✽.Then I see the books sorted in A_Z order(RegisteredUserSort.feature:17)
]]></failure>
  </testcase>
  <testcase name="" classname="Scenario: Sort books by title" time="0.001">
    <failure message="expected:&lt;[Designing Evolvable Web APIs with ASP.NET, Eloquent JavaScript, Second Edition, Git Pocket Guide, Learning JavaScript Design Patterns, Programming JavaScript Applications, Speaking JavaScript, Understanding ECMAScript 6, You Don&apos;t Know JS]&gt; but was:&lt;[Git Pocket Guide, Learning JavaScript Design Patterns, Designing Evolvable Web APIs with ASP.NET, Speaking JavaScript, You Don&apos;t Know JS, Programming JavaScript Applications, Eloquent JavaScript, Second Edition, Understanding ECMAScript 6]&gt;" type="java.lang.AssertionError"><![CDATA[java.lang.AssertionError: expected:<[Designing Evolvable Web APIs with ASP.NET, Eloquent JavaScript, Second Edition, Git Pocket Guide, Learning JavaScript Design Patterns, Programming JavaScript Applications, Speaking JavaScript, Understanding ECMAScript 6, You Don't Know JS]> but was:<[Git Pocket Guide, Learning JavaScript Design Patterns, Designing Evolvable Web APIs with ASP.NET, Speaking JavaScript, You Don't Know JS, Programming JavaScript Applications, Eloquent JavaScript, Second Edition, Understanding ECMAScript 6]>
	at org.junit.Assert.fail(Assert.java:88)
	at org.junit.Assert.failNotEquals(Assert.java:834)
	at org.junit.Assert.assertEquals(Assert.java:118)
	at org.junit.Assert.assertEquals(Assert.java:144)
	at steps.BookStoreSteps.iSeeTheBooksSortedInA_ZOrder(BookStoreSteps.java:87)
	at ✽.Then I see the books sorted in A_Z order(BookStoreSortTest.feature:10)
]]></failure>
  </testcase>
  <testcase name="" classname="Scenario: Sort books by title" time="0.002">
    <failure message="expected:&lt;[You Don&apos;t Know JS, Understanding ECMAScript 6, Speaking JavaScript, Programming JavaScript Applications, Learning JavaScript Design Patterns, Git Pocket Guide, Eloquent JavaScript, Second Edition, Designing Evolvable Web APIs with ASP.NET]&gt; but was:&lt;[Understanding ECMAScript 6, Eloquent JavaScript, Second Edition, Programming JavaScript Applications, You Don&apos;t Know JS, Speaking JavaScript, Designing Evolvable Web APIs with ASP.NET, Learning JavaScript Design Patterns, Git Pocket Guide]&gt;" type="java.lang.AssertionError"><![CDATA[java.lang.AssertionError: expected:<[You Don't Know JS, Understanding ECMAScript 6, Speaking JavaScript, Programming JavaScript Applications, Learning JavaScript Design Patterns, Git Pocket Guide, Eloquent JavaScript, Second Edition, Designing Evolvable Web APIs with ASP.NET]> but was:<[Understanding ECMAScript 6, Eloquent JavaScript, Second Edition, Programming JavaScript Applications, You Don't Know JS, Speaking JavaScript, Designing Evolvable Web APIs with ASP.NET, Learning JavaScript Design Patterns, Git Pocket Guide]>
	at org.junit.Assert.fail(Assert.java:88)
	at org.junit.Assert.failNotEquals(Assert.java:834)
	at org.junit.Assert.assertEquals(Assert.java:118)
	at org.junit.Assert.assertEquals(Assert.java:144)
	at steps.BookStoreSteps.iSeeTheBooksSortedInZ_AOrder(BookStoreSteps.java:100)
	at ✽.Then I see the books sorted in Z_A order(BookStoreSortTest.feature:15)
]]></failure>
  </testcase>
  <testcase name="" classname="Scenario: Sort books by title" time="0.818">
    <system-err><![CDATA[[main] INFO com.codeborne.selenide.impl.FileHelper - Deleted empty folder: C:\Users\alexd\Projetos\BookStore_Cucumber\build\downloads\1702286285637_20012_1
[main] INFO com.codeborne.selenide.drivercommands.CloseDriverCommand - Close webdriver: 1 -> ChromeDriver: chrome on windows (aa1d7fbe784ae8459f280d7f3d74f918)...
[main] INFO com.codeborne.selenide.drivercommands.CloseDriverCommand - Closed webdriver 1 in 795 ms
[main] INFO com.codeborne.selenide.drivercommands.DisposablesRegistry - Unregister WebDriverInstance[config=StaticConfig,webDriver=ChromeDriver: chrome on windows (null),proxy=null,downloadsFolder=C:\Users\alexd\Projetos\BookStore_Cucumber\build\downloads\1702286285637_20012_1] in 1 [size=0]
]]></system-err>
  </testcase>
  <testcase name="" classname="Scenario: Sort books by title" time="0.674">
    <system-err><![CDATA[[main] INFO com.codeborne.selenide.impl.FileHelper - Deleted empty folder: C:\Users\alexd\Projetos\BookStore_Cucumber\build\downloads\1702286299608_20012_1
[main] INFO com.codeborne.selenide.drivercommands.CloseDriverCommand - Close webdriver: 1 -> ChromeDriver: chrome on windows (32b6d005a324d0af36e5a412545081dc)...
[main] INFO com.codeborne.selenide.drivercommands.CloseDriverCommand - Closed webdriver 1 in 652 ms
[main] INFO com.codeborne.selenide.drivercommands.DisposablesRegistry - Unregister WebDriverInstance[config=StaticConfig,webDriver=ChromeDriver: chrome on windows (null),proxy=null,downloadsFolder=C:\Users\alexd\Projetos\BookStore_Cucumber\build\downloads\1702286299608_20012_1] in 1 [size=0]
]]></system-err>
  </testcase>
  <testcase name="" classname="Scenario: Sort books by title" time="0.639">
    <system-err><![CDATA[[main] INFO com.codeborne.selenide.impl.FileHelper - Deleted empty folder: C:\Users\alexd\Projetos\BookStore_Cucumber\build\downloads\1702286314296_20012_1
[main] INFO com.codeborne.selenide.drivercommands.CloseDriverCommand - Close webdriver: 1 -> ChromeDriver: chrome on windows (699f712b6f9aec53b28b436eba0be1c2)...
[main] INFO com.codeborne.selenide.drivercommands.CloseDriverCommand - Closed webdriver 1 in 627 ms
[main] INFO com.codeborne.selenide.drivercommands.DisposablesRegistry - Unregister WebDriverInstance[config=StaticConfig,webDriver=ChromeDriver: chrome on windows (null),proxy=null,downloadsFolder=C:\Users\alexd\Projetos\BookStore_Cucumber\build\downloads\1702286314296_20012_1] in 1 [size=0]
]]></system-err>
  </testcase>
  <testcase name="" classname="Scenario: Sort books by title" time="0.709">
    <system-err><![CDATA[[main] INFO com.codeborne.selenide.impl.FileHelper - Deleted empty folder: C:\Users\alexd\Projetos\BookStore_Cucumber\build\downloads\1702286332275_20012_1
[main] INFO com.codeborne.selenide.drivercommands.CloseDriverCommand - Close webdriver: 1 -> ChromeDriver: chrome on windows (3877cf4f5bf1ce3a2acbb5361cbf74a7)...
[main] INFO com.codeborne.selenide.drivercommands.CloseDriverCommand - Closed webdriver 1 in 683 ms
[main] INFO com.codeborne.selenide.drivercommands.DisposablesRegistry - Unregister WebDriverInstance[config=StaticConfig,webDriver=ChromeDriver: chrome on windows (null),proxy=null,downloadsFolder=C:\Users\alexd\Projetos\BookStore_Cucumber\build\downloads\1702286332275_20012_1] in 1 [size=0]
]]></system-err>
  </testcase>
  <testcase name="" classname="Scenario: Sort books by title" time="0.004">
    <failure message="expected:&lt;[Designing Evolvable Web APIs with ASP.NET, Eloquent JavaScript, Second Edition, Git Pocket Guide, Learning JavaScript Design Patterns, Programming JavaScript Applications, Speaking JavaScript, Understanding ECMAScript 6, You Don&apos;t Know JS]&gt; but was:&lt;[Git Pocket Guide, Learning JavaScript Design Patterns, Designing Evolvable Web APIs with ASP.NET, Speaking JavaScript, You Don&apos;t Know JS, Programming JavaScript Applications, Eloquent JavaScript, Second Edition, Understanding ECMAScript 6]&gt;" type="java.lang.AssertionError"><![CDATA[java.lang.AssertionError: expected:<[Designing Evolvable Web APIs with ASP.NET, Eloquent JavaScript, Second Edition, Git Pocket Guide, Learning JavaScript Design Patterns, Programming JavaScript Applications, Speaking JavaScript, Understanding ECMAScript 6, You Don't Know JS]> but was:<[Git Pocket Guide, Learning JavaScript Design Patterns, Designing Evolvable Web APIs with ASP.NET, Speaking JavaScript, You Don't Know JS, Programming JavaScript Applications, Eloquent JavaScript, Second Edition, Understanding ECMAScript 6]>
	at org.junit.Assert.fail(Assert.java:88)
	at org.junit.Assert.failNotEquals(Assert.java:834)
	at org.junit.Assert.assertEquals(Assert.java:118)
	at org.junit.Assert.assertEquals(Assert.java:144)
	at steps.BookStoreSteps.iSeeTheBooksSortedInA_ZOrder(BookStoreSteps.java:87)
	at ✽.Then I see the books sorted in A_Z order(RegisteredUserSort.feature:17)
]]></failure>
  </testcase>
  <testcase name="" classname="Scenario: Sort books by title" time="0.003">
    <failure message="expected:&lt;[You Don&apos;t Know JS, Understanding ECMAScript 6, Speaking JavaScript, Programming JavaScript Applications, Learning JavaScript Design Patterns, Git Pocket Guide, Eloquent JavaScript, Second Edition, Designing Evolvable Web APIs with ASP.NET]&gt; but was:&lt;[Understanding ECMAScript 6, Eloquent JavaScript, Second Edition, Programming JavaScript Applications, You Don&apos;t Know JS, Speaking JavaScript, Designing Evolvable Web APIs with ASP.NET, Learning JavaScript Design Patterns, Git Pocket Guide]&gt;" type="java.lang.AssertionError"><![CDATA[java.lang.AssertionError: expected:<[You Don't Know JS, Understanding ECMAScript 6, Speaking JavaScript, Programming JavaScript Applications, Learning JavaScript Design Patterns, Git Pocket Guide, Eloquent JavaScript, Second Edition, Designing Evolvable Web APIs with ASP.NET]> but was:<[Understanding ECMAScript 6, Eloquent JavaScript, Second Edition, Programming JavaScript Applications, You Don't Know JS, Speaking JavaScript, Designing Evolvable Web APIs with ASP.NET, Learning JavaScript Design Patterns, Git Pocket Guide]>
	at org.junit.Assert.fail(Assert.java:88)
	at org.junit.Assert.failNotEquals(Assert.java:834)
	at org.junit.Assert.assertEquals(Assert.java:118)
	at org.junit.Assert.assertEquals(Assert.java:144)
	at steps.BookStoreSteps.iSeeTheBooksSortedInZ_AOrder(BookStoreSteps.java:100)
	at ✽.Then I see the books sorted in Z_A order(RegisteredUserSort.feature:24)
]]></failure>
  </testcase>
  <testcase name="" classname="Scenario: Sort books by title" time="0.723">
    <system-err><![CDATA[[main] INFO com.codeborne.selenide.impl.FileHelper - Deleted empty folder: C:\Users\alexd\Projetos\BookStore_Cucumber\build\downloads\1702286580296_20012_1
[main] INFO com.codeborne.selenide.drivercommands.CloseDriverCommand - Close webdriver: 1 -> ChromeDriver: chrome on windows (373bf836a86338fae78504742c817fc5)...
[main] INFO com.codeborne.selenide.drivercommands.CloseDriverCommand - Closed webdriver 1 in 716 ms
[main] INFO com.codeborne.selenide.drivercommands.DisposablesRegistry - Unregister WebDriverInstance[config=StaticConfig,webDriver=ChromeDriver: chrome on windows (null),proxy=null,downloadsFolder=C:\Users\alexd\Projetos\BookStore_Cucumber\build\downloads\1702286580296_20012_1] in 1 [size=0]
]]></system-err>
  </testcase>
  <testcase name="" classname="Scenario: Sort books by title" time="0.591">
    <system-err><![CDATA[[main] INFO com.codeborne.selenide.impl.FileHelper - Deleted empty folder: C:\Users\alexd\Projetos\BookStore_Cucumber\build\downloads\1702286597427_20012_1
[main] INFO com.codeborne.selenide.drivercommands.CloseDriverCommand - Close webdriver: 1 -> ChromeDriver: chrome on windows (b27eac200b5b80f9dd7fc6b746178bb0)...
[main] INFO com.codeborne.selenide.drivercommands.CloseDriverCommand - Closed webdriver 1 in 585 ms
[main] INFO com.codeborne.selenide.drivercommands.DisposablesRegistry - Unregister WebDriverInstance[config=StaticConfig,webDriver=ChromeDriver: chrome on windows (null),proxy=null,downloadsFolder=C:\Users\alexd\Projetos\BookStore_Cucumber\build\downloads\1702286597427_20012_1] in 1 [size=0]
]]></system-err>
  </testcase>
  <testcase name="" classname="Scenario: Sort books by title" time="0.587">
    <system-err><![CDATA[[main] INFO com.codeborne.selenide.impl.FileHelper - Deleted empty folder: C:\Users\alexd\Projetos\BookStore_Cucumber\build\downloads\1702286617727_20012_1
[main] INFO com.codeborne.selenide.drivercommands.CloseDriverCommand - Close webdriver: 1 -> ChromeDriver: chrome on windows (143d6a08f39a8e577436b94d8d536fcf)...
[main] INFO com.codeborne.selenide.drivercommands.CloseDriverCommand - Closed webdriver 1 in 543 ms
[main] INFO com.codeborne.selenide.drivercommands.DisposablesRegistry - Unregister WebDriverInstance[config=StaticConfig,webDriver=ChromeDriver: chrome on windows (null),proxy=null,downloadsFolder=C:\Users\alexd\Projetos\BookStore_Cucumber\build\downloads\1702286617727_20012_1] in 1 [size=0]
]]></system-err>
  </testcase>
  <testcase name="" classname="Scenario: Sort books by title" time="0.764">
    <system-err><![CDATA[[main] INFO com.codeborne.selenide.impl.FileHelper - Deleted empty folder: C:\Users\alexd\Projetos\BookStore_Cucumber\build\downloads\1702286635901_20012_1
[main] INFO com.codeborne.selenide.drivercommands.CloseDriverCommand - Close webdriver: 1 -> ChromeDriver: chrome on windows (24d390abefa7347d839bde2677eeeaec)...
[main] INFO com.codeborne.selenide.drivercommands.CloseDriverCommand - Closed webdriver 1 in 756 ms
[main] INFO com.codeborne.selenide.drivercommands.DisposablesRegistry - Unregister WebDriverInstance[config=StaticConfig,webDriver=ChromeDriver: chrome on windows (null),proxy=null,downloadsFolder=C:\Users\alexd\Projetos\BookStore_Cucumber\build\downloads\1702286635901_20012_1] in 1 [size=0]
]]></system-err>
  </testcase>
  <testcase name="When I double click the Title Header" classname="Scenario: Sort books by title" time="0.001"/>
  <testcase name="When I double click the Title Header" classname="Scenario: Sort books by title" time="0"/>
  <testcase name="Then I see the books sorted in Z_A order" classname="Scenario: Sort books by title" time="0.001">
    <failure message="expected:&lt;[You Don&apos;t Know JS, Understanding ECMAScript 6, Speaking JavaScript, Programming JavaScript Applications, Learning JavaScript Design Patterns, Git Pocket Guide, Eloquent JavaScript, Second Edition, Designing Evolvable Web APIs with ASP.NET]&gt; but was:&lt;[Understanding ECMAScript 6, Eloquent JavaScript, Second Edition, Programming JavaScript Applications, You Don&apos;t Know JS, Speaking JavaScript, Designing Evolvable Web APIs with ASP.NET, Learning JavaScript Design Patterns, Git Pocket Guide]&gt;" type="java.lang.AssertionError"><![CDATA[java.lang.AssertionError: expected:<[You Don't Know JS, Understanding ECMAScript 6, Speaking JavaScript, Programming JavaScript Applications, Learning JavaScript Design Patterns, Git Pocket Guide, Eloquent JavaScript, Second Edition, Designing Evolvable Web APIs with ASP.NET]> but was:<[Understanding ECMAScript 6, Eloquent JavaScript, Second Edition, Programming JavaScript Applications, You Don't Know JS, Speaking JavaScript, Designing Evolvable Web APIs with ASP.NET, Learning JavaScript Design Patterns, Git Pocket Guide]>
	at org.junit.Assert.fail(Assert.java:88)
	at org.junit.Assert.failNotEquals(Assert.java:834)
	at org.junit.Assert.assertEquals(Assert.java:118)
	at org.junit.Assert.assertEquals(Assert.java:144)
	at steps.BookStoreSteps.iSeeTheBooksSortedInZ_AOrder(BookStoreSteps.java:100)
	at ✽.Then I see the books sorted in Z_A order(BookStoreSortTest.feature:15)
]]></failure>
  </testcase>
  <testcase name="Then I see the books sorted in Z_A order" classname="Scenario: Sort books by title" time="0.001">
    <failure message="expected:&lt;[You Don&apos;t Know JS, Understanding ECMAScript 6, Speaking JavaScript, Programming JavaScript Applications, Learning JavaScript Design Patterns, Git Pocket Guide, Eloquent JavaScript, Second Edition, Designing Evolvable Web APIs with ASP.NET]&gt; but was:&lt;[Understanding ECMAScript 6, Eloquent JavaScript, Second Edition, Programming JavaScript Applications, You Don&apos;t Know JS, Speaking JavaScript, Designing Evolvable Web APIs with ASP.NET, Learning JavaScript Design Patterns, Git Pocket Guide]&gt;" type="java.lang.AssertionError"><![CDATA[java.lang.AssertionError: expected:<[You Don't Know JS, Understanding ECMAScript 6, Speaking JavaScript, Programming JavaScript Applications, Learning JavaScript Design Patterns, Git Pocket Guide, Eloquent JavaScript, Second Edition, Designing Evolvable Web APIs with ASP.NET]> but was:<[Understanding ECMAScript 6, Eloquent JavaScript, Second Edition, Programming JavaScript Applications, You Don't Know JS, Speaking JavaScript, Designing Evolvable Web APIs with ASP.NET, Learning JavaScript Design Patterns, Git Pocket Guide]>
	at org.junit.Assert.fail(Assert.java:88)
	at org.junit.Assert.failNotEquals(Assert.java:834)
	at org.junit.Assert.assertEquals(Assert.java:118)
	at org.junit.Assert.assertEquals(Assert.java:144)
	at steps.BookStoreSteps.iSeeTheBooksSortedInZ_AOrder(BookStoreSteps.java:100)
	at ✽.Then I see the books sorted in Z_A order(RegisteredUserSort.feature:24)
]]></failure>
  </testcase>
  <testcase name="When I click the Author Header" classname="Scenario: Sort books by title" time="0.001"/>
  <testcase name="When I click the Author Header" classname="Scenario: Sort books by title" time="0"/>
  <testcase name="Then I see the books sorted by author in A_Z order" classname="Scenario: Sort books by title" time="0.001"/>
  <testcase name="Then I see the books sorted by author in A_Z order" classname="Scenario: Sort books by title" time="0"/>
  <testcase name="When I double click the Author Header" classname="Scenario: Sort books by title" time="0"/>
  <testcase name="When I double click the Author Header" classname="Scenario: Sort books by title" time="0"/>
  <testcase name="Then I see the books sorted by author in Z_A order" classname="Scenario: Sort books by title" time="0"/>
  <testcase name="Then I see the books sorted by author in Z_A order" classname="Scenario: Sort books by title" time="0"/>
  <testcase name="When I click the Publisher Header" classname="Scenario: Sort books by title" time="0"/>
  <testcase name="When I click the Publisher Header" classname="Scenario: Sort books by title" time="0"/>
  <testcase name="Then I see the books sorted by publisher in A_Z order" classname="Scenario: Sort books by title" time="0"/>
  <testcase name="Then I see the books sorted by publisher in A_Z order" classname="Scenario: Sort books by title" time="0"/>
  <testcase name="When I double click the Publisher Header" classname="Scenario: Sort books by title" time="0"/>
  <testcase name="When I double click the Publisher Header" classname="Scenario: Sort books by title" time="0"/>
  <testcase name="Then I see the books sorted by publisher in Z_A order" classname="Scenario: Sort books by title" time="0.001"/>
  <testcase name="Then I see the books sorted by publisher in Z_A order" classname="Scenario: Sort books by title" time="0"/>
  <testcase name="When I follow Login Link" classname="Scenario: Sort books by title" time="0"/>
  <testcase name="When I follow Login Link" classname="Scenario: Sort books by title" time="0"/>
  <testcase name="When I follow Login Link" classname="Scenario: Sort books by title" time="0"/>
  <testcase name="When I follow Login Link" classname="Scenario: Sort books by title" time="0"/>
  <testcase name="When I follow Login Link" classname="Scenario: Sort books by title" time="0"/>
  <testcase name="When I follow Login Link" classname="Scenario: Sort books by title" time="0.001"/>
  <testcase name="And I input &quot;Ronny&quot; to userName field" classname="Scenario: Sort books by title" time="0"/>
  <testcase name="And I input &quot;Ronny&quot; to userName field" classname="Scenario: Sort books by title" time="0"/>
  <testcase name="And I input &quot;Ronny&quot; to userName field" classname="Scenario: Sort books by title" time="0"/>
  <testcase name="And I input &quot;Ronny&quot; to userName field" classname="Scenario: Sort books by title" time="0"/>
  <testcase name="And I input &quot;Ronny&quot; to userName field" classname="Scenario: Sort books by title" time="0"/>
  <testcase name="And I input &quot;Ronny&quot; to userName field" classname="Scenario: Sort books by title" time="0"/>
  <testcase name="And I input &quot;123Ron321&amp;&quot; to password field" classname="Scenario: Sort books by title" time="0"/>
  <testcase name="And I input &quot;123Ron321&amp;&quot; to password field" classname="Scenario: Sort books by title" time="0"/>
  <testcase name="And I input &quot;123Ron321&amp;&quot; to password field" classname="Scenario: Sort books by title" time="0"/>
  <testcase name="And I input &quot;123Ron321&amp;&quot; to password field" classname="Scenario: Sort books by title" time="0"/>
  <testcase name="And I input &quot;123Ron321&amp;&quot; to password field" classname="Scenario: Sort books by title" time="0"/>
  <testcase name="And I input &quot;123Ron321&amp;&quot; to password field" classname="Scenario: Sort books by title" time="0"/>
[...]
[main] INFO com.codeborne.selenide.drivercommands.CloseDriverCommand - Closed webdriver 1 in 745 ms
[main] INFO com.codeborne.selenide.drivercommands.DisposablesRegistry - Unregister WebDriverInstance[config=StaticConfig,webDriver=ChromeDriver: chrome on windows (null),proxy=null,downloadsFolder=C:\Users\alexd\Projetos\BookStore_Cucumber\build\downloads\1702286399908_20012_1] in 1 [size=0]
]]></system-err>
  </testcase>
  <testcase name="Given I open Book Store" classname="|  | 123Ron321&amp; | Please fill out this field. |" time="0">
    <system-err><![CDATA[[main] INFO com.codeborne.selenide.impl.WebDriverThreadLocalContainer - No webdriver is bound to current thread: 1 - let's create a new webdriver
[main] INFO com.codeborne.selenide.impl.FileHelper - Creating folder: C:\Users\alexd\Projetos\BookStore_Cucumber\build\downloads\1702286417550_20012_1
[main] INFO com.codeborne.selenide.webdriver.SelenideNettyClientFactory - Changed readTimeout from PT3M to PT1M30S
[main] INFO com.codeborne.selenide.webdriver.SelenideNettyClientFactory - Changed readTimeout from PT3M to PT1M30S
Dec 11, 2023 10:20:21 AM org.openqa.selenium.devtools.CdpVersionFinder findNearestMatch
WARNING: Unable to find an exact match for CDP version 119, so returning the closest version found: 115
[main] INFO com.codeborne.selenide.webdriver.WebDriverFactory - BrowserName=chrome Version=119.0.6045.200 Platform=windows
[main] INFO com.codeborne.selenide.webdriver.WebDriverFactory - Selenide v. 6.17.0
[main] INFO com.codeborne.selenide.webdriver.WebDriverFactory - Selenium WebDriver v. 4.11.0 build revision: 040bc5406b
[main] INFO com.codeborne.selenide.drivercommands.CreateDriverCommand - Created webdriver in thread 1: ChromeDriver -> ChromeDriver: chrome on windows (357ee0c1abf10a62dae96ae31007df02)
[main] INFO com.codeborne.selenide.drivercommands.DisposablesRegistry - Register WebDriverInstance[config=StaticConfig,webDriver=ChromeDriver: chrome on windows (357ee0c1abf10a62dae96ae31007df02),proxy=null,downloadsFolder=C:\Users\alexd\Projetos\BookStore_Cucumber\build\downloads\1702286417550_20012_1] in 1 [size=1]
]]></system-err>
  </testcase>
  <testcase name="When I follow Login Link" classname="|  | 123Ron321&amp; | Please fill out this field. |" time="0"/>
  <testcase name="And I input &quot;&quot; to userName field" classname="|  | 123Ron321&amp; | Please fill out this field. |" time="0"/>
  <testcase name="And I input &quot;123Ron321&amp;&quot; to password field" classname="|  | 123Ron321&amp; | Please fill out this field. |" time="0"/>
  <testcase name="When I click the Login button" classname="|  | 123Ron321&amp; | Please fill out this field. |" time="0"/>
  <testcase name="Then I see the following message &quot;Please fill out this field.&quot; is displayed" classname="|  | 123Ron321&amp; | Please fill out this field. |" time="0"/>
  <testcase name="" classname="|  | 123Ron321&amp; | Please fill out this field. |" time="0.667">
    <system-err><![CDATA[[main] INFO com.codeborne.selenide.impl.FileHelper - Deleted empty folder: C:\Users\alexd\Projetos\BookStore_Cucumber\build\downloads\1702286417550_20012_1
[main] INFO com.codeborne.selenide.drivercommands.CloseDriverCommand - Close webdriver: 1 -> ChromeDriver: chrome on windows (357ee0c1abf10a62dae96ae31007df02)...
[main] INFO com.codeborne.selenide.drivercommands.CloseDriverCommand - Closed webdriver 1 in 660 ms
[main] INFO com.codeborne.selenide.drivercommands.DisposablesRegistry - Unregister WebDriverInstance[config=StaticConfig,webDriver=ChromeDriver: chrome on windows (null),proxy=null,downloadsFolder=C:\Users\alexd\Projetos\BookStore_Cucumber\build\downloads\1702286417550_20012_1] in 1 [size=0]
]]></system-err>
  </testcase>
  <testcase name="Given I open Book Store" classname="| Ronny |  | Please fill out this field. |" time="0">
    <system-err><![CDATA[[main] INFO com.codeborne.selenide.impl.WebDriverThreadLocalContainer - No webdriver is bound to current thread: 1 - let's create a new webdriver
[main] INFO com.codeborne.selenide.impl.FileHelper - Creating folder: C:\Users\alexd\Projetos\BookStore_Cucumber\build\downloads\1702286432878_20012_1
[main] INFO com.codeborne.selenide.webdriver.SelenideNettyClientFactory - Changed readTimeout from PT3M to PT1M30S
[main] INFO com.codeborne.selenide.webdriver.SelenideNettyClientFactory - Changed readTimeout from PT3M to PT1M30S
Dec 11, 2023 10:20:36 AM org.openqa.selenium.devtools.CdpVersionFinder findNearestMatch
WARNING: Unable to find an exact match for CDP version 119, so returning the closest version found: 115
[main] INFO com.codeborne.selenide.webdriver.WebDriverFactory - BrowserName=chrome Version=119.0.6045.200 Platform=windows
[main] INFO com.codeborne.selenide.webdriver.WebDriverFactory - Selenide v. 6.17.0
[main] INFO com.codeborne.selenide.webdriver.WebDriverFactory - Selenium WebDriver v. 4.11.0 build revision: 040bc5406b
[main] INFO com.codeborne.selenide.drivercommands.CreateDriverCommand - Created webdriver in thread 1: ChromeDriver -> ChromeDriver: chrome on windows (de8d8daa9863ac2af08598a96f394512)
[main] INFO com.codeborne.selenide.drivercommands.DisposablesRegistry - Register WebDriverInstance[config=StaticConfig,webDriver=ChromeDriver: chrome on windows (de8d8daa9863ac2af08598a96f394512),proxy=null,downloadsFolder=C:\Users\alexd\Projetos\BookStore_Cucumber\build\downloads\1702286432878_20012_1] in 1 [size=1]
]]></system-err>
  </testcase>
  <testcase name="When I follow Login Link" classname="| Ronny |  | Please fill out this field. |" time="0"/>
  <testcase name="And I input &quot;Ronny&quot; to userName field" classname="| Ronny |  | Please fill out this field. |" time="0"/>
  <testcase name="And I input &quot;&quot; to password field" classname="| Ronny |  | Please fill out this field. |" time="0"/>
  <testcase name="When I click the Login button" classname="| Ronny |  | Please fill out this field. |" time="0"/>
  <testcase name="Then I see the following message &quot;Please fill out this field.&quot; is displayed" classname="| Ronny |  | Please fill out this field. |" time="0"/>
  <testcase name="" classname="| Ronny |  | Please fill out this field. |" time="0.624">
    <system-err><![CDATA[[main] INFO com.codeborne.selenide.impl.FileHelper - Deleted empty folder: C:\Users\alexd\Projetos\BookStore_Cucumber\build\downloads\1702286432878_20012_1
[main] INFO com.codeborne.selenide.drivercommands.CloseDriverCommand - Close webdriver: 1 -> ChromeDriver: chrome on windows (de8d8daa9863ac2af08598a96f394512)...
[main] INFO com.codeborne.selenide.drivercommands.CloseDriverCommand - Closed webdriver 1 in 615 ms
[main] INFO com.codeborne.selenide.drivercommands.DisposablesRegistry - Unregister WebDriverInstance[config=StaticConfig,webDriver=ChromeDriver: chrome on windows (null),proxy=null,downloadsFolder=C:\Users\alexd\Projetos\BookStore_Cucumber\build\downloads\1702286432878_20012_1] in 1 [size=0]
]]></system-err>
  </testcase>
  <testcase name="Given I open Book Store" classname="|  |  | Please fill out this field. |" time="0">
    <system-err><![CDATA[[main] INFO com.codeborne.selenide.impl.WebDriverThreadLocalContainer - No webdriver is bound to current thread: 1 - let's create a new webdriver
[main] INFO com.codeborne.selenide.impl.FileHelper - Creating folder: C:\Users\alexd\Projetos\BookStore_Cucumber\build\downloads\1702286450142_20012_1
[main] INFO com.codeborne.selenide.webdriver.SelenideNettyClientFactory - Changed readTimeout from PT3M to PT1M30S
[main] INFO com.codeborne.selenide.webdriver.SelenideNettyClientFactory - Changed readTimeout from PT3M to PT1M30S
Dec 11, 2023 10:20:53 AM org.openqa.selenium.devtools.CdpVersionFinder findNearestMatch
WARNING: Unable to find an exact match for CDP version 119, so returning the closest version found: 115
[main] INFO com.codeborne.selenide.webdriver.WebDriverFactory - BrowserName=chrome Version=119.0.6045.200 Platform=windows
[main] INFO com.codeborne.selenide.webdriver.WebDriverFactory - Selenide v. 6.17.0
[main] INFO com.codeborne.selenide.webdriver.WebDriverFactory - Selenium WebDriver v. 4.11.0 build revision: 040bc5406b
[main] INFO com.codeborne.selenide.drivercommands.CreateDriverCommand - Created webdriver in thread 1: ChromeDriver -> ChromeDriver: chrome on windows (3e7182bc5c1080841eec16e45671fa1d)
[main] INFO com.codeborne.selenide.drivercommands.DisposablesRegistry - Register WebDriverInstance[config=StaticConfig,webDriver=ChromeDriver: chrome on windows (3e7182bc5c1080841eec16e45671fa1d),proxy=null,downloadsFolder=C:\Users\alexd\Projetos\BookStore_Cucumber\build\downloads\1702286450142_20012_1] in 1 [size=1]
]]></system-err>
  </testcase>
  <testcase name="When I follow Login Link" classname="|  |  | Please fill out this field. |" time="0"/>
  <testcase name="And I input &quot;&quot; to userName field" classname="|  |  | Please fill out this field. |" time="0"/>
  <testcase name="And I input &quot;&quot; to password field" classname="|  |  | Please fill out this field. |" time="0"/>
  <testcase name="When I click the Login button" classname="|  |  | Please fill out this field. |" time="0"/>
  <testcase name="Then I see the following message &quot;Please fill out this field.&quot; is displayed" classname="|  |  | Please fill out this field. |" time="0"/>
  <testcase name="" classname="|  |  | Please fill out this field. |" time="0.679">
    <system-err><![CDATA[[main] INFO com.codeborne.selenide.impl.FileHelper - Deleted empty folder: C:\Users\alexd\Projetos\BookStore_Cucumber\build\downloads\1702286450142_20012_1
[main] INFO com.codeborne.selenide.drivercommands.CloseDriverCommand - Close webdriver: 1 -> ChromeDriver: chrome on windows (3e7182bc5c1080841eec16e45671fa1d)...
[main] INFO com.codeborne.selenide.drivercommands.CloseDriverCommand - Closed webdriver 1 in 662 ms
[main] INFO com.codeborne.selenide.drivercommands.DisposablesRegistry - Unregister WebDriverInstance[config=StaticConfig,webDriver=ChromeDriver: chrome on windows (null),proxy=null,downloadsFolder=C:\Users\alexd\Projetos\BookStore_Cucumber\build\downloads\1702286450142_20012_1] in 1 [size=0]
]]></system-err>
  </testcase>
  <testcase name="Given I open Book Store" classname="Scenario: Successful logout" time="0.001">
    <system-err><![CDATA[[main] INFO com.codeborne.selenide.impl.WebDriverThreadLocalContainer - No webdriver is bound to current thread: 1 - let's create a new webdriver
[main] INFO com.codeborne.selenide.impl.FileHelper - Creating folder: C:\Users\alexd\Projetos\BookStore_Cucumber\build\downloads\1702286467265_20012_1
[main] INFO com.codeborne.selenide.webdriver.SelenideNettyClientFactory - Changed readTimeout from PT3M to PT1M30S
[main] INFO com.codeborne.selenide.webdriver.SelenideNettyClientFactory - Changed readTimeout from PT3M to PT1M30S
Dec 11, 2023 10:21:10 AM org.openqa.selenium.devtools.CdpVersionFinder findNearestMatch
WARNING: Unable to find an exact match for CDP version 119, so returning the closest version found: 115
[main] INFO com.codeborne.selenide.webdriver.WebDriverFactory - BrowserName=chrome Version=119.0.6045.200 Platform=windows
[main] INFO com.codeborne.selenide.webdriver.WebDriverFactory - Selenide v. 6.17.0
[main] INFO com.codeborne.selenide.webdriver.WebDriverFactory - Selenium WebDriver v. 4.11.0 build revision: 040bc5406b
[main] INFO com.codeborne.selenide.drivercommands.CreateDriverCommand - Created webdriver in thread 1: ChromeDriver -> ChromeDriver: chrome on windows (d7678b774afec6dcfe184e73c24e7883)
[main] INFO com.codeborne.selenide.drivercommands.DisposablesRegistry - Register WebDriverInstance[config=StaticConfig,webDriver=ChromeDriver: chrome on windows (d7678b774afec6dcfe184e73c24e7883),proxy=null,downloadsFolder=C:\Users\alexd\Projetos\BookStore_Cucumber\build\downloads\1702286467265_20012_1] in 1 [size=1]
]]></system-err>
  </testcase>
  <testcase name="When I follow Login Link" classname="Scenario: Successful logout" time="0.001"/>
  <testcase name="And I input &quot;Ronny&quot; to userName field" classname="Scenario: Successful logout" time="0"/>
  <testcase name="And I input &quot;123Ron321&amp;&quot; to password field" classname="Scenario: Successful logout" time="0"/>
  <testcase name="When I click the Login button" classname="Scenario: Successful logout" time="0"/>
  <testcase name="Then I am on the Profile page" classname="Scenario: Successful logout" time="0"/>
  <testcase name="And I see the Profile Book Catalog empty" classname="Scenario: Successful logout" time="0.002">
    <failure message="List size mismatch: expected: = 0, actual: 1, collection: [class =&apos;rt-tr-group&apos;].filter(not empty: attribute value=&quot;&quot; and exact text &quot;&quot;)&#10;Screenshot: file:/C:/Users/alexd/Projetos/BookStore_Cucumber/build/reports/tests/1702286487685.1.png&#10;Page source: file:/C:/Users/alexd/Projetos/BookStore_Cucumber/build/reports/tests/1702286487685.1.html&#10;Timeout: 4 s." type="List size mismatch"><![CDATA[List size mismatch: expected: = 0, actual: 1, collection: [class ='rt-tr-group'].filter(not empty: attribute value="" and exact text "")
Screenshot: file:/C:/Users/alexd/Projetos/BookStore_Cucumber/build/reports/tests/1702286487685.1.png
Page source: file:/C:/Users/alexd/Projetos/BookStore_Cucumber/build/reports/tests/1702286487685.1.html
Timeout: 4 s.
	at com.codeborne.selenide.collections.CollectionSizeCondition.fail(CollectionSizeCondition.java:40)
	at com.codeborne.selenide.collections.ListSize.fail(ListSize.java:6)
	at com.codeborne.selenide.ElementsCollection.waitUntil(ElementsCollection.java:200)
	at com.codeborne.selenide.ElementsCollection.should(ElementsCollection.java:145)
	at com.codeborne.selenide.ElementsCollection.shouldHave(ElementsCollection.java:119)
	at steps.ProfileSteps.iSeeTheProfileBookCatalogEmpty(ProfileSteps.java:16)
	at ✽.And I see the Profile Book Catalog empty(LogotTest.feature:11)
]]></failure>
  </testcase>
  <testcase name="" classname="Scenario: Successful logout" time="0.003">
    <failure message="List size mismatch: expected: = 0, actual: 1, collection: [class =&apos;rt-tr-group&apos;].filter(not empty: attribute value=&quot;&quot; and exact text &quot;&quot;)&#10;Screenshot: file:/C:/Users/alexd/Projetos/BookStore_Cucumber/build/reports/tests/1702286487685.1.png&#10;Page source: file:/C:/Users/alexd/Projetos/BookStore_Cucumber/build/reports/tests/1702286487685.1.html&#10;Timeout: 4 s." type="List size mismatch"><![CDATA[List size mismatch: expected: = 0, actual: 1, collection: [class ='rt-tr-group'].filter(not empty: attribute value="" and exact text "")
Screenshot: file:/C:/Users/alexd/Projetos/BookStore_Cucumber/build/reports/tests/1702286487685.1.png
Page source: file:/C:/Users/alexd/Projetos/BookStore_Cucumber/build/reports/tests/1702286487685.1.html
Timeout: 4 s.
	at com.codeborne.selenide.collections.CollectionSizeCondition.fail(CollectionSizeCondition.java:40)
	at com.codeborne.selenide.collections.ListSize.fail(ListSize.java:6)
	at com.codeborne.selenide.ElementsCollection.waitUntil(ElementsCollection.java:200)
	at com.codeborne.selenide.ElementsCollection.should(ElementsCollection.java:145)
	at com.codeborne.selenide.ElementsCollection.shouldHave(ElementsCollection.java:119)
	at steps.ProfileSteps.iSeeTheProfileBookCatalogEmpty(ProfileSteps.java:16)
	at ✽.And I see the Profile Book Catalog empty(LogotTest.feature:11)
]]></failure>
  </testcase>
  <testcase name="When I click Log Out button" classname="Scenario: Successful logout" time="0">
    <skipped/>
  </testcase>
  <testcase name="Then I am on the Login page" classname="Scenario: Successful logout" time="0">
    <skipped/>
  </testcase>
  <testcase name="When I follow the Profile link on the Sidebar" classname="Scenario: Successful logout" time="0">
    <skipped/>
  </testcase>
  <testcase name="Then I see the the message &quot;Currently you are not logged into the Book Store application,&quot;" classname="Scenario: Successful logout" time="0">
    <skipped/>
  </testcase>
  <testcase name="Given I open Book Store" classname="Scenario: Register user without ReCaptcha" time="0">
    <system-err><![CDATA[[main] INFO com.codeborne.selenide.impl.WebDriverThreadLocalContainer - No webdriver is bound to current thread: 1 - let's create a new webdriver
[main] INFO com.codeborne.selenide.impl.FileHelper - Creating folder: C:\Users\alexd\Projetos\BookStore_Cucumber\build\downloads\1702286653520_20012_1
[main] INFO com.codeborne.selenide.webdriver.SelenideNettyClientFactory - Changed readTimeout from PT3M to PT1M30S
[main] INFO com.codeborne.selenide.webdriver.SelenideNettyClientFactory - Changed readTimeout from PT3M to PT1M30S
Dec 11, 2023 10:24:16 AM org.openqa.selenium.devtools.CdpVersionFinder findNearestMatch
WARNING: Unable to find an exact match for CDP version 119, so returning the closest version found: 115
[main] INFO com.codeborne.selenide.webdriver.WebDriverFactory - BrowserName=chrome Version=119.0.6045.200 Platform=windows
[main] INFO com.codeborne.selenide.webdriver.WebDriverFactory - Selenide v. 6.17.0
[main] INFO com.codeborne.selenide.webdriver.WebDriverFactory - Selenium WebDriver v. 4.11.0 build revision: 040bc5406b
[main] INFO com.codeborne.selenide.drivercommands.CreateDriverCommand - Created webdriver in thread 1: ChromeDriver -> ChromeDriver: chrome on windows (c28b92d21fbc78655656815d15cc0b3a)
[main] INFO com.codeborne.selenide.drivercommands.DisposablesRegistry - Register WebDriverInstance[config=StaticConfig,webDriver=ChromeDriver: chrome on windows (c28b92d21fbc78655656815d15cc0b3a),proxy=null,downloadsFolder=C:\Users\alexd\Projetos\BookStore_Cucumber\build\downloads\1702286653520_20012_1] in 1 [size=1]
]]></system-err>
  </testcase>
  <testcase name="When I click the Login button on the Book Store page" classname="Scenario: Register user without ReCaptcha" time="0.001"/>
  <testcase name="Then I am on the Login page" classname="Scenario: Register user without ReCaptcha" time="0"/>
  <testcase name="When I click New User button" classname="Scenario: Register user without ReCaptcha" time="0.001"/>
  <testcase name="Then I am on the Registration page" classname="Scenario: Register user without ReCaptcha" time="0"/>
  <testcase name="When I enter the &quot;Neil&quot; in the FirstName input field" classname="Scenario: Register user without ReCaptcha" time="0"/>
  <testcase name="And I enter &quot;Armstrong&quot; in the LastName input field" classname="Scenario: Register user without ReCaptcha" time="0"/>
  <testcase name="And I enter &quot;Neil&quot; in the UserName input field" classname="Scenario: Register user without ReCaptcha" time="0"/>
  <testcase name="And I enter &quot;123Neil321&amp;&quot; password in the Password input field" classname="Scenario: Register user without ReCaptcha" time="0"/>
  <testcase name="And I click the Register button" classname="Scenario: Register user without ReCaptcha" time="0"/>
  <testcase name="Then I see on the Login page &quot;Please verify reCaptcha to register!&quot; message" classname="Scenario: Register user without ReCaptcha" time="0"/>
  <testcase name="" classname="Scenario: Register user without ReCaptcha" time="0.623">
    <system-err><![CDATA[[main] INFO com.codeborne.selenide.impl.FileHelper - Deleted empty folder: C:\Users\alexd\Projetos\BookStore_Cucumber\build\downloads\1702286653520_20012_1
[main] INFO com.codeborne.selenide.drivercommands.CloseDriverCommand - Close webdriver: 1 -> ChromeDriver: chrome on windows (c28b92d21fbc78655656815d15cc0b3a)...
[main] INFO com.codeborne.selenide.drivercommands.CloseDriverCommand - Closed webdriver 1 in 616 ms
[main] INFO com.codeborne.selenide.drivercommands.DisposablesRegistry - Unregister WebDriverInstance[config=StaticConfig,webDriver=ChromeDriver: chrome on windows (null),proxy=null,downloadsFolder=C:\Users\alexd\Projetos\BookStore_Cucumber\build\downloads\1702286653520_20012_1] in 1 [size=0]
]]></system-err>
  </testcase>
</testsuite>